[0.016s] Invoking command in '/home/jons/ros2_ws/build/examples_rclcpp_minimal_publisher': CMAKE_PREFIX_PATH=/opt/ros/humble /usr/bin/cmake /home/jons/ros2_ws/src/examples/rclcpp/topics/minimal_publisher -DAMENT_CMAKE_SYMLINK_INSTALL=1 -DCMAKE_INSTALL_PREFIX=/home/jons/ros2_ws/install/examples_rclcpp_minimal_publisher
[0.154s] -- The C compiler identification is GNU 11.2.0
[0.259s] -- The CXX compiler identification is GNU 11.2.0
[0.274s] -- Detecting C compiler ABI info
[0.435s] -- Detecting C compiler ABI info - done
[0.443s] -- Check for working C compiler: /usr/bin/cc - skipped
[0.443s] -- Detecting C compile features
[0.444s] -- Detecting C compile features - done
[0.449s] -- Detecting CXX compiler ABI info
[0.642s] -- Detecting CXX compiler ABI info - done
[0.651s] -- Check for working CXX compiler: /usr/bin/c++ - skipped
[0.652s] -- Detecting CXX compile features
[0.652s] -- Detecting CXX compile features - done
[0.657s] -- Found ament_cmake: 1.3.2 (/opt/ros/humble/share/ament_cmake/cmake)
[0.917s] -- Found Python3: /usr/bin/python3.10 (found version "3.10.4") found components: Interpreter 
[1.029s] -- Override CMake install command with custom implementation using symlinks instead of copying resources
[1.097s] -- Found rclcpp: 16.0.1 (/opt/ros/humble/share/rclcpp/cmake)
[1.168s] -- Found rosidl_generator_c: 3.1.3 (/opt/ros/humble/share/rosidl_generator_c/cmake)
[1.174s] -- Found rosidl_adapter: 3.1.3 (/opt/ros/humble/share/rosidl_adapter/cmake)
[1.192s] -- Found rosidl_generator_cpp: 3.1.3 (/opt/ros/humble/share/rosidl_generator_cpp/cmake)
[1.214s] -- Using all available rosidl_typesupport_c: rosidl_typesupport_fastrtps_c;rosidl_typesupport_introspection_c
[1.244s] -- Using all available rosidl_typesupport_cpp: rosidl_typesupport_fastrtps_cpp;rosidl_typesupport_introspection_cpp
[1.349s] -- Found rmw_implementation_cmake: 6.1.0 (/opt/ros/humble/share/rmw_implementation_cmake/cmake)
[1.353s] -- Found rmw_fastrtps_cpp: 6.2.1 (/opt/ros/humble/share/rmw_fastrtps_cpp/cmake)
[1.589s] -- Found OpenSSL: /usr/lib/x86_64-linux-gnu/libcrypto.so (found version "3.0.2")  
[1.645s] -- Found FastRTPS: /opt/ros/humble/include  
[1.722s] -- Using RMW implementation 'rmw_fastrtps_cpp' as default
[1.996s] -- Found ament_lint_auto: 0.12.4 (/opt/ros/humble/share/ament_lint_auto/cmake)
[2.141s] -- Added test 'copyright' to check source files copyright and LICENSE
[2.143s] -- Added test 'cppcheck' to perform static code analysis on C / C++ code
[2.143s] -- Configured cppcheck include dirs: 
[2.144s] -- Configured cppcheck exclude dirs and/or files: 
[2.146s] -- Added test 'cpplint' to check C / C++ code against the Google style
[2.146s] -- Configured cpplint exclude dirs and/or files: 
[2.147s] -- Added test 'lint_cmake' to check CMake code style
[2.149s] -- Added test 'uncrustify' to check C / C++ code style
[2.149s] -- Configured uncrustify additional arguments: 
[2.150s] -- Added test 'xmllint' to check XML markup files
[2.153s] -- Configuring done
[2.220s] -- Generating done
[2.225s] -- Build files have been written to: /home/jons/ros2_ws/build/examples_rclcpp_minimal_publisher
[2.249s] Invoked command in '/home/jons/ros2_ws/build/examples_rclcpp_minimal_publisher' returned '0': CMAKE_PREFIX_PATH=/opt/ros/humble /usr/bin/cmake /home/jons/ros2_ws/src/examples/rclcpp/topics/minimal_publisher -DAMENT_CMAKE_SYMLINK_INSTALL=1 -DCMAKE_INSTALL_PREFIX=/home/jons/ros2_ws/install/examples_rclcpp_minimal_publisher
[2.251s] Invoking command in '/home/jons/ros2_ws/build/examples_rclcpp_minimal_publisher': CMAKE_PREFIX_PATH=/opt/ros/humble /usr/bin/cmake --build /home/jons/ros2_ws/build/examples_rclcpp_minimal_publisher -- -j2 -l2
[2.405s] [  8%] [32mBuilding CXX object CMakeFiles/publisher_lambda.dir/lambda.cpp.o[0m
[9.110s] [ 16%] [32m[1mLinking CXX executable publisher_lambda[0m
[9.543s] [ 16%] Built target publisher_lambda
[9.589s] [ 25%] [32mBuilding CXX object CMakeFiles/publisher_member_function.dir/member_function.cpp.o[0m
[16.352s] [ 33%] [32m[1mLinking CXX executable publisher_member_function[0m
[16.777s] [ 33%] Built target publisher_member_function
[16.833s] [ 41%] [32mBuilding CXX object CMakeFiles/publisher_member_function_with_type_adapter.dir/member_function_with_type_adapter.cpp.o[0m
[23.557s] [ 50%] [32m[1mLinking CXX executable publisher_member_function_with_type_adapter[0m
[23.936s] [ 50%] Built target publisher_member_function_with_type_adapter
[23.980s] [ 58%] [32mBuilding CXX object CMakeFiles/publisher_member_function_with_unique_network_flow_endpoints.dir/member_function_with_unique_network_flow_endpoints.cpp.o[0m
[30.778s] [ 66%] [32m[1mLinking CXX executable publisher_member_function_with_unique_network_flow_endpoints[0m
[31.186s] [ 66%] Built target publisher_member_function_with_unique_network_flow_endpoints
[31.227s] [ 75%] [32mBuilding CXX object CMakeFiles/publisher_wait_for_all_acked.dir/member_function_with_wait_for_all_acked.cpp.o[0m
[37.772s] [ 83%] [32m[1mLinking CXX executable publisher_wait_for_all_acked[0m
[38.131s] [ 83%] Built target publisher_wait_for_all_acked
[38.174s] [ 91%] [32mBuilding CXX object CMakeFiles/publisher_not_composable.dir/not_composable.cpp.o[0m
[44.375s] [100%] [32m[1mLinking CXX executable publisher_not_composable[0m
[44.731s] [100%] Built target publisher_not_composable
[44.750s] Invoked command in '/home/jons/ros2_ws/build/examples_rclcpp_minimal_publisher' returned '0': CMAKE_PREFIX_PATH=/opt/ros/humble /usr/bin/cmake --build /home/jons/ros2_ws/build/examples_rclcpp_minimal_publisher -- -j2 -l2
[44.888s] Invoking command in '/home/jons/ros2_ws/build/examples_rclcpp_minimal_publisher': CMAKE_PREFIX_PATH=/opt/ros/humble /usr/bin/cmake --install /home/jons/ros2_ws/build/examples_rclcpp_minimal_publisher
[44.914s] -- Install configuration: ""
[44.916s] -- Execute custom install script
[44.918s] -- Symlinking: /home/jons/ros2_ws/install/examples_rclcpp_minimal_publisher/lib/examples_rclcpp_minimal_publisher/publisher_lambda
[44.941s] -- Symlinking: /home/jons/ros2_ws/install/examples_rclcpp_minimal_publisher/lib/examples_rclcpp_minimal_publisher/publisher_member_function
[44.968s] -- Symlinking: /home/jons/ros2_ws/install/examples_rclcpp_minimal_publisher/lib/examples_rclcpp_minimal_publisher/publisher_member_function_with_type_adapter
[44.996s] -- Symlinking: /home/jons/ros2_ws/install/examples_rclcpp_minimal_publisher/lib/examples_rclcpp_minimal_publisher/publisher_member_function_with_unique_network_flow_endpoints
[45.024s] -- Symlinking: /home/jons/ros2_ws/install/examples_rclcpp_minimal_publisher/lib/examples_rclcpp_minimal_publisher/publisher_wait_for_all_acked
[45.041s] -- Symlinking: /home/jons/ros2_ws/install/examples_rclcpp_minimal_publisher/lib/examples_rclcpp_minimal_publisher/publisher_not_composable
[45.057s] -- Symlinking: /home/jons/ros2_ws/install/examples_rclcpp_minimal_publisher/share/ament_index/resource_index/package_run_dependencies/examples_rclcpp_minimal_publisher
[45.076s] -- Symlinking: /home/jons/ros2_ws/install/examples_rclcpp_minimal_publisher/share/ament_index/resource_index/parent_prefix_path/examples_rclcpp_minimal_publisher
[45.095s] -- Symlinking: /home/jons/ros2_ws/install/examples_rclcpp_minimal_publisher/share/examples_rclcpp_minimal_publisher/environment/ament_prefix_path.sh
[45.121s] -- Symlinking: /home/jons/ros2_ws/install/examples_rclcpp_minimal_publisher/share/examples_rclcpp_minimal_publisher/environment/ament_prefix_path.dsv
[45.137s] -- Symlinking: /home/jons/ros2_ws/install/examples_rclcpp_minimal_publisher/share/examples_rclcpp_minimal_publisher/environment/path.sh
[45.153s] -- Symlinking: /home/jons/ros2_ws/install/examples_rclcpp_minimal_publisher/share/examples_rclcpp_minimal_publisher/environment/path.dsv
[45.179s] -- Symlinking: /home/jons/ros2_ws/install/examples_rclcpp_minimal_publisher/share/examples_rclcpp_minimal_publisher/local_setup.bash
[45.205s] -- Symlinking: /home/jons/ros2_ws/install/examples_rclcpp_minimal_publisher/share/examples_rclcpp_minimal_publisher/local_setup.sh
[45.232s] -- Symlinking: /home/jons/ros2_ws/install/examples_rclcpp_minimal_publisher/share/examples_rclcpp_minimal_publisher/local_setup.zsh
[45.254s] -- Symlinking: /home/jons/ros2_ws/install/examples_rclcpp_minimal_publisher/share/examples_rclcpp_minimal_publisher/local_setup.dsv
[45.275s] -- Symlinking: /home/jons/ros2_ws/install/examples_rclcpp_minimal_publisher/share/examples_rclcpp_minimal_publisher/package.dsv
[45.303s] -- Symlinking: /home/jons/ros2_ws/install/examples_rclcpp_minimal_publisher/share/ament_index/resource_index/packages/examples_rclcpp_minimal_publisher
[45.324s] -- Symlinking: /home/jons/ros2_ws/install/examples_rclcpp_minimal_publisher/share/examples_rclcpp_minimal_publisher/cmake/examples_rclcpp_minimal_publisherConfig.cmake
[45.342s] -- Symlinking: /home/jons/ros2_ws/install/examples_rclcpp_minimal_publisher/share/examples_rclcpp_minimal_publisher/cmake/examples_rclcpp_minimal_publisherConfig-version.cmake
[45.358s] -- Symlinking: /home/jons/ros2_ws/install/examples_rclcpp_minimal_publisher/share/examples_rclcpp_minimal_publisher/package.xml
[45.388s] Invoked command in '/home/jons/ros2_ws/build/examples_rclcpp_minimal_publisher' returned '0': CMAKE_PREFIX_PATH=/opt/ros/humble /usr/bin/cmake --install /home/jons/ros2_ws/build/examples_rclcpp_minimal_publisher
