[1.476s] Invoking command in '/home/jons/ros2_ws/src/py_srvcli': PYTHONPATH=/home/jons/ros2_ws/install/py_srvcli/lib/python3.10/site-packages:${PYTHONPATH} /usr/bin/python3 setup.py egg_info --egg-base ../../build/py_srvcli build --build-base /home/jons/ros2_ws/build/py_srvcli/build install --prefix /home/jons/ros2_ws/install/py_srvcli --record /home/jons/ros2_ws/build/py_srvcli/install.log --single-version-externally-managed
[1.910s] running egg_info
[1.911s] writing ../../build/py_srvcli/py_srvcli.egg-info/PKG-INFO
[1.919s] writing dependency_links to ../../build/py_srvcli/py_srvcli.egg-info/dependency_links.txt
[1.920s] writing entry points to ../../build/py_srvcli/py_srvcli.egg-info/entry_points.txt
[1.920s] writing requirements to ../../build/py_srvcli/py_srvcli.egg-info/requires.txt
[1.920s] writing top-level names to ../../build/py_srvcli/py_srvcli.egg-info/top_level.txt
[1.925s] reading manifest file '../../build/py_srvcli/py_srvcli.egg-info/SOURCES.txt'
[1.928s] writing manifest file '../../build/py_srvcli/py_srvcli.egg-info/SOURCES.txt'
[1.928s] running build
[1.928s] running build_py
[1.930s] copying py_srvcli/client_member_function.py -> /home/jons/ros2_ws/build/py_srvcli/build/lib/py_srvcli
[1.930s] copying py_srvcli/service_member_function.py -> /home/jons/ros2_ws/build/py_srvcli/build/lib/py_srvcli
[1.931s] running install
[1.931s] /usr/lib/python3/dist-packages/setuptools/command/install.py:34: SetuptoolsDeprecationWarning: setup.py install is deprecated. Use build and pip and other standards-based tools.
[1.931s]   warnings.warn(
[1.932s] running install_lib
[1.934s] copying /home/jons/ros2_ws/build/py_srvcli/build/lib/py_srvcli/client_member_function.py -> /home/jons/ros2_ws/install/py_srvcli/lib/python3.10/site-packages/py_srvcli
[1.934s] copying /home/jons/ros2_ws/build/py_srvcli/build/lib/py_srvcli/service_member_function.py -> /home/jons/ros2_ws/install/py_srvcli/lib/python3.10/site-packages/py_srvcli
[1.935s] byte-compiling /home/jons/ros2_ws/install/py_srvcli/lib/python3.10/site-packages/py_srvcli/client_member_function.py to client_member_function.cpython-310.pyc
[1.937s] byte-compiling /home/jons/ros2_ws/install/py_srvcli/lib/python3.10/site-packages/py_srvcli/service_member_function.py to service_member_function.cpython-310.pyc
[1.938s] running install_data
[1.945s] copying package.xml -> /home/jons/ros2_ws/install/py_srvcli/share/py_srvcli
[1.945s] running install_egg_info
[1.945s] removing '/home/jons/ros2_ws/install/py_srvcli/lib/python3.10/site-packages/py_srvcli-0.0.0-py3.10.egg-info' (and everything under it)
[1.946s] Copying ../../build/py_srvcli/py_srvcli.egg-info to /home/jons/ros2_ws/install/py_srvcli/lib/python3.10/site-packages/py_srvcli-0.0.0-py3.10.egg-info
[1.949s] running install_scripts
[1.987s] Installing client script to /home/jons/ros2_ws/install/py_srvcli/lib/py_srvcli
[1.991s] Installing service script to /home/jons/ros2_ws/install/py_srvcli/lib/py_srvcli
[1.992s] writing list of installed files to '/home/jons/ros2_ws/build/py_srvcli/install.log'
[2.031s] Invoked command in '/home/jons/ros2_ws/src/py_srvcli' returned '0': PYTHONPATH=/home/jons/ros2_ws/install/py_srvcli/lib/python3.10/site-packages:${PYTHONPATH} /usr/bin/python3 setup.py egg_info --egg-base ../../build/py_srvcli build --build-base /home/jons/ros2_ws/build/py_srvcli/build install --prefix /home/jons/ros2_ws/install/py_srvcli --record /home/jons/ros2_ws/build/py_srvcli/install.log --single-version-externally-managed
