[0.044s] Invoking command in '/home/jons/launch_ws/build/launch_tutorial': CMAKE_PREFIX_PATH=${CMAKE_PREFIX_PATH}:/home/jons/launch_ws/install/py_launch_example:/home/jons/ros2_ws/install/py_srvcli:/home/jons/ros2_ws/install/py_pubsub:/home/jons/ros2_ws/install/launch_testing_examples:/home/jons/ros2_ws/install/examples_rclpy_pointcloud_publisher:/home/jons/ros2_ws/install/examples_rclpy_minimal_subscriber:/home/jons/ros2_ws/install/examples_rclpy_minimal_service:/home/jons/ros2_ws/install/examples_rclpy_minimal_publisher:/home/jons/ros2_ws/install/examples_rclpy_minimal_client:/home/jons/ros2_ws/install/examples_rclpy_minimal_action_server:/home/jons/ros2_ws/install/examples_rclpy_minimal_action_client:/home/jons/ros2_ws/install/examples_rclpy_guard_conditions:/home/jons/ros2_ws/install/examples_rclpy_executors:/opt/ros/humble /usr/bin/cmake /home/jons/launch_ws/src/launch_tutorial -DCMAKE_INSTALL_PREFIX=/home/jons/launch_ws/install/launch_tutorial
[0.210s] -- The C compiler identification is GNU 11.2.0
[0.364s] -- The CXX compiler identification is GNU 11.2.0
[0.386s] -- Detecting C compiler ABI info
[0.618s] -- Detecting C compiler ABI info - done
[0.632s] -- Check for working C compiler: /usr/bin/cc - skipped
[0.632s] -- Detecting C compile features
[0.632s] -- Detecting C compile features - done
[0.638s] -- Detecting CXX compiler ABI info
[0.869s] -- Detecting CXX compiler ABI info - done
[0.881s] -- Check for working CXX compiler: /usr/bin/c++ - skipped
[0.882s] -- Detecting CXX compile features
[0.883s] -- Detecting CXX compile features - done
[0.917s] -- Found ament_cmake: 1.3.2 (/opt/ros/humble/share/ament_cmake/cmake)
[1.406s] -- Found Python3: /usr/bin/python3.10 (found version "3.10.6") found components: Interpreter 
[1.822s] -- Found ament_lint_auto: 0.12.4 (/opt/ros/humble/share/ament_lint_auto/cmake)
[2.126s] -- Added test 'flake8' to check Python code syntax and style conventions
[2.130s] -- Added test 'lint_cmake' to check CMake code style
[2.135s] -- Added test 'pep257' to check Python code against some of the docstring style conventions in PEP 257
[2.142s] -- Added test 'xmllint' to check XML markup files
[2.150s] -- Configuring done
[2.160s] -- Generating done
[2.164s] -- Build files have been written to: /home/jons/launch_ws/build/launch_tutorial
[2.175s] Invoked command in '/home/jons/launch_ws/build/launch_tutorial' returned '0': CMAKE_PREFIX_PATH=${CMAKE_PREFIX_PATH}:/home/jons/launch_ws/install/py_launch_example:/home/jons/ros2_ws/install/py_srvcli:/home/jons/ros2_ws/install/py_pubsub:/home/jons/ros2_ws/install/launch_testing_examples:/home/jons/ros2_ws/install/examples_rclpy_pointcloud_publisher:/home/jons/ros2_ws/install/examples_rclpy_minimal_subscriber:/home/jons/ros2_ws/install/examples_rclpy_minimal_service:/home/jons/ros2_ws/install/examples_rclpy_minimal_publisher:/home/jons/ros2_ws/install/examples_rclpy_minimal_client:/home/jons/ros2_ws/install/examples_rclpy_minimal_action_server:/home/jons/ros2_ws/install/examples_rclpy_minimal_action_client:/home/jons/ros2_ws/install/examples_rclpy_guard_conditions:/home/jons/ros2_ws/install/examples_rclpy_executors:/opt/ros/humble /usr/bin/cmake /home/jons/launch_ws/src/launch_tutorial -DCMAKE_INSTALL_PREFIX=/home/jons/launch_ws/install/launch_tutorial
[2.180s] Invoking command in '/home/jons/launch_ws/build/launch_tutorial': CMAKE_PREFIX_PATH=${CMAKE_PREFIX_PATH}:/home/jons/launch_ws/install/py_launch_example:/home/jons/ros2_ws/install/py_srvcli:/home/jons/ros2_ws/install/py_pubsub:/home/jons/ros2_ws/install/launch_testing_examples:/home/jons/ros2_ws/install/examples_rclpy_pointcloud_publisher:/home/jons/ros2_ws/install/examples_rclpy_minimal_subscriber:/home/jons/ros2_ws/install/examples_rclpy_minimal_service:/home/jons/ros2_ws/install/examples_rclpy_minimal_publisher:/home/jons/ros2_ws/install/examples_rclpy_minimal_client:/home/jons/ros2_ws/install/examples_rclpy_minimal_action_server:/home/jons/ros2_ws/install/examples_rclpy_minimal_action_client:/home/jons/ros2_ws/install/examples_rclpy_guard_conditions:/home/jons/ros2_ws/install/examples_rclpy_executors:/opt/ros/humble /usr/bin/cmake --build /home/jons/launch_ws/build/launch_tutorial -- -j2 -l2
[2.294s] Invoked command in '/home/jons/launch_ws/build/launch_tutorial' returned '0': CMAKE_PREFIX_PATH=${CMAKE_PREFIX_PATH}:/home/jons/launch_ws/install/py_launch_example:/home/jons/ros2_ws/install/py_srvcli:/home/jons/ros2_ws/install/py_pubsub:/home/jons/ros2_ws/install/launch_testing_examples:/home/jons/ros2_ws/install/examples_rclpy_pointcloud_publisher:/home/jons/ros2_ws/install/examples_rclpy_minimal_subscriber:/home/jons/ros2_ws/install/examples_rclpy_minimal_service:/home/jons/ros2_ws/install/examples_rclpy_minimal_publisher:/home/jons/ros2_ws/install/examples_rclpy_minimal_client:/home/jons/ros2_ws/install/examples_rclpy_minimal_action_server:/home/jons/ros2_ws/install/examples_rclpy_minimal_action_client:/home/jons/ros2_ws/install/examples_rclpy_guard_conditions:/home/jons/ros2_ws/install/examples_rclpy_executors:/opt/ros/humble /usr/bin/cmake --build /home/jons/launch_ws/build/launch_tutorial -- -j2 -l2
[2.414s] Invoking command in '/home/jons/launch_ws/build/launch_tutorial': CMAKE_PREFIX_PATH=${CMAKE_PREFIX_PATH}:/home/jons/launch_ws/install/py_launch_example:/home/jons/ros2_ws/install/py_srvcli:/home/jons/ros2_ws/install/py_pubsub:/home/jons/ros2_ws/install/launch_testing_examples:/home/jons/ros2_ws/install/examples_rclpy_pointcloud_publisher:/home/jons/ros2_ws/install/examples_rclpy_minimal_subscriber:/home/jons/ros2_ws/install/examples_rclpy_minimal_service:/home/jons/ros2_ws/install/examples_rclpy_minimal_publisher:/home/jons/ros2_ws/install/examples_rclpy_minimal_client:/home/jons/ros2_ws/install/examples_rclpy_minimal_action_server:/home/jons/ros2_ws/install/examples_rclpy_minimal_action_client:/home/jons/ros2_ws/install/examples_rclpy_guard_conditions:/home/jons/ros2_ws/install/examples_rclpy_executors:/opt/ros/humble /usr/bin/cmake --install /home/jons/launch_ws/build/launch_tutorial
[2.438s] -- Install configuration: ""
[2.439s] -- Installing: /home/jons/launch_ws/install/launch_tutorial/share/ament_index/resource_index/package_run_dependencies/launch_tutorial
[2.440s] -- Installing: /home/jons/launch_ws/install/launch_tutorial/share/ament_index/resource_index/parent_prefix_path/launch_tutorial
[2.442s] -- Installing: /home/jons/launch_ws/install/launch_tutorial/share/launch_tutorial/environment/ament_prefix_path.sh
[2.443s] -- Installing: /home/jons/launch_ws/install/launch_tutorial/share/launch_tutorial/environment/ament_prefix_path.dsv
[2.444s] -- Installing: /home/jons/launch_ws/install/launch_tutorial/share/launch_tutorial/environment/path.sh
[2.448s] -- Installing: /home/jons/launch_ws/install/launch_tutorial/share/launch_tutorial/environment/path.dsv
[2.448s] -- Installing: /home/jons/launch_ws/install/launch_tutorial/share/launch_tutorial/local_setup.bash
[2.448s] -- Installing: /home/jons/launch_ws/install/launch_tutorial/share/launch_tutorial/local_setup.sh
[2.449s] -- Installing: /home/jons/launch_ws/install/launch_tutorial/share/launch_tutorial/local_setup.zsh
[2.449s] -- Installing: /home/jons/launch_ws/install/launch_tutorial/share/launch_tutorial/local_setup.dsv
[2.450s] -- Installing: /home/jons/launch_ws/install/launch_tutorial/share/launch_tutorial/package.dsv
[2.450s] -- Installing: /home/jons/launch_ws/install/launch_tutorial/share/ament_index/resource_index/packages/launch_tutorial
[2.451s] -- Installing: /home/jons/launch_ws/install/launch_tutorial/share/launch_tutorial/cmake/launch_tutorialConfig.cmake
[2.452s] -- Installing: /home/jons/launch_ws/install/launch_tutorial/share/launch_tutorial/cmake/launch_tutorialConfig-version.cmake
[2.453s] -- Installing: /home/jons/launch_ws/install/launch_tutorial/share/launch_tutorial/package.xml
[2.458s] Invoked command in '/home/jons/launch_ws/build/launch_tutorial' returned '0': CMAKE_PREFIX_PATH=${CMAKE_PREFIX_PATH}:/home/jons/launch_ws/install/py_launch_example:/home/jons/ros2_ws/install/py_srvcli:/home/jons/ros2_ws/install/py_pubsub:/home/jons/ros2_ws/install/launch_testing_examples:/home/jons/ros2_ws/install/examples_rclpy_pointcloud_publisher:/home/jons/ros2_ws/install/examples_rclpy_minimal_subscriber:/home/jons/ros2_ws/install/examples_rclpy_minimal_service:/home/jons/ros2_ws/install/examples_rclpy_minimal_publisher:/home/jons/ros2_ws/install/examples_rclpy_minimal_client:/home/jons/ros2_ws/install/examples_rclpy_minimal_action_server:/home/jons/ros2_ws/install/examples_rclpy_minimal_action_client:/home/jons/ros2_ws/install/examples_rclpy_guard_conditions:/home/jons/ros2_ws/install/examples_rclpy_executors:/opt/ros/humble /usr/bin/cmake --install /home/jons/launch_ws/build/launch_tutorial
