[0.015s] Invoking command in '/home/jons/ros2_ws/build/examples_rclcpp_multithreaded_executor': CMAKE_PREFIX_PATH=/opt/ros/humble /usr/bin/cmake /home/jons/ros2_ws/src/examples/rclcpp/executors/multithreaded_executor -DAMENT_CMAKE_SYMLINK_INSTALL=1 -DCMAKE_INSTALL_PREFIX=/home/jons/ros2_ws/install/examples_rclcpp_multithreaded_executor
[0.129s] -- The C compiler identification is GNU 11.2.0
[0.238s] -- The CXX compiler identification is GNU 11.2.0
[0.253s] -- Detecting C compiler ABI info
[0.438s] -- Detecting C compiler ABI info - done
[0.454s] -- Check for working C compiler: /usr/bin/cc - skipped
[0.455s] -- Detecting C compile features
[0.457s] -- Detecting C compile features - done
[0.466s] -- Detecting CXX compiler ABI info
[0.654s] -- Detecting CXX compiler ABI info - done
[0.665s] -- Check for working CXX compiler: /usr/bin/c++ - skipped
[0.665s] -- Detecting CXX compile features
[0.666s] -- Detecting CXX compile features - done
[0.670s] -- Found ament_cmake: 1.3.2 (/opt/ros/humble/share/ament_cmake/cmake)
[0.964s] -- Found Python3: /usr/bin/python3.10 (found version "3.10.4") found components: Interpreter 
[1.053s] -- Override CMake install command with custom implementation using symlinks instead of copying resources
[1.092s] -- Found rclcpp: 16.0.1 (/opt/ros/humble/share/rclcpp/cmake)
[1.160s] -- Found rosidl_generator_c: 3.1.3 (/opt/ros/humble/share/rosidl_generator_c/cmake)
[1.167s] -- Found rosidl_adapter: 3.1.3 (/opt/ros/humble/share/rosidl_adapter/cmake)
[1.187s] -- Found rosidl_generator_cpp: 3.1.3 (/opt/ros/humble/share/rosidl_generator_cpp/cmake)
[1.208s] -- Using all available rosidl_typesupport_c: rosidl_typesupport_fastrtps_c;rosidl_typesupport_introspection_c
[1.238s] -- Using all available rosidl_typesupport_cpp: rosidl_typesupport_fastrtps_cpp;rosidl_typesupport_introspection_cpp
[1.395s] -- Found rmw_implementation_cmake: 6.1.0 (/opt/ros/humble/share/rmw_implementation_cmake/cmake)
[1.398s] -- Found rmw_fastrtps_cpp: 6.2.1 (/opt/ros/humble/share/rmw_fastrtps_cpp/cmake)
[1.581s] -- Found OpenSSL: /usr/lib/x86_64-linux-gnu/libcrypto.so (found version "3.0.2")  
[1.617s] -- Found FastRTPS: /opt/ros/humble/include  
[1.690s] -- Using RMW implementation 'rmw_fastrtps_cpp' as default
[1.922s] -- Found ament_lint_auto: 0.12.4 (/opt/ros/humble/share/ament_lint_auto/cmake)
[2.049s] -- Added test 'copyright' to check source files copyright and LICENSE
[2.051s] -- Added test 'cppcheck' to perform static code analysis on C / C++ code
[2.051s] -- Configured cppcheck include dirs: 
[2.052s] -- Configured cppcheck exclude dirs and/or files: 
[2.053s] -- Added test 'cpplint' to check C / C++ code against the Google style
[2.053s] -- Configured cpplint exclude dirs and/or files: 
[2.054s] -- Added test 'lint_cmake' to check CMake code style
[2.056s] -- Added test 'uncrustify' to check C / C++ code style
[2.056s] -- Configured uncrustify additional arguments: 
[2.057s] -- Added test 'xmllint' to check XML markup files
[2.060s] -- Configuring done
[2.092s] -- Generating done
[2.095s] -- Build files have been written to: /home/jons/ros2_ws/build/examples_rclcpp_multithreaded_executor
[2.111s] Invoked command in '/home/jons/ros2_ws/build/examples_rclcpp_multithreaded_executor' returned '0': CMAKE_PREFIX_PATH=/opt/ros/humble /usr/bin/cmake /home/jons/ros2_ws/src/examples/rclcpp/executors/multithreaded_executor -DAMENT_CMAKE_SYMLINK_INSTALL=1 -DCMAKE_INSTALL_PREFIX=/home/jons/ros2_ws/install/examples_rclcpp_multithreaded_executor
[2.114s] Invoking command in '/home/jons/ros2_ws/build/examples_rclcpp_multithreaded_executor': CMAKE_PREFIX_PATH=/opt/ros/humble /usr/bin/cmake --build /home/jons/ros2_ws/build/examples_rclcpp_multithreaded_executor -- -j2 -l2
[2.235s] [ 50%] [32mBuilding CXX object CMakeFiles/multithreaded_executor.dir/multithreaded_executor.cpp.o[0m
[14.453s] [100%] [32m[1mLinking CXX executable multithreaded_executor[0m
[15.124s] [100%] Built target multithreaded_executor
[15.154s] Invoked command in '/home/jons/ros2_ws/build/examples_rclcpp_multithreaded_executor' returned '0': CMAKE_PREFIX_PATH=/opt/ros/humble /usr/bin/cmake --build /home/jons/ros2_ws/build/examples_rclcpp_multithreaded_executor -- -j2 -l2
[15.237s] Invoking command in '/home/jons/ros2_ws/build/examples_rclcpp_multithreaded_executor': CMAKE_PREFIX_PATH=/opt/ros/humble /usr/bin/cmake --install /home/jons/ros2_ws/build/examples_rclcpp_multithreaded_executor
[15.251s] -- Install configuration: ""
[15.252s] -- Execute custom install script
[15.253s] -- Symlinking: /home/jons/ros2_ws/install/examples_rclcpp_multithreaded_executor/lib/examples_rclcpp_multithreaded_executor/multithreaded_executor
[15.273s] -- Symlinking: /home/jons/ros2_ws/install/examples_rclcpp_multithreaded_executor/share/ament_index/resource_index/package_run_dependencies/examples_rclcpp_multithreaded_executor
[15.288s] -- Symlinking: /home/jons/ros2_ws/install/examples_rclcpp_multithreaded_executor/share/ament_index/resource_index/parent_prefix_path/examples_rclcpp_multithreaded_executor
[15.312s] -- Symlinking: /home/jons/ros2_ws/install/examples_rclcpp_multithreaded_executor/share/examples_rclcpp_multithreaded_executor/environment/ament_prefix_path.sh
[15.336s] -- Symlinking: /home/jons/ros2_ws/install/examples_rclcpp_multithreaded_executor/share/examples_rclcpp_multithreaded_executor/environment/ament_prefix_path.dsv
[15.354s] -- Symlinking: /home/jons/ros2_ws/install/examples_rclcpp_multithreaded_executor/share/examples_rclcpp_multithreaded_executor/environment/path.sh
[15.370s] -- Symlinking: /home/jons/ros2_ws/install/examples_rclcpp_multithreaded_executor/share/examples_rclcpp_multithreaded_executor/environment/path.dsv
[15.386s] -- Symlinking: /home/jons/ros2_ws/install/examples_rclcpp_multithreaded_executor/share/examples_rclcpp_multithreaded_executor/local_setup.bash
[15.401s] -- Symlinking: /home/jons/ros2_ws/install/examples_rclcpp_multithreaded_executor/share/examples_rclcpp_multithreaded_executor/local_setup.sh
[15.422s] -- Symlinking: /home/jons/ros2_ws/install/examples_rclcpp_multithreaded_executor/share/examples_rclcpp_multithreaded_executor/local_setup.zsh
[15.440s] -- Symlinking: /home/jons/ros2_ws/install/examples_rclcpp_multithreaded_executor/share/examples_rclcpp_multithreaded_executor/local_setup.dsv
[15.455s] -- Symlinking: /home/jons/ros2_ws/install/examples_rclcpp_multithreaded_executor/share/examples_rclcpp_multithreaded_executor/package.dsv
[15.471s] -- Symlinking: /home/jons/ros2_ws/install/examples_rclcpp_multithreaded_executor/share/ament_index/resource_index/packages/examples_rclcpp_multithreaded_executor
[15.487s] -- Symlinking: /home/jons/ros2_ws/install/examples_rclcpp_multithreaded_executor/share/examples_rclcpp_multithreaded_executor/cmake/examples_rclcpp_multithreaded_executorConfig.cmake
[15.506s] -- Symlinking: /home/jons/ros2_ws/install/examples_rclcpp_multithreaded_executor/share/examples_rclcpp_multithreaded_executor/cmake/examples_rclcpp_multithreaded_executorConfig-version.cmake
[15.529s] -- Symlinking: /home/jons/ros2_ws/install/examples_rclcpp_multithreaded_executor/share/examples_rclcpp_multithreaded_executor/package.xml
[15.552s] Invoked command in '/home/jons/ros2_ws/build/examples_rclcpp_multithreaded_executor' returned '0': CMAKE_PREFIX_PATH=/opt/ros/humble /usr/bin/cmake --install /home/jons/ros2_ws/build/examples_rclcpp_multithreaded_executor
