[1.483s] Invoking command in '/home/jons/ros2_ws/src/py_pubsub': PYTHONPATH=/home/jons/ros2_ws/src/install/py_pubsub/lib/python3.10/site-packages:${PYTHONPATH} /usr/bin/python3 setup.py egg_info --egg-base ../build/py_pubsub build --build-base /home/jons/ros2_ws/src/build/py_pubsub/build install --prefix /home/jons/ros2_ws/src/install/py_pubsub --record /home/jons/ros2_ws/src/build/py_pubsub/install.log --single-version-externally-managed
[1.956s] running egg_info
[1.957s] creating ../build/py_pubsub/py_pubsub.egg-info
[1.958s] writing ../build/py_pubsub/py_pubsub.egg-info/PKG-INFO
[1.959s] writing dependency_links to ../build/py_pubsub/py_pubsub.egg-info/dependency_links.txt
[1.960s] writing entry points to ../build/py_pubsub/py_pubsub.egg-info/entry_points.txt
[1.960s] writing requirements to ../build/py_pubsub/py_pubsub.egg-info/requires.txt
[1.961s] writing top-level names to ../build/py_pubsub/py_pubsub.egg-info/top_level.txt
[1.962s] writing manifest file '../build/py_pubsub/py_pubsub.egg-info/SOURCES.txt'
[1.973s] reading manifest file '../build/py_pubsub/py_pubsub.egg-info/SOURCES.txt'
[1.974s] writing manifest file '../build/py_pubsub/py_pubsub.egg-info/SOURCES.txt'
[1.975s] running build
[1.976s] running build_py
[1.977s] creating /home/jons/ros2_ws/src/build/py_pubsub/build
[1.977s] creating /home/jons/ros2_ws/src/build/py_pubsub/build/lib
[1.978s] creating /home/jons/ros2_ws/src/build/py_pubsub/build/lib/py_pubsub
[1.978s] copying py_pubsub/subscriber_member_function.py -> /home/jons/ros2_ws/src/build/py_pubsub/build/lib/py_pubsub
[1.978s] copying py_pubsub/publisher_member_function.py -> /home/jons/ros2_ws/src/build/py_pubsub/build/lib/py_pubsub
[1.979s] copying py_pubsub/__init__.py -> /home/jons/ros2_ws/src/build/py_pubsub/build/lib/py_pubsub
[1.980s] running install
[1.981s] /usr/lib/python3/dist-packages/setuptools/command/install.py:34: SetuptoolsDeprecationWarning: setup.py install is deprecated. Use build and pip and other standards-based tools.
[1.981s]   warnings.warn(
[1.982s] running install_lib
[1.984s] creating /home/jons/ros2_ws/src/install/py_pubsub/lib/python3.10/site-packages/py_pubsub
[1.985s] copying /home/jons/ros2_ws/src/build/py_pubsub/build/lib/py_pubsub/subscriber_member_function.py -> /home/jons/ros2_ws/src/install/py_pubsub/lib/python3.10/site-packages/py_pubsub
[1.985s] copying /home/jons/ros2_ws/src/build/py_pubsub/build/lib/py_pubsub/publisher_member_function.py -> /home/jons/ros2_ws/src/install/py_pubsub/lib/python3.10/site-packages/py_pubsub
[1.986s] copying /home/jons/ros2_ws/src/build/py_pubsub/build/lib/py_pubsub/__init__.py -> /home/jons/ros2_ws/src/install/py_pubsub/lib/python3.10/site-packages/py_pubsub
[1.988s] byte-compiling /home/jons/ros2_ws/src/install/py_pubsub/lib/python3.10/site-packages/py_pubsub/subscriber_member_function.py to subscriber_member_function.cpython-310.pyc
[1.989s] byte-compiling /home/jons/ros2_ws/src/install/py_pubsub/lib/python3.10/site-packages/py_pubsub/publisher_member_function.py to publisher_member_function.cpython-310.pyc
[1.990s] byte-compiling /home/jons/ros2_ws/src/install/py_pubsub/lib/python3.10/site-packages/py_pubsub/__init__.py to __init__.cpython-310.pyc
[1.991s] running install_data
[1.992s] creating /home/jons/ros2_ws/src/install/py_pubsub/share/ament_index
[1.993s] creating /home/jons/ros2_ws/src/install/py_pubsub/share/ament_index/resource_index
[1.993s] creating /home/jons/ros2_ws/src/install/py_pubsub/share/ament_index/resource_index/packages
[1.994s] copying resource/py_pubsub -> /home/jons/ros2_ws/src/install/py_pubsub/share/ament_index/resource_index/packages
[1.995s] copying package.xml -> /home/jons/ros2_ws/src/install/py_pubsub/share/py_pubsub
[1.995s] running install_egg_info
[1.998s] Copying ../build/py_pubsub/py_pubsub.egg-info to /home/jons/ros2_ws/src/install/py_pubsub/lib/python3.10/site-packages/py_pubsub-0.0.0-py3.10.egg-info
[2.000s] running install_scripts
[2.037s] Installing listener script to /home/jons/ros2_ws/src/install/py_pubsub/lib/py_pubsub
[2.038s] Installing talker script to /home/jons/ros2_ws/src/install/py_pubsub/lib/py_pubsub
[2.039s] writing list of installed files to '/home/jons/ros2_ws/src/build/py_pubsub/install.log'
[2.075s] Invoked command in '/home/jons/ros2_ws/src/py_pubsub' returned '0': PYTHONPATH=/home/jons/ros2_ws/src/install/py_pubsub/lib/python3.10/site-packages:${PYTHONPATH} /usr/bin/python3 setup.py egg_info --egg-base ../build/py_pubsub build --build-base /home/jons/ros2_ws/src/build/py_pubsub/build install --prefix /home/jons/ros2_ws/src/install/py_pubsub --record /home/jons/ros2_ws/src/build/py_pubsub/install.log --single-version-externally-managed
