[1.265s] Invoking command in '/home/jons/ros2_ws/src/py_pubsub': PYTHONPATH=/home/jons/ros2_ws/src/install/py_pubsub/lib/python3.10/site-packages:${PYTHONPATH} /usr/bin/python3 setup.py egg_info --egg-base ../build/py_pubsub build --build-base /home/jons/ros2_ws/src/build/py_pubsub/build install --prefix /home/jons/ros2_ws/src/install/py_pubsub --record /home/jons/ros2_ws/src/build/py_pubsub/install.log --single-version-externally-managed
[1.784s] running egg_info
[1.785s] writing ../build/py_pubsub/py_pubsub.egg-info/PKG-INFO
[1.787s] writing dependency_links to ../build/py_pubsub/py_pubsub.egg-info/dependency_links.txt
[1.788s] writing entry points to ../build/py_pubsub/py_pubsub.egg-info/entry_points.txt
[1.789s] writing requirements to ../build/py_pubsub/py_pubsub.egg-info/requires.txt
[1.790s] writing top-level names to ../build/py_pubsub/py_pubsub.egg-info/top_level.txt
[1.794s] reading manifest file '../build/py_pubsub/py_pubsub.egg-info/SOURCES.txt'
[1.796s] writing manifest file '../build/py_pubsub/py_pubsub.egg-info/SOURCES.txt'
[1.796s] running build
[1.797s] running build_py
[1.799s] copying py_pubsub/subscriber_member_function.py -> /home/jons/ros2_ws/src/build/py_pubsub/build/lib/py_pubsub
[1.800s] copying py_pubsub/publisher_member_function.py -> /home/jons/ros2_ws/src/build/py_pubsub/build/lib/py_pubsub
[1.801s] running install
[1.802s] /usr/lib/python3/dist-packages/setuptools/command/install.py:34: SetuptoolsDeprecationWarning: setup.py install is deprecated. Use build and pip and other standards-based tools.
[1.802s]   warnings.warn(
[1.804s] running install_lib
[1.807s] copying /home/jons/ros2_ws/src/build/py_pubsub/build/lib/py_pubsub/subscriber_member_function.py -> /home/jons/ros2_ws/src/install/py_pubsub/lib/python3.10/site-packages/py_pubsub
[1.808s] copying /home/jons/ros2_ws/src/build/py_pubsub/build/lib/py_pubsub/publisher_member_function.py -> /home/jons/ros2_ws/src/install/py_pubsub/lib/python3.10/site-packages/py_pubsub
[1.809s] byte-compiling /home/jons/ros2_ws/src/install/py_pubsub/lib/python3.10/site-packages/py_pubsub/subscriber_member_function.py to subscriber_member_function.cpython-310.pyc
[1.811s] byte-compiling /home/jons/ros2_ws/src/install/py_pubsub/lib/python3.10/site-packages/py_pubsub/publisher_member_function.py to publisher_member_function.cpython-310.pyc
[1.812s] running install_data
[1.815s] copying package.xml -> /home/jons/ros2_ws/src/install/py_pubsub/share/py_pubsub
[1.815s] running install_egg_info
[1.819s] removing '/home/jons/ros2_ws/src/install/py_pubsub/lib/python3.10/site-packages/py_pubsub-0.0.0-py3.10.egg-info' (and everything under it)
[1.820s] Copying ../build/py_pubsub/py_pubsub.egg-info to /home/jons/ros2_ws/src/install/py_pubsub/lib/python3.10/site-packages/py_pubsub-0.0.0-py3.10.egg-info
[1.822s] running install_scripts
[1.874s] Installing listener script to /home/jons/ros2_ws/src/install/py_pubsub/lib/py_pubsub
[1.876s] Installing talker script to /home/jons/ros2_ws/src/install/py_pubsub/lib/py_pubsub
[1.877s] writing list of installed files to '/home/jons/ros2_ws/src/build/py_pubsub/install.log'
[1.924s] Invoked command in '/home/jons/ros2_ws/src/py_pubsub' returned '0': PYTHONPATH=/home/jons/ros2_ws/src/install/py_pubsub/lib/python3.10/site-packages:${PYTHONPATH} /usr/bin/python3 setup.py egg_info --egg-base ../build/py_pubsub build --build-base /home/jons/ros2_ws/src/build/py_pubsub/build install --prefix /home/jons/ros2_ws/src/install/py_pubsub --record /home/jons/ros2_ws/src/build/py_pubsub/install.log --single-version-externally-managed
