[0.041s] Invoking command in '/home/jons/ros2_ws/build/examples_rclcpp_minimal_action_client': CMAKE_PREFIX_PATH=${CMAKE_PREFIX_PATH}:/home/jons/ros2_ws/install/py_srvcli:/home/jons/ros2_ws/install/py_pubsub:/home/jons/ros2_ws/install/launch_testing_examples:/home/jons/ros2_ws/install/examples_rclpy_pointcloud_publisher:/home/jons/ros2_ws/install/examples_rclpy_minimal_subscriber:/home/jons/ros2_ws/install/examples_rclpy_minimal_service:/home/jons/ros2_ws/install/examples_rclpy_minimal_publisher:/home/jons/ros2_ws/install/examples_rclpy_minimal_client:/home/jons/ros2_ws/install/examples_rclpy_minimal_action_server:/home/jons/ros2_ws/install/examples_rclpy_minimal_action_client:/home/jons/ros2_ws/install/examples_rclpy_guard_conditions:/home/jons/ros2_ws/install/examples_rclpy_executors:/opt/ros/humble /usr/bin/cmake --build /home/jons/ros2_ws/build/examples_rclcpp_minimal_action_client -- -j2 -l2
[0.263s] [ 25%] Built target action_client_not_composable
[0.274s] [ 50%] Built target action_client_member_functions
[0.387s] [ 75%] Built target action_client_not_composable_with_cancel
[0.388s] [100%] Built target action_client_not_composable_with_feedback
[0.412s] Invoked command in '/home/jons/ros2_ws/build/examples_rclcpp_minimal_action_client' returned '0': CMAKE_PREFIX_PATH=${CMAKE_PREFIX_PATH}:/home/jons/ros2_ws/install/py_srvcli:/home/jons/ros2_ws/install/py_pubsub:/home/jons/ros2_ws/install/launch_testing_examples:/home/jons/ros2_ws/install/examples_rclpy_pointcloud_publisher:/home/jons/ros2_ws/install/examples_rclpy_minimal_subscriber:/home/jons/ros2_ws/install/examples_rclpy_minimal_service:/home/jons/ros2_ws/install/examples_rclpy_minimal_publisher:/home/jons/ros2_ws/install/examples_rclpy_minimal_client:/home/jons/ros2_ws/install/examples_rclpy_minimal_action_server:/home/jons/ros2_ws/install/examples_rclpy_minimal_action_client:/home/jons/ros2_ws/install/examples_rclpy_guard_conditions:/home/jons/ros2_ws/install/examples_rclpy_executors:/opt/ros/humble /usr/bin/cmake --build /home/jons/ros2_ws/build/examples_rclcpp_minimal_action_client -- -j2 -l2
[0.519s] Invoking command in '/home/jons/ros2_ws/build/examples_rclcpp_minimal_action_client': CMAKE_PREFIX_PATH=${CMAKE_PREFIX_PATH}:/home/jons/ros2_ws/install/py_srvcli:/home/jons/ros2_ws/install/py_pubsub:/home/jons/ros2_ws/install/launch_testing_examples:/home/jons/ros2_ws/install/examples_rclpy_pointcloud_publisher:/home/jons/ros2_ws/install/examples_rclpy_minimal_subscriber:/home/jons/ros2_ws/install/examples_rclpy_minimal_service:/home/jons/ros2_ws/install/examples_rclpy_minimal_publisher:/home/jons/ros2_ws/install/examples_rclpy_minimal_client:/home/jons/ros2_ws/install/examples_rclpy_minimal_action_server:/home/jons/ros2_ws/install/examples_rclpy_minimal_action_client:/home/jons/ros2_ws/install/examples_rclpy_guard_conditions:/home/jons/ros2_ws/install/examples_rclpy_executors:/opt/ros/humble /usr/bin/cmake --install /home/jons/ros2_ws/build/examples_rclcpp_minimal_action_client
[0.546s] -- Install configuration: ""
[0.548s] -- Execute custom install script
[0.551s] -- Up-to-date symlink: /home/jons/ros2_ws/install/examples_rclcpp_minimal_action_client/lib/examples_rclcpp_minimal_action_client/action_client_member_functions
[0.552s] -- Up-to-date symlink: /home/jons/ros2_ws/install/examples_rclcpp_minimal_action_client/lib/examples_rclcpp_minimal_action_client/action_client_not_composable
[0.554s] -- Up-to-date symlink: /home/jons/ros2_ws/install/examples_rclcpp_minimal_action_client/lib/examples_rclcpp_minimal_action_client/action_client_not_composable_with_cancel
[0.556s] -- Up-to-date symlink: /home/jons/ros2_ws/install/examples_rclcpp_minimal_action_client/lib/examples_rclcpp_minimal_action_client/action_client_not_composable_with_feedback
[0.557s] -- Up-to-date symlink: /home/jons/ros2_ws/install/examples_rclcpp_minimal_action_client/share/ament_index/resource_index/package_run_dependencies/examples_rclcpp_minimal_action_client
[0.559s] -- Up-to-date symlink: /home/jons/ros2_ws/install/examples_rclcpp_minimal_action_client/share/ament_index/resource_index/parent_prefix_path/examples_rclcpp_minimal_action_client
[0.560s] -- Up-to-date symlink: /home/jons/ros2_ws/install/examples_rclcpp_minimal_action_client/share/examples_rclcpp_minimal_action_client/environment/ament_prefix_path.sh
[0.561s] -- Up-to-date symlink: /home/jons/ros2_ws/install/examples_rclcpp_minimal_action_client/share/examples_rclcpp_minimal_action_client/environment/ament_prefix_path.dsv
[0.563s] -- Up-to-date symlink: /home/jons/ros2_ws/install/examples_rclcpp_minimal_action_client/share/examples_rclcpp_minimal_action_client/environment/path.sh
[0.563s] -- Up-to-date symlink: /home/jons/ros2_ws/install/examples_rclcpp_minimal_action_client/share/examples_rclcpp_minimal_action_client/environment/path.dsv
[0.564s] -- Up-to-date symlink: /home/jons/ros2_ws/install/examples_rclcpp_minimal_action_client/share/examples_rclcpp_minimal_action_client/local_setup.bash
[0.566s] -- Up-to-date symlink: /home/jons/ros2_ws/install/examples_rclcpp_minimal_action_client/share/examples_rclcpp_minimal_action_client/local_setup.sh
[0.569s] -- Up-to-date symlink: /home/jons/ros2_ws/install/examples_rclcpp_minimal_action_client/share/examples_rclcpp_minimal_action_client/local_setup.zsh
[0.569s] -- Up-to-date symlink: /home/jons/ros2_ws/install/examples_rclcpp_minimal_action_client/share/examples_rclcpp_minimal_action_client/local_setup.dsv
[0.570s] -- Symlinking: /home/jons/ros2_ws/install/examples_rclcpp_minimal_action_client/share/examples_rclcpp_minimal_action_client/package.dsv
[0.593s] -- Up-to-date symlink: /home/jons/ros2_ws/install/examples_rclcpp_minimal_action_client/share/ament_index/resource_index/packages/examples_rclcpp_minimal_action_client
[0.595s] -- Up-to-date symlink: /home/jons/ros2_ws/install/examples_rclcpp_minimal_action_client/share/examples_rclcpp_minimal_action_client/cmake/examples_rclcpp_minimal_action_clientConfig.cmake
[0.595s] -- Up-to-date symlink: /home/jons/ros2_ws/install/examples_rclcpp_minimal_action_client/share/examples_rclcpp_minimal_action_client/cmake/examples_rclcpp_minimal_action_clientConfig-version.cmake
[0.604s] -- Up-to-date symlink: /home/jons/ros2_ws/install/examples_rclcpp_minimal_action_client/share/examples_rclcpp_minimal_action_client/package.xml
[0.604s] Invoked command in '/home/jons/ros2_ws/build/examples_rclcpp_minimal_action_client' returned '0': CMAKE_PREFIX_PATH=${CMAKE_PREFIX_PATH}:/home/jons/ros2_ws/install/py_srvcli:/home/jons/ros2_ws/install/py_pubsub:/home/jons/ros2_ws/install/launch_testing_examples:/home/jons/ros2_ws/install/examples_rclpy_pointcloud_publisher:/home/jons/ros2_ws/install/examples_rclpy_minimal_subscriber:/home/jons/ros2_ws/install/examples_rclpy_minimal_service:/home/jons/ros2_ws/install/examples_rclpy_minimal_publisher:/home/jons/ros2_ws/install/examples_rclpy_minimal_client:/home/jons/ros2_ws/install/examples_rclpy_minimal_action_server:/home/jons/ros2_ws/install/examples_rclpy_minimal_action_client:/home/jons/ros2_ws/install/examples_rclpy_guard_conditions:/home/jons/ros2_ws/install/examples_rclpy_executors:/opt/ros/humble /usr/bin/cmake --install /home/jons/ros2_ws/build/examples_rclcpp_minimal_action_client
