[1.254s] Invoking command in '/home/jons/ros2_ws/build/examples_rclpy_minimal_action_client': PYTHONPATH=/home/jons/ros2_ws/install/examples_rclpy_minimal_action_client/lib/python3.10/site-packages:${PYTHONPATH} /usr/bin/python3 setup.py develop --prefix /home/jons/ros2_ws/install/examples_rclpy_minimal_action_client --uninstall --editable --build-directory /home/jons/ros2_ws/build/examples_rclpy_minimal_action_client/build
[1.859s] running develop
[1.860s] /usr/lib/python3/dist-packages/setuptools/command/easy_install.py:158: EasyInstallDeprecationWarning: easy_install command is deprecated. Use build and pip and other standards-based tools.
[1.860s]   warnings.warn(
[1.863s] /usr/lib/python3/dist-packages/setuptools/command/install.py:34: SetuptoolsDeprecationWarning: setup.py install is deprecated. Use build and pip and other standards-based tools.
[1.863s]   warnings.warn(
[1.989s] /usr/lib/python3/dist-packages/pkg_resources/__init__.py:116: PkgResourcesDeprecationWarning: 0.1.43ubuntu1 is an invalid version and will not be supported in a future release
[1.989s]   warnings.warn(
[1.990s] /usr/lib/python3/dist-packages/pkg_resources/__init__.py:116: PkgResourcesDeprecationWarning: 1.1build1 is an invalid version and will not be supported in a future release
[1.990s]   warnings.warn(
[2.277s] Removing /home/jons/ros2_ws/install/examples_rclpy_minimal_action_client/lib/python3.10/site-packages/examples-rclpy-minimal-action-client.egg-link (link to .)
[2.339s] Invoked command in '/home/jons/ros2_ws/build/examples_rclpy_minimal_action_client' returned '0': PYTHONPATH=/home/jons/ros2_ws/install/examples_rclpy_minimal_action_client/lib/python3.10/site-packages:${PYTHONPATH} /usr/bin/python3 setup.py develop --prefix /home/jons/ros2_ws/install/examples_rclpy_minimal_action_client --uninstall --editable --build-directory /home/jons/ros2_ws/build/examples_rclpy_minimal_action_client/build
[2.339s] Invoking command in '/home/jons/ros2_ws/src/examples/rclpy/actions/minimal_action_client': PYTHONPATH=/home/jons/ros2_ws/install/examples_rclpy_minimal_action_client/lib/python3.10/site-packages:${PYTHONPATH} /usr/bin/python3 setup.py egg_info --egg-base ../../../../../build/examples_rclpy_minimal_action_client build --build-base /home/jons/ros2_ws/build/examples_rclpy_minimal_action_client/build install --prefix /home/jons/ros2_ws/install/examples_rclpy_minimal_action_client --record /home/jons/ros2_ws/build/examples_rclpy_minimal_action_client/install.log --single-version-externally-managed
[2.842s] running egg_info
[2.843s] writing ../../../../../build/examples_rclpy_minimal_action_client/examples_rclpy_minimal_action_client.egg-info/PKG-INFO
[2.845s] writing dependency_links to ../../../../../build/examples_rclpy_minimal_action_client/examples_rclpy_minimal_action_client.egg-info/dependency_links.txt
[2.845s] writing entry points to ../../../../../build/examples_rclpy_minimal_action_client/examples_rclpy_minimal_action_client.egg-info/entry_points.txt
[2.846s] writing requirements to ../../../../../build/examples_rclpy_minimal_action_client/examples_rclpy_minimal_action_client.egg-info/requires.txt
[2.846s] writing top-level names to ../../../../../build/examples_rclpy_minimal_action_client/examples_rclpy_minimal_action_client.egg-info/top_level.txt
[2.849s] reading manifest file '../../../../../build/examples_rclpy_minimal_action_client/examples_rclpy_minimal_action_client.egg-info/SOURCES.txt'
[2.850s] writing manifest file '../../../../../build/examples_rclpy_minimal_action_client/examples_rclpy_minimal_action_client.egg-info/SOURCES.txt'
[2.851s] running build
[2.851s] running build_py
[2.852s] creating /home/jons/ros2_ws/build/examples_rclpy_minimal_action_client/build
[2.852s] creating /home/jons/ros2_ws/build/examples_rclpy_minimal_action_client/build/lib
[2.852s] creating /home/jons/ros2_ws/build/examples_rclpy_minimal_action_client/build/lib/examples_rclpy_minimal_action_client
[2.853s] copying examples_rclpy_minimal_action_client/client_not_composable.py -> /home/jons/ros2_ws/build/examples_rclpy_minimal_action_client/build/lib/examples_rclpy_minimal_action_client
[2.854s] copying examples_rclpy_minimal_action_client/client_asyncio.py -> /home/jons/ros2_ws/build/examples_rclpy_minimal_action_client/build/lib/examples_rclpy_minimal_action_client
[2.856s] copying examples_rclpy_minimal_action_client/__init__.py -> /home/jons/ros2_ws/build/examples_rclpy_minimal_action_client/build/lib/examples_rclpy_minimal_action_client
[2.856s] copying examples_rclpy_minimal_action_client/client_cancel.py -> /home/jons/ros2_ws/build/examples_rclpy_minimal_action_client/build/lib/examples_rclpy_minimal_action_client
[2.857s] copying examples_rclpy_minimal_action_client/client.py -> /home/jons/ros2_ws/build/examples_rclpy_minimal_action_client/build/lib/examples_rclpy_minimal_action_client
[2.858s] running install
[2.858s] /usr/lib/python3/dist-packages/setuptools/command/install.py:34: SetuptoolsDeprecationWarning: setup.py install is deprecated. Use build and pip and other standards-based tools.
[2.858s]   warnings.warn(
[2.858s] running install_lib
[2.859s] creating /home/jons/ros2_ws/install/examples_rclpy_minimal_action_client/lib/python3.10/site-packages/examples_rclpy_minimal_action_client
[2.860s] copying /home/jons/ros2_ws/build/examples_rclpy_minimal_action_client/build/lib/examples_rclpy_minimal_action_client/client_not_composable.py -> /home/jons/ros2_ws/install/examples_rclpy_minimal_action_client/lib/python3.10/site-packages/examples_rclpy_minimal_action_client
[2.860s] copying /home/jons/ros2_ws/build/examples_rclpy_minimal_action_client/build/lib/examples_rclpy_minimal_action_client/client_asyncio.py -> /home/jons/ros2_ws/install/examples_rclpy_minimal_action_client/lib/python3.10/site-packages/examples_rclpy_minimal_action_client
[2.861s] copying /home/jons/ros2_ws/build/examples_rclpy_minimal_action_client/build/lib/examples_rclpy_minimal_action_client/__init__.py -> /home/jons/ros2_ws/install/examples_rclpy_minimal_action_client/lib/python3.10/site-packages/examples_rclpy_minimal_action_client
[2.861s] copying /home/jons/ros2_ws/build/examples_rclpy_minimal_action_client/build/lib/examples_rclpy_minimal_action_client/client_cancel.py -> /home/jons/ros2_ws/install/examples_rclpy_minimal_action_client/lib/python3.10/site-packages/examples_rclpy_minimal_action_client
[2.862s] copying /home/jons/ros2_ws/build/examples_rclpy_minimal_action_client/build/lib/examples_rclpy_minimal_action_client/client.py -> /home/jons/ros2_ws/install/examples_rclpy_minimal_action_client/lib/python3.10/site-packages/examples_rclpy_minimal_action_client
[2.863s] byte-compiling /home/jons/ros2_ws/install/examples_rclpy_minimal_action_client/lib/python3.10/site-packages/examples_rclpy_minimal_action_client/client_not_composable.py to client_not_composable.cpython-310.pyc
[2.864s] byte-compiling /home/jons/ros2_ws/install/examples_rclpy_minimal_action_client/lib/python3.10/site-packages/examples_rclpy_minimal_action_client/client_asyncio.py to client_asyncio.cpython-310.pyc
[2.865s] byte-compiling /home/jons/ros2_ws/install/examples_rclpy_minimal_action_client/lib/python3.10/site-packages/examples_rclpy_minimal_action_client/__init__.py to __init__.cpython-310.pyc
[2.865s] byte-compiling /home/jons/ros2_ws/install/examples_rclpy_minimal_action_client/lib/python3.10/site-packages/examples_rclpy_minimal_action_client/client_cancel.py to client_cancel.cpython-310.pyc
[2.866s] byte-compiling /home/jons/ros2_ws/install/examples_rclpy_minimal_action_client/lib/python3.10/site-packages/examples_rclpy_minimal_action_client/client.py to client.cpython-310.pyc
[2.867s] running install_data
[2.868s] running install_egg_info
[2.870s] Copying ../../../../../build/examples_rclpy_minimal_action_client/examples_rclpy_minimal_action_client.egg-info to /home/jons/ros2_ws/install/examples_rclpy_minimal_action_client/lib/python3.10/site-packages/examples_rclpy_minimal_action_client-0.16.1-py3.10.egg-info
[2.874s] running install_scripts
[2.923s] Installing client script to /home/jons/ros2_ws/install/examples_rclpy_minimal_action_client/lib/examples_rclpy_minimal_action_client
[2.924s] Installing client_asyncio script to /home/jons/ros2_ws/install/examples_rclpy_minimal_action_client/lib/examples_rclpy_minimal_action_client
[2.925s] Installing client_cancel script to /home/jons/ros2_ws/install/examples_rclpy_minimal_action_client/lib/examples_rclpy_minimal_action_client
[2.926s] Installing client_not_composable script to /home/jons/ros2_ws/install/examples_rclpy_minimal_action_client/lib/examples_rclpy_minimal_action_client
[2.927s] writing list of installed files to '/home/jons/ros2_ws/build/examples_rclpy_minimal_action_client/install.log'
[2.962s] Invoked command in '/home/jons/ros2_ws/src/examples/rclpy/actions/minimal_action_client' returned '0': PYTHONPATH=/home/jons/ros2_ws/install/examples_rclpy_minimal_action_client/lib/python3.10/site-packages:${PYTHONPATH} /usr/bin/python3 setup.py egg_info --egg-base ../../../../../build/examples_rclpy_minimal_action_client build --build-base /home/jons/ros2_ws/build/examples_rclpy_minimal_action_client/build install --prefix /home/jons/ros2_ws/install/examples_rclpy_minimal_action_client --record /home/jons/ros2_ws/build/examples_rclpy_minimal_action_client/install.log --single-version-externally-managed
