[0.041s] Invoking command in '/home/jons/ros2_ws/build/examples_rclcpp_minimal_action_server': CMAKE_PREFIX_PATH=${CMAKE_PREFIX_PATH}:/opt/ros/rolling:/home/jons/ros2_ws/install/launch_testing_examples:/home/jons/ros2_ws/install/examples_rclpy_pointcloud_publisher:/home/jons/ros2_ws/install/examples_rclpy_minimal_subscriber:/home/jons/ros2_ws/install/examples_rclpy_minimal_service:/home/jons/ros2_ws/install/examples_rclpy_minimal_publisher:/home/jons/ros2_ws/install/examples_rclpy_minimal_client:/home/jons/ros2_ws/install/examples_rclpy_minimal_action_server:/home/jons/ros2_ws/install/examples_rclpy_minimal_action_client:/home/jons/ros2_ws/install/examples_rclpy_guard_conditions:/home/jons/ros2_ws/install/examples_rclpy_executors:/opt/ros/humble /usr/bin/cmake /home/jons/ros2_ws/src/examples/rclcpp/actions/minimal_action_server -DCMAKE_INSTALL_PREFIX=/home/jons/ros2_ws/install/examples_rclcpp_minimal_action_server
[0.072s] -- Found ament_cmake: 1.3.2 (/opt/ros/humble/share/ament_cmake/cmake)
[0.491s] -- Override CMake install command with custom implementation using symlinks instead of copying resources
[0.512s] -- Found example_interfaces: 0.9.3 (/opt/ros/humble/share/example_interfaces/cmake)
[0.570s] -- Found rosidl_generator_c: 3.1.3 (/opt/ros/humble/share/rosidl_generator_c/cmake)
[0.577s] -- Found rosidl_adapter: 3.1.3 (/opt/ros/humble/share/rosidl_adapter/cmake)
[0.591s] -- Found rosidl_generator_cpp: 3.1.3 (/opt/ros/humble/share/rosidl_generator_cpp/cmake)
[0.618s] -- Using all available rosidl_typesupport_c: rosidl_typesupport_fastrtps_c;rosidl_typesupport_introspection_c
[0.656s] -- Using all available rosidl_typesupport_cpp: rosidl_typesupport_fastrtps_cpp;rosidl_typesupport_introspection_cpp
[1.005s] -- Found rclcpp: 16.0.1 (/opt/ros/humble/share/rclcpp/cmake)
[1.141s] -- Found rmw_implementation_cmake: 6.1.0 (/opt/ros/humble/share/rmw_implementation_cmake/cmake)
[1.145s] -- Found rmw_fastrtps_cpp: 6.2.1 (/opt/ros/humble/share/rmw_fastrtps_cpp/cmake)
[1.485s] -- Using RMW implementation 'rmw_fastrtps_cpp' as default
[1.869s] -- Found rclcpp_action: 16.0.1 (/opt/ros/humble/share/rclcpp_action/cmake)
[1.935s] -- Found ament_lint_auto: 0.12.4 (/opt/ros/humble/share/ament_lint_auto/cmake)
[2.136s] -- Added test 'copyright' to check source files copyright and LICENSE
[2.139s] -- Added test 'cppcheck' to perform static code analysis on C / C++ code
[2.139s] -- Configured cppcheck include dirs: 
[2.139s] -- Configured cppcheck exclude dirs and/or files: 
[2.141s] -- Added test 'cpplint' to check C / C++ code against the Google style
[2.141s] -- Configured cpplint exclude dirs and/or files: 
[2.142s] -- Added test 'lint_cmake' to check CMake code style
[2.144s] -- Added test 'uncrustify' to check C / C++ code style
[2.145s] -- Configured uncrustify additional arguments: 
[2.145s] -- Added test 'xmllint' to check XML markup files
[2.151s] -- Configuring done
[2.199s] -- Generating done
[2.208s] -- Build files have been written to: /home/jons/ros2_ws/build/examples_rclcpp_minimal_action_server
[2.229s] Invoked command in '/home/jons/ros2_ws/build/examples_rclcpp_minimal_action_server' returned '0': CMAKE_PREFIX_PATH=${CMAKE_PREFIX_PATH}:/opt/ros/rolling:/home/jons/ros2_ws/install/launch_testing_examples:/home/jons/ros2_ws/install/examples_rclpy_pointcloud_publisher:/home/jons/ros2_ws/install/examples_rclpy_minimal_subscriber:/home/jons/ros2_ws/install/examples_rclpy_minimal_service:/home/jons/ros2_ws/install/examples_rclpy_minimal_publisher:/home/jons/ros2_ws/install/examples_rclpy_minimal_client:/home/jons/ros2_ws/install/examples_rclpy_minimal_action_server:/home/jons/ros2_ws/install/examples_rclpy_minimal_action_client:/home/jons/ros2_ws/install/examples_rclpy_guard_conditions:/home/jons/ros2_ws/install/examples_rclpy_executors:/opt/ros/humble /usr/bin/cmake /home/jons/ros2_ws/src/examples/rclcpp/actions/minimal_action_server -DCMAKE_INSTALL_PREFIX=/home/jons/ros2_ws/install/examples_rclcpp_minimal_action_server
[2.229s] Invoking command in '/home/jons/ros2_ws/build/examples_rclcpp_minimal_action_server': CMAKE_PREFIX_PATH=${CMAKE_PREFIX_PATH}:/opt/ros/rolling:/home/jons/ros2_ws/install/launch_testing_examples:/home/jons/ros2_ws/install/examples_rclpy_pointcloud_publisher:/home/jons/ros2_ws/install/examples_rclpy_minimal_subscriber:/home/jons/ros2_ws/install/examples_rclpy_minimal_service:/home/jons/ros2_ws/install/examples_rclpy_minimal_publisher:/home/jons/ros2_ws/install/examples_rclpy_minimal_client:/home/jons/ros2_ws/install/examples_rclpy_minimal_action_server:/home/jons/ros2_ws/install/examples_rclpy_minimal_action_client:/home/jons/ros2_ws/install/examples_rclpy_guard_conditions:/home/jons/ros2_ws/install/examples_rclpy_executors:/opt/ros/humble /usr/bin/cmake --build /home/jons/ros2_ws/build/examples_rclcpp_minimal_action_server -- -j2 -l2
[2.387s] [35m[1mConsolidate compiler generated dependencies of target action_server_member_functions[0m
[2.403s] [35m[1mConsolidate compiler generated dependencies of target action_server_not_composable[0m
[2.542s] [ 50%] Built target action_server_not_composable
[2.556s] [100%] Built target action_server_member_functions
[2.608s] Invoked command in '/home/jons/ros2_ws/build/examples_rclcpp_minimal_action_server' returned '0': CMAKE_PREFIX_PATH=${CMAKE_PREFIX_PATH}:/opt/ros/rolling:/home/jons/ros2_ws/install/launch_testing_examples:/home/jons/ros2_ws/install/examples_rclpy_pointcloud_publisher:/home/jons/ros2_ws/install/examples_rclpy_minimal_subscriber:/home/jons/ros2_ws/install/examples_rclpy_minimal_service:/home/jons/ros2_ws/install/examples_rclpy_minimal_publisher:/home/jons/ros2_ws/install/examples_rclpy_minimal_client:/home/jons/ros2_ws/install/examples_rclpy_minimal_action_server:/home/jons/ros2_ws/install/examples_rclpy_minimal_action_client:/home/jons/ros2_ws/install/examples_rclpy_guard_conditions:/home/jons/ros2_ws/install/examples_rclpy_executors:/opt/ros/humble /usr/bin/cmake --build /home/jons/ros2_ws/build/examples_rclcpp_minimal_action_server -- -j2 -l2
[2.783s] Invoking command in '/home/jons/ros2_ws/build/examples_rclcpp_minimal_action_server': CMAKE_PREFIX_PATH=${CMAKE_PREFIX_PATH}:/opt/ros/rolling:/home/jons/ros2_ws/install/launch_testing_examples:/home/jons/ros2_ws/install/examples_rclpy_pointcloud_publisher:/home/jons/ros2_ws/install/examples_rclpy_minimal_subscriber:/home/jons/ros2_ws/install/examples_rclpy_minimal_service:/home/jons/ros2_ws/install/examples_rclpy_minimal_publisher:/home/jons/ros2_ws/install/examples_rclpy_minimal_client:/home/jons/ros2_ws/install/examples_rclpy_minimal_action_server:/home/jons/ros2_ws/install/examples_rclpy_minimal_action_client:/home/jons/ros2_ws/install/examples_rclpy_guard_conditions:/home/jons/ros2_ws/install/examples_rclpy_executors:/opt/ros/humble /usr/bin/cmake --install /home/jons/ros2_ws/build/examples_rclcpp_minimal_action_server
[2.809s] -- Install configuration: ""
[2.811s] -- Execute custom install script
[2.813s] -- Up-to-date symlink: /home/jons/ros2_ws/install/examples_rclcpp_minimal_action_server/lib/examples_rclcpp_minimal_action_server/action_server_not_composable
[2.814s] -- Up-to-date symlink: /home/jons/ros2_ws/install/examples_rclcpp_minimal_action_server/lib/examples_rclcpp_minimal_action_server/action_server_member_functions
[2.815s] -- Up-to-date symlink: /home/jons/ros2_ws/install/examples_rclcpp_minimal_action_server/share/ament_index/resource_index/package_run_dependencies/examples_rclcpp_minimal_action_server
[2.816s] -- Up-to-date symlink: /home/jons/ros2_ws/install/examples_rclcpp_minimal_action_server/share/ament_index/resource_index/parent_prefix_path/examples_rclcpp_minimal_action_server
[2.817s] -- Up-to-date symlink: /home/jons/ros2_ws/install/examples_rclcpp_minimal_action_server/share/examples_rclcpp_minimal_action_server/environment/ament_prefix_path.sh
[2.818s] -- Up-to-date symlink: /home/jons/ros2_ws/install/examples_rclcpp_minimal_action_server/share/examples_rclcpp_minimal_action_server/environment/ament_prefix_path.dsv
[2.820s] -- Up-to-date symlink: /home/jons/ros2_ws/install/examples_rclcpp_minimal_action_server/share/examples_rclcpp_minimal_action_server/environment/path.sh
[2.821s] -- Up-to-date symlink: /home/jons/ros2_ws/install/examples_rclcpp_minimal_action_server/share/examples_rclcpp_minimal_action_server/environment/path.dsv
[2.822s] -- Up-to-date symlink: /home/jons/ros2_ws/install/examples_rclcpp_minimal_action_server/share/examples_rclcpp_minimal_action_server/local_setup.bash
[2.824s] -- Up-to-date symlink: /home/jons/ros2_ws/install/examples_rclcpp_minimal_action_server/share/examples_rclcpp_minimal_action_server/local_setup.sh
[2.825s] -- Up-to-date symlink: /home/jons/ros2_ws/install/examples_rclcpp_minimal_action_server/share/examples_rclcpp_minimal_action_server/local_setup.zsh
[2.826s] -- Up-to-date symlink: /home/jons/ros2_ws/install/examples_rclcpp_minimal_action_server/share/examples_rclcpp_minimal_action_server/local_setup.dsv
[2.827s] -- Symlinking: /home/jons/ros2_ws/install/examples_rclcpp_minimal_action_server/share/examples_rclcpp_minimal_action_server/package.dsv
[2.867s] -- Up-to-date symlink: /home/jons/ros2_ws/install/examples_rclcpp_minimal_action_server/share/ament_index/resource_index/packages/examples_rclcpp_minimal_action_server
[2.867s] -- Up-to-date symlink: /home/jons/ros2_ws/install/examples_rclcpp_minimal_action_server/share/examples_rclcpp_minimal_action_server/cmake/examples_rclcpp_minimal_action_serverConfig.cmake
[2.868s] -- Up-to-date symlink: /home/jons/ros2_ws/install/examples_rclcpp_minimal_action_server/share/examples_rclcpp_minimal_action_server/cmake/examples_rclcpp_minimal_action_serverConfig-version.cmake
[2.869s] -- Up-to-date symlink: /home/jons/ros2_ws/install/examples_rclcpp_minimal_action_server/share/examples_rclcpp_minimal_action_server/package.xml
[2.876s] Invoked command in '/home/jons/ros2_ws/build/examples_rclcpp_minimal_action_server' returned '0': CMAKE_PREFIX_PATH=${CMAKE_PREFIX_PATH}:/opt/ros/rolling:/home/jons/ros2_ws/install/launch_testing_examples:/home/jons/ros2_ws/install/examples_rclpy_pointcloud_publisher:/home/jons/ros2_ws/install/examples_rclpy_minimal_subscriber:/home/jons/ros2_ws/install/examples_rclpy_minimal_service:/home/jons/ros2_ws/install/examples_rclpy_minimal_publisher:/home/jons/ros2_ws/install/examples_rclpy_minimal_client:/home/jons/ros2_ws/install/examples_rclpy_minimal_action_server:/home/jons/ros2_ws/install/examples_rclpy_minimal_action_client:/home/jons/ros2_ws/install/examples_rclpy_guard_conditions:/home/jons/ros2_ws/install/examples_rclpy_executors:/opt/ros/humble /usr/bin/cmake --install /home/jons/ros2_ws/build/examples_rclcpp_minimal_action_server
