[1.040s] Invoking command in '/home/jons/ros2_ws/build/examples_rclpy_minimal_service': PYTHONPATH=/home/jons/ros2_ws/install/examples_rclpy_minimal_service/lib/python3.10/site-packages:${PYTHONPATH} /usr/bin/python3 setup.py develop --prefix /home/jons/ros2_ws/install/examples_rclpy_minimal_service --editable --build-directory /home/jons/ros2_ws/build/examples_rclpy_minimal_service/build --no-deps install_data --install-dir /home/jons/ros2_ws/install/examples_rclpy_minimal_service
[1.471s] running develop
[1.472s] /usr/lib/python3/dist-packages/setuptools/command/easy_install.py:158: EasyInstallDeprecationWarning: easy_install command is deprecated. Use build and pip and other standards-based tools.
[1.472s]   warnings.warn(
[1.474s] /usr/lib/python3/dist-packages/setuptools/command/install.py:34: SetuptoolsDeprecationWarning: setup.py install is deprecated. Use build and pip and other standards-based tools.
[1.474s]   warnings.warn(
[1.566s] /usr/lib/python3/dist-packages/pkg_resources/__init__.py:116: PkgResourcesDeprecationWarning: 0.1.43ubuntu1 is an invalid version and will not be supported in a future release
[1.566s]   warnings.warn(
[1.567s] /usr/lib/python3/dist-packages/pkg_resources/__init__.py:116: PkgResourcesDeprecationWarning: 1.1build1 is an invalid version and will not be supported in a future release
[1.567s]   warnings.warn(
[1.743s] running egg_info
[1.744s] creating examples_rclpy_minimal_service.egg-info
[1.745s] writing examples_rclpy_minimal_service.egg-info/PKG-INFO
[1.745s] writing dependency_links to examples_rclpy_minimal_service.egg-info/dependency_links.txt
[1.746s] writing entry points to examples_rclpy_minimal_service.egg-info/entry_points.txt
[1.747s] writing requirements to examples_rclpy_minimal_service.egg-info/requires.txt
[1.747s] writing top-level names to examples_rclpy_minimal_service.egg-info/top_level.txt
[1.748s] writing manifest file 'examples_rclpy_minimal_service.egg-info/SOURCES.txt'
[1.751s] reading manifest file 'examples_rclpy_minimal_service.egg-info/SOURCES.txt'
[1.753s] writing manifest file 'examples_rclpy_minimal_service.egg-info/SOURCES.txt'
[1.755s] running build_ext
[1.756s] Creating /home/jons/ros2_ws/install/examples_rclpy_minimal_service/lib/python3.10/site-packages/examples-rclpy-minimal-service.egg-link (link to .)
[1.758s] Installing service script to /home/jons/ros2_ws/install/examples_rclpy_minimal_service/lib/examples_rclpy_minimal_service
[1.759s] Installing service_member_function script to /home/jons/ros2_ws/install/examples_rclpy_minimal_service/lib/examples_rclpy_minimal_service
[1.760s] 
[1.760s] Installed /home/jons/ros2_ws/build/examples_rclpy_minimal_service
[1.761s] running install_data
[1.761s] creating /home/jons/ros2_ws/install/examples_rclpy_minimal_service/share/ament_index
[1.762s] creating /home/jons/ros2_ws/install/examples_rclpy_minimal_service/share/ament_index/resource_index
[1.762s] creating /home/jons/ros2_ws/install/examples_rclpy_minimal_service/share/ament_index/resource_index/packages
[1.763s] copying resource/examples_rclpy_minimal_service -> /home/jons/ros2_ws/install/examples_rclpy_minimal_service/share/ament_index/resource_index/packages
[1.764s] copying package.xml -> /home/jons/ros2_ws/install/examples_rclpy_minimal_service/share/examples_rclpy_minimal_service
[1.800s] Invoked command in '/home/jons/ros2_ws/build/examples_rclpy_minimal_service' returned '0': PYTHONPATH=/home/jons/ros2_ws/install/examples_rclpy_minimal_service/lib/python3.10/site-packages:${PYTHONPATH} /usr/bin/python3 setup.py develop --prefix /home/jons/ros2_ws/install/examples_rclpy_minimal_service --editable --build-directory /home/jons/ros2_ws/build/examples_rclpy_minimal_service/build --no-deps install_data --install-dir /home/jons/ros2_ws/install/examples_rclpy_minimal_service
