[0.048s] Invoking command in '/home/jons/ros2_ws/build/cpp_parameter_event_handler': CMAKE_PREFIX_PATH=/opt/ros/humble /usr/bin/cmake /home/jons/ros2_ws/src/cpp_parameter_event_handler -DCMAKE_INSTALL_PREFIX=/home/jons/ros2_ws/install/cpp_parameter_event_handler
[0.343s] -- The C compiler identification is GNU 11.2.0
[0.599s] -- The CXX compiler identification is GNU 11.2.0
[0.634s] -- Detecting C compiler ABI info
[0.872s] -- Detecting C compiler ABI info - done
[0.882s] -- Check for working C compiler: /usr/bin/cc - skipped
[0.883s] -- Detecting C compile features
[0.885s] -- Detecting C compile features - done
[0.894s] -- Detecting CXX compiler ABI info
[1.110s] -- Detecting CXX compiler ABI info - done
[1.120s] -- Check for working CXX compiler: /usr/bin/c++ - skipped
[1.121s] -- Detecting CXX compile features
[1.123s] -- Detecting CXX compile features - done
[1.145s] -- Found ament_cmake: 1.3.2 (/opt/ros/humble/share/ament_cmake/cmake)
[1.542s] -- Found Python3: /usr/bin/python3.10 (found version "3.10.6") found components: Interpreter 
[1.839s] -- Found rclcpp: 16.0.1 (/opt/ros/humble/share/rclcpp/cmake)
[1.975s] -- Found rosidl_generator_c: 3.1.3 (/opt/ros/humble/share/rosidl_generator_c/cmake)
[1.989s] -- Found rosidl_adapter: 3.1.3 (/opt/ros/humble/share/rosidl_adapter/cmake)
[2.015s] -- Found rosidl_generator_cpp: 3.1.3 (/opt/ros/humble/share/rosidl_generator_cpp/cmake)
[2.060s] -- Using all available rosidl_typesupport_c: rosidl_typesupport_fastrtps_c;rosidl_typesupport_introspection_c
[2.110s] -- Using all available rosidl_typesupport_cpp: rosidl_typesupport_fastrtps_cpp;rosidl_typesupport_introspection_cpp
[2.276s] -- Found rmw_implementation_cmake: 6.1.0 (/opt/ros/humble/share/rmw_implementation_cmake/cmake)
[2.284s] -- Found rmw_fastrtps_cpp: 6.2.1 (/opt/ros/humble/share/rmw_fastrtps_cpp/cmake)
[2.535s] -- Found OpenSSL: /usr/lib/x86_64-linux-gnu/libcrypto.so (found version "3.0.2")  
[2.590s] -- Found FastRTPS: /opt/ros/humble/include  
[2.680s] -- Using RMW implementation 'rmw_fastrtps_cpp' as default
[3.017s] -- Found ament_lint_auto: 0.12.4 (/opt/ros/humble/share/ament_lint_auto/cmake)
[3.187s] -- Added test 'cppcheck' to perform static code analysis on C / C++ code
[3.187s] -- Configured cppcheck include dirs: 
[3.187s] -- Configured cppcheck exclude dirs and/or files: 
[3.190s] -- Added test 'lint_cmake' to check CMake code style
[3.194s] -- Added test 'uncrustify' to check C / C++ code style
[3.194s] -- Configured uncrustify additional arguments: 
[3.196s] -- Added test 'xmllint' to check XML markup files
[3.201s] -- Configuring done
[3.226s] -- Generating done
[3.229s] -- Build files have been written to: /home/jons/ros2_ws/build/cpp_parameter_event_handler
[3.255s] Invoked command in '/home/jons/ros2_ws/build/cpp_parameter_event_handler' returned '0': CMAKE_PREFIX_PATH=/opt/ros/humble /usr/bin/cmake /home/jons/ros2_ws/src/cpp_parameter_event_handler -DCMAKE_INSTALL_PREFIX=/home/jons/ros2_ws/install/cpp_parameter_event_handler
[3.256s] Invoking command in '/home/jons/ros2_ws/build/cpp_parameter_event_handler': CMAKE_PREFIX_PATH=/opt/ros/humble /usr/bin/cmake --build /home/jons/ros2_ws/build/cpp_parameter_event_handler -- -j2 -l2
[3.403s] [ 50%] [32mBuilding CXX object CMakeFiles/parameter_event_handler.dir/src/parameter_event_handler.cpp.o[0m
[21.360s] [100%] [32m[1mLinking CXX executable parameter_event_handler[0m
[22.232s] [100%] Built target parameter_event_handler
[22.261s] Invoked command in '/home/jons/ros2_ws/build/cpp_parameter_event_handler' returned '0': CMAKE_PREFIX_PATH=/opt/ros/humble /usr/bin/cmake --build /home/jons/ros2_ws/build/cpp_parameter_event_handler -- -j2 -l2
[22.376s] Invoking command in '/home/jons/ros2_ws/build/cpp_parameter_event_handler': CMAKE_PREFIX_PATH=/opt/ros/humble /usr/bin/cmake --install /home/jons/ros2_ws/build/cpp_parameter_event_handler
[22.396s] -- Install configuration: ""
[22.396s] -- Installing: /home/jons/ros2_ws/install/cpp_parameter_event_handler/lib/cpp_parameter_event_handler/parameter_event_handler
[22.413s] -- Set runtime path of "/home/jons/ros2_ws/install/cpp_parameter_event_handler/lib/cpp_parameter_event_handler/parameter_event_handler" to ""
[22.413s] -- Installing: /home/jons/ros2_ws/install/cpp_parameter_event_handler/share/ament_index/resource_index/package_run_dependencies/cpp_parameter_event_handler
[22.414s] -- Installing: /home/jons/ros2_ws/install/cpp_parameter_event_handler/share/ament_index/resource_index/parent_prefix_path/cpp_parameter_event_handler
[22.415s] -- Installing: /home/jons/ros2_ws/install/cpp_parameter_event_handler/share/cpp_parameter_event_handler/environment/ament_prefix_path.sh
[22.416s] -- Installing: /home/jons/ros2_ws/install/cpp_parameter_event_handler/share/cpp_parameter_event_handler/environment/ament_prefix_path.dsv
[22.418s] -- Installing: /home/jons/ros2_ws/install/cpp_parameter_event_handler/share/cpp_parameter_event_handler/environment/path.sh
[22.419s] -- Installing: /home/jons/ros2_ws/install/cpp_parameter_event_handler/share/cpp_parameter_event_handler/environment/path.dsv
[22.420s] -- Installing: /home/jons/ros2_ws/install/cpp_parameter_event_handler/share/cpp_parameter_event_handler/local_setup.bash
[22.421s] -- Installing: /home/jons/ros2_ws/install/cpp_parameter_event_handler/share/cpp_parameter_event_handler/local_setup.sh
[22.422s] -- Installing: /home/jons/ros2_ws/install/cpp_parameter_event_handler/share/cpp_parameter_event_handler/local_setup.zsh
[22.423s] -- Installing: /home/jons/ros2_ws/install/cpp_parameter_event_handler/share/cpp_parameter_event_handler/local_setup.dsv
[22.423s] -- Installing: /home/jons/ros2_ws/install/cpp_parameter_event_handler/share/cpp_parameter_event_handler/package.dsv
[22.424s] -- Installing: /home/jons/ros2_ws/install/cpp_parameter_event_handler/share/ament_index/resource_index/packages/cpp_parameter_event_handler
[22.425s] -- Installing: /home/jons/ros2_ws/install/cpp_parameter_event_handler/share/cpp_parameter_event_handler/cmake/cpp_parameter_event_handlerConfig.cmake
[22.426s] -- Installing: /home/jons/ros2_ws/install/cpp_parameter_event_handler/share/cpp_parameter_event_handler/cmake/cpp_parameter_event_handlerConfig-version.cmake
[22.427s] -- Installing: /home/jons/ros2_ws/install/cpp_parameter_event_handler/share/cpp_parameter_event_handler/package.xml
[22.432s] Invoked command in '/home/jons/ros2_ws/build/cpp_parameter_event_handler' returned '0': CMAKE_PREFIX_PATH=/opt/ros/humble /usr/bin/cmake --install /home/jons/ros2_ws/build/cpp_parameter_event_handler
