[1.447s] Invoking command in '/home/jons/ros2_ws/src/py_pubsub': PYTHONPATH=/home/jons/ros2_ws/install/py_pubsub/lib/python3.10/site-packages:${PYTHONPATH} /usr/bin/python3 setup.py egg_info --egg-base ../../build/py_pubsub build --build-base /home/jons/ros2_ws/build/py_pubsub/build install --prefix /home/jons/ros2_ws/install/py_pubsub --record /home/jons/ros2_ws/build/py_pubsub/install.log --single-version-externally-managed
[1.914s] running egg_info
[1.915s] writing ../../build/py_pubsub/py_pubsub.egg-info/PKG-INFO
[1.924s] writing dependency_links to ../../build/py_pubsub/py_pubsub.egg-info/dependency_links.txt
[1.924s] writing entry points to ../../build/py_pubsub/py_pubsub.egg-info/entry_points.txt
[1.925s] writing requirements to ../../build/py_pubsub/py_pubsub.egg-info/requires.txt
[1.926s] writing top-level names to ../../build/py_pubsub/py_pubsub.egg-info/top_level.txt
[1.929s] reading manifest file '../../build/py_pubsub/py_pubsub.egg-info/SOURCES.txt'
[1.932s] writing manifest file '../../build/py_pubsub/py_pubsub.egg-info/SOURCES.txt'
[1.933s] running build
[1.933s] running build_py
[1.935s] copying py_pubsub/subscriber_member_function.py -> /home/jons/ros2_ws/build/py_pubsub/build/lib/py_pubsub
[1.935s] copying py_pubsub/publisher_member_function.py -> /home/jons/ros2_ws/build/py_pubsub/build/lib/py_pubsub
[1.936s] running install
[1.936s] /usr/lib/python3/dist-packages/setuptools/command/install.py:34: SetuptoolsDeprecationWarning: setup.py install is deprecated. Use build and pip and other standards-based tools.
[1.936s]   warnings.warn(
[1.941s] running install_lib
[1.942s] copying /home/jons/ros2_ws/build/py_pubsub/build/lib/py_pubsub/subscriber_member_function.py -> /home/jons/ros2_ws/install/py_pubsub/lib/python3.10/site-packages/py_pubsub
[1.942s] copying /home/jons/ros2_ws/build/py_pubsub/build/lib/py_pubsub/publisher_member_function.py -> /home/jons/ros2_ws/install/py_pubsub/lib/python3.10/site-packages/py_pubsub
[1.944s] byte-compiling /home/jons/ros2_ws/install/py_pubsub/lib/python3.10/site-packages/py_pubsub/subscriber_member_function.py to subscriber_member_function.cpython-310.pyc
[1.946s] byte-compiling /home/jons/ros2_ws/install/py_pubsub/lib/python3.10/site-packages/py_pubsub/publisher_member_function.py to publisher_member_function.cpython-310.pyc
[1.948s] running install_data
[1.950s] copying package.xml -> /home/jons/ros2_ws/install/py_pubsub/share/py_pubsub
[1.950s] running install_egg_info
[1.953s] removing '/home/jons/ros2_ws/install/py_pubsub/lib/python3.10/site-packages/py_pubsub-0.0.0-py3.10.egg-info' (and everything under it)
[1.955s] Copying ../../build/py_pubsub/py_pubsub.egg-info to /home/jons/ros2_ws/install/py_pubsub/lib/python3.10/site-packages/py_pubsub-0.0.0-py3.10.egg-info
[1.958s] running install_scripts
[1.995s] Installing listener script to /home/jons/ros2_ws/install/py_pubsub/lib/py_pubsub
[1.996s] Installing talker script to /home/jons/ros2_ws/install/py_pubsub/lib/py_pubsub
[1.997s] writing list of installed files to '/home/jons/ros2_ws/build/py_pubsub/install.log'
[2.037s] Invoked command in '/home/jons/ros2_ws/src/py_pubsub' returned '0': PYTHONPATH=/home/jons/ros2_ws/install/py_pubsub/lib/python3.10/site-packages:${PYTHONPATH} /usr/bin/python3 setup.py egg_info --egg-base ../../build/py_pubsub build --build-base /home/jons/ros2_ws/build/py_pubsub/build install --prefix /home/jons/ros2_ws/install/py_pubsub --record /home/jons/ros2_ws/build/py_pubsub/install.log --single-version-externally-managed
