[0.029s] Invoking command in '/home/jons/ros2_ws/build/turtlesim': CMAKE_PREFIX_PATH=${CMAKE_PREFIX_PATH}:/opt/ros/rolling:/home/jons/ros2_ws/install/launch_testing_examples:/home/jons/ros2_ws/install/examples_rclpy_pointcloud_publisher:/home/jons/ros2_ws/install/examples_rclpy_minimal_subscriber:/home/jons/ros2_ws/install/examples_rclpy_minimal_service:/home/jons/ros2_ws/install/examples_rclpy_minimal_publisher:/home/jons/ros2_ws/install/examples_rclpy_minimal_client:/home/jons/ros2_ws/install/examples_rclpy_minimal_action_server:/home/jons/ros2_ws/install/examples_rclpy_minimal_action_client:/home/jons/ros2_ws/install/examples_rclpy_guard_conditions:/home/jons/ros2_ws/install/examples_rclpy_executors:/opt/ros/humble /usr/bin/cmake /home/jons/ros2_ws/ros_tutorials/turtlesim -DCMAKE_INSTALL_PREFIX=/home/jons/ros2_ws/install/turtlesim
[0.169s] -- The C compiler identification is GNU 11.2.0
[0.300s] -- The CXX compiler identification is GNU 11.2.0
[0.314s] -- Detecting C compiler ABI info
[0.465s] -- Detecting C compiler ABI info - done
[0.473s] -- Check for working C compiler: /usr/bin/cc - skipped
[0.473s] -- Detecting C compile features
[0.474s] -- Detecting C compile features - done
[0.482s] -- Detecting CXX compiler ABI info
[0.669s] -- Detecting CXX compiler ABI info - done
[0.677s] -- Check for working CXX compiler: /usr/bin/c++ - skipped
[0.677s] -- Detecting CXX compile features
[0.678s] -- Detecting CXX compile features - done
[0.692s] -- Found ament_cmake: 1.5.0 (/opt/ros/rolling/share/ament_cmake/cmake)
[1.120s] -- Found Python3: /usr/bin/python3.10 (found version "3.10.4") found components: Interpreter 
[1.392s] -- Found ament_index_cpp: 1.5.0 (/opt/ros/rolling/share/ament_index_cpp/cmake)
[1.401s] -- Found geometry_msgs: 4.5.0 (/opt/ros/rolling/share/geometry_msgs/cmake)
[1.545s] -- Found rosidl_generator_c: 3.2.1 (/opt/ros/rolling/share/rosidl_generator_c/cmake)
[1.567s] -- Found rosidl_adapter: 3.2.1 (/opt/ros/rolling/share/rosidl_adapter/cmake)
[1.596s] -- Found rosidl_generator_cpp: 3.2.1 (/opt/ros/rolling/share/rosidl_generator_cpp/cmake)
[1.661s] -- Using all available rosidl_typesupport_c: rosidl_typesupport_fastrtps_c;rosidl_typesupport_introspection_c
[1.722s] -- Using all available rosidl_typesupport_cpp: rosidl_typesupport_fastrtps_cpp;rosidl_typesupport_introspection_cpp
[2.037s] -- Found rclcpp: 16.2.0 (/opt/ros/rolling/share/rclcpp/cmake)
[2.189s] -- Found rmw_implementation_cmake: 6.3.0 (/opt/ros/rolling/share/rmw_implementation_cmake/cmake)
[2.200s] -- Found rmw_fastrtps_cpp: 6.3.0 (/opt/ros/rolling/share/rmw_fastrtps_cpp/cmake)
[2.447s] -- Found OpenSSL: /usr/lib/x86_64-linux-gnu/libcrypto.so (found version "3.0.2")  
[2.498s] -- Found FastRTPS: /opt/ros/rolling/include  
[2.592s] -- Using RMW implementation 'rmw_fastrtps_cpp' as default
[2.804s] -- Found rclcpp_action: 16.2.0 (/opt/ros/rolling/share/rclcpp_action/cmake)
[2.989s] -- Found rosidl_default_generators: 1.2.0 (/opt/ros/humble/share/rosidl_default_generators/cmake)
[3.022s] -- Found std_srvs: 4.5.0 (/opt/ros/rolling/share/std_srvs/cmake)
[3.609s] -- Found ament_cmake_ros: 0.11.0 (/opt/ros/rolling/share/ament_cmake_ros/cmake)
[4.284s] -- Using all available rosidl_typesupport_c: rosidl_typesupport_fastrtps_c;rosidl_typesupport_introspection_c
[4.533s] -- Using all available rosidl_typesupport_cpp: rosidl_typesupport_fastrtps_cpp;rosidl_typesupport_introspection_cpp
[4.587s] -- Found PythonInterp: /usr/bin/python3 (found suitable version "3.10.4", minimum required is "3.6") 
[4.596s] -- Found python_cmake_module: 0.10.0 (/opt/ros/rolling/share/python_cmake_module/cmake)
[4.657s] -- Found PythonLibs: /usr/lib/x86_64-linux-gnu/libpython3.10.so (found suitable version "3.10.4", minimum required is "3.5") 
[4.657s] -- Using PYTHON_EXECUTABLE: /usr/bin/python3
[4.657s] -- Using PYTHON_INCLUDE_DIRS: /usr/include/python3.10
[4.657s] -- Using PYTHON_LIBRARIES: /usr/lib/x86_64-linux-gnu/libpython3.10.so
[4.701s] -- Found PythonExtra: .so  
[4.824s] -- Configuring done
[4.960s] -- Generating done
[4.968s] -- Build files have been written to: /home/jons/ros2_ws/build/turtlesim
[4.987s] Invoked command in '/home/jons/ros2_ws/build/turtlesim' returned '0': CMAKE_PREFIX_PATH=${CMAKE_PREFIX_PATH}:/opt/ros/rolling:/home/jons/ros2_ws/install/launch_testing_examples:/home/jons/ros2_ws/install/examples_rclpy_pointcloud_publisher:/home/jons/ros2_ws/install/examples_rclpy_minimal_subscriber:/home/jons/ros2_ws/install/examples_rclpy_minimal_service:/home/jons/ros2_ws/install/examples_rclpy_minimal_publisher:/home/jons/ros2_ws/install/examples_rclpy_minimal_client:/home/jons/ros2_ws/install/examples_rclpy_minimal_action_server:/home/jons/ros2_ws/install/examples_rclpy_minimal_action_client:/home/jons/ros2_ws/install/examples_rclpy_guard_conditions:/home/jons/ros2_ws/install/examples_rclpy_executors:/opt/ros/humble /usr/bin/cmake /home/jons/ros2_ws/ros_tutorials/turtlesim -DCMAKE_INSTALL_PREFIX=/home/jons/ros2_ws/install/turtlesim
[4.990s] Invoking command in '/home/jons/ros2_ws/build/turtlesim': CMAKE_PREFIX_PATH=${CMAKE_PREFIX_PATH}:/opt/ros/rolling:/home/jons/ros2_ws/install/launch_testing_examples:/home/jons/ros2_ws/install/examples_rclpy_pointcloud_publisher:/home/jons/ros2_ws/install/examples_rclpy_minimal_subscriber:/home/jons/ros2_ws/install/examples_rclpy_minimal_service:/home/jons/ros2_ws/install/examples_rclpy_minimal_publisher:/home/jons/ros2_ws/install/examples_rclpy_minimal_client:/home/jons/ros2_ws/install/examples_rclpy_minimal_action_server:/home/jons/ros2_ws/install/examples_rclpy_minimal_action_client:/home/jons/ros2_ws/install/examples_rclpy_guard_conditions:/home/jons/ros2_ws/install/examples_rclpy_executors:/opt/ros/humble /usr/bin/cmake --build /home/jons/ros2_ws/build/turtlesim -- -j2 -l2
[5.090s] [  1%] [34m[1mGenerating C code for ROS interfaces[0m
[5.116s] [  2%] [34m[1mGenerating C++ code for ROS interfaces[0m
[6.749s] [  2%] Built target turtlesim__cpp
[6.814s] [  2%] Built target ament_cmake_python_copy_turtlesim
[6.837s] [  3%] [34m[1mGenerating C++ type support dispatch for ROS interfaces[0m
[7.006s] [  4%] [32mBuilding C object CMakeFiles/turtlesim__rosidl_generator_c.dir/rosidl_generator_c/turtlesim/action/detail/rotate_absolute__functions.c.o[0m
[7.236s] [  5%] [32mBuilding C object CMakeFiles/turtlesim__rosidl_generator_c.dir/rosidl_generator_c/turtlesim/msg/detail/color__functions.c.o[0m
[7.349s] [  6%] [32mBuilding C object CMakeFiles/turtlesim__rosidl_generator_c.dir/rosidl_generator_c/turtlesim/msg/detail/pose__functions.c.o[0m
[7.456s] [  7%] [32mBuilding C object CMakeFiles/turtlesim__rosidl_generator_c.dir/rosidl_generator_c/turtlesim/srv/detail/kill__functions.c.o[0m
[7.584s] [  8%] [32mBuilding C object CMakeFiles/turtlesim__rosidl_generator_c.dir/rosidl_generator_c/turtlesim/srv/detail/set_pen__functions.c.o[0m
[7.609s] [  9%] [32mBuilding CXX object CMakeFiles/turtlesim__rosidl_typesupport_cpp.dir/rosidl_typesupport_cpp/turtlesim/action/rotate_absolute__type_support.cpp.o[0m
[7.716s] [ 10%] [32mBuilding C object CMakeFiles/turtlesim__rosidl_generator_c.dir/rosidl_generator_c/turtlesim/srv/detail/spawn__functions.c.o[0m
[7.832s] [ 11%] [32mBuilding C object CMakeFiles/turtlesim__rosidl_generator_c.dir/rosidl_generator_c/turtlesim/srv/detail/teleport_absolute__functions.c.o[0m
[7.941s] [ 12%] [32mBuilding C object CMakeFiles/turtlesim__rosidl_generator_c.dir/rosidl_generator_c/turtlesim/srv/detail/teleport_relative__functions.c.o[0m
[8.094s] [ 13%] [32m[1mLinking C shared library libturtlesim__rosidl_generator_c.so[0m
[8.195s] [ 13%] Built target turtlesim__rosidl_generator_c
[8.221s] [ 14%] [34m[1mGenerating C++ type support for eProsima Fast-RTPS[0m
[8.397s] [ 15%] [32mBuilding CXX object CMakeFiles/turtlesim__rosidl_typesupport_cpp.dir/rosidl_typesupport_cpp/turtlesim/msg/color__type_support.cpp.o[0m
[8.883s] [ 16%] [32mBuilding CXX object CMakeFiles/turtlesim__rosidl_typesupport_cpp.dir/rosidl_typesupport_cpp/turtlesim/msg/pose__type_support.cpp.o[0m
[9.383s] [ 17%] [32mBuilding CXX object CMakeFiles/turtlesim__rosidl_typesupport_cpp.dir/rosidl_typesupport_cpp/turtlesim/srv/kill__type_support.cpp.o[0m
[9.481s] [ 18%] [32mBuilding CXX object CMakeFiles/turtlesim__rosidl_typesupport_fastrtps_cpp.dir/rosidl_typesupport_fastrtps_cpp/turtlesim/action/detail/dds_fastrtps/rotate_absolute__type_support.cpp.o[0m
[9.884s] [ 19%] [32mBuilding CXX object CMakeFiles/turtlesim__rosidl_typesupport_cpp.dir/rosidl_typesupport_cpp/turtlesim/srv/set_pen__type_support.cpp.o[0m
[10.427s] [ 20%] [32mBuilding CXX object CMakeFiles/turtlesim__rosidl_typesupport_cpp.dir/rosidl_typesupport_cpp/turtlesim/srv/spawn__type_support.cpp.o[0m
[10.477s] [ 21%] [32mBuilding CXX object CMakeFiles/turtlesim__rosidl_typesupport_fastrtps_cpp.dir/rosidl_typesupport_fastrtps_cpp/turtlesim/msg/detail/dds_fastrtps/color__type_support.cpp.o[0m
[10.918s] [ 22%] [32mBuilding CXX object CMakeFiles/turtlesim__rosidl_typesupport_cpp.dir/rosidl_typesupport_cpp/turtlesim/srv/teleport_absolute__type_support.cpp.o[0m
[11.144s] [ 23%] [32mBuilding CXX object CMakeFiles/turtlesim__rosidl_typesupport_fastrtps_cpp.dir/rosidl_typesupport_fastrtps_cpp/turtlesim/msg/detail/dds_fastrtps/pose__type_support.cpp.o[0m
[11.470s] [ 24%] [32mBuilding CXX object CMakeFiles/turtlesim__rosidl_typesupport_cpp.dir/rosidl_typesupport_cpp/turtlesim/srv/teleport_relative__type_support.cpp.o[0m
[11.909s] [ 25%] [32mBuilding CXX object CMakeFiles/turtlesim__rosidl_typesupport_fastrtps_cpp.dir/rosidl_typesupport_fastrtps_cpp/turtlesim/srv/detail/dds_fastrtps/kill__type_support.cpp.o[0m
[11.993s] [ 26%] [32m[1mLinking CXX shared library libturtlesim__rosidl_typesupport_cpp.so[0m
[12.106s] [ 26%] Built target turtlesim__rosidl_typesupport_cpp
[12.135s] [ 27%] [34m[1mGenerating C introspection for ROS interfaces[0m
[12.610s] [ 28%] [32mBuilding CXX object CMakeFiles/turtlesim__rosidl_typesupport_fastrtps_cpp.dir/rosidl_typesupport_fastrtps_cpp/turtlesim/srv/detail/dds_fastrtps/set_pen__type_support.cpp.o[0m
[13.282s] [ 29%] [32mBuilding CXX object CMakeFiles/turtlesim__rosidl_typesupport_fastrtps_cpp.dir/rosidl_typesupport_fastrtps_cpp/turtlesim/srv/detail/dds_fastrtps/spawn__type_support.cpp.o[0m
[13.354s] [ 30%] [32mBuilding C object CMakeFiles/turtlesim__rosidl_typesupport_introspection_c.dir/rosidl_typesupport_introspection_c/turtlesim/action/detail/rotate_absolute__type_support.c.o[0m
[13.500s] [ 31%] [32mBuilding C object CMakeFiles/turtlesim__rosidl_typesupport_introspection_c.dir/rosidl_typesupport_introspection_c/turtlesim/msg/detail/color__type_support.c.o[0m
[13.603s] [ 32%] [32mBuilding C object CMakeFiles/turtlesim__rosidl_typesupport_introspection_c.dir/rosidl_typesupport_introspection_c/turtlesim/msg/detail/pose__type_support.c.o[0m
[13.716s] [ 33%] [32mBuilding C object CMakeFiles/turtlesim__rosidl_typesupport_introspection_c.dir/rosidl_typesupport_introspection_c/turtlesim/srv/detail/kill__type_support.c.o[0m
[13.803s] [ 34%] [32mBuilding C object CMakeFiles/turtlesim__rosidl_typesupport_introspection_c.dir/rosidl_typesupport_introspection_c/turtlesim/srv/detail/set_pen__type_support.c.o[0m
[13.909s] [ 35%] [32mBuilding C object CMakeFiles/turtlesim__rosidl_typesupport_introspection_c.dir/rosidl_typesupport_introspection_c/turtlesim/srv/detail/spawn__type_support.c.o[0m
[14.027s] [ 36%] [32mBuilding C object CMakeFiles/turtlesim__rosidl_typesupport_introspection_c.dir/rosidl_typesupport_introspection_c/turtlesim/srv/detail/teleport_absolute__type_support.c.o[0m
[14.095s] [ 37%] [32mBuilding CXX object CMakeFiles/turtlesim__rosidl_typesupport_fastrtps_cpp.dir/rosidl_typesupport_fastrtps_cpp/turtlesim/srv/detail/dds_fastrtps/teleport_absolute__type_support.cpp.o[0m
[14.143s] [ 38%] [32mBuilding C object CMakeFiles/turtlesim__rosidl_typesupport_introspection_c.dir/rosidl_typesupport_introspection_c/turtlesim/srv/detail/teleport_relative__type_support.c.o[0m
[14.264s] [ 39%] [32m[1mLinking C shared library libturtlesim__rosidl_typesupport_introspection_c.so[0m
[14.371s] [ 39%] Built target turtlesim__rosidl_typesupport_introspection_c
[14.396s] [ 40%] [34m[1mGenerating C type support dispatch for ROS interfaces[0m
[14.836s] [ 41%] [32mBuilding CXX object CMakeFiles/turtlesim__rosidl_typesupport_fastrtps_cpp.dir/rosidl_typesupport_fastrtps_cpp/turtlesim/srv/detail/dds_fastrtps/teleport_relative__type_support.cpp.o[0m
[15.216s] [ 42%] [32mBuilding CXX object CMakeFiles/turtlesim__rosidl_typesupport_c.dir/rosidl_typesupport_c/turtlesim/action/rotate_absolute__type_support.cpp.o[0m
[15.383s] [ 43%] [32mBuilding CXX object CMakeFiles/turtlesim__rosidl_typesupport_c.dir/rosidl_typesupport_c/turtlesim/msg/color__type_support.cpp.o[0m
[15.461s] [ 44%] [32mBuilding CXX object CMakeFiles/turtlesim__rosidl_typesupport_c.dir/rosidl_typesupport_c/turtlesim/msg/pose__type_support.cpp.o[0m
[15.557s] [ 45%] [32mBuilding CXX object CMakeFiles/turtlesim__rosidl_typesupport_c.dir/rosidl_typesupport_c/turtlesim/srv/kill__type_support.cpp.o[0m
[15.578s] [ 46%] [32m[1mLinking CXX shared library libturtlesim__rosidl_typesupport_fastrtps_cpp.so[0m
[15.640s] [ 47%] [32mBuilding CXX object CMakeFiles/turtlesim__rosidl_typesupport_c.dir/rosidl_typesupport_c/turtlesim/srv/set_pen__type_support.cpp.o[0m
[15.723s] [ 48%] [32mBuilding CXX object CMakeFiles/turtlesim__rosidl_typesupport_c.dir/rosidl_typesupport_c/turtlesim/srv/spawn__type_support.cpp.o[0m
[15.742s] [ 48%] Built target turtlesim__rosidl_typesupport_fastrtps_cpp
[15.767s] [ 49%] [34m[1mGenerating C++ introspection for ROS interfaces[0m
[15.813s] [ 50%] [32mBuilding CXX object CMakeFiles/turtlesim__rosidl_typesupport_c.dir/rosidl_typesupport_c/turtlesim/srv/teleport_absolute__type_support.cpp.o[0m
[15.911s] [ 51%] [32mBuilding CXX object CMakeFiles/turtlesim__rosidl_typesupport_c.dir/rosidl_typesupport_c/turtlesim/srv/teleport_relative__type_support.cpp.o[0m
[15.997s] [ 52%] [32m[1mLinking CXX shared library libturtlesim__rosidl_typesupport_c.so[0m
[16.114s] [ 52%] Built target turtlesim__rosidl_typesupport_c
[16.730s] running egg_info
[16.731s] creating turtlesim.egg-info
[16.732s] writing turtlesim.egg-info/PKG-INFO
[16.732s] writing dependency_links to turtlesim.egg-info/dependency_links.txt
[16.733s] writing top-level names to turtlesim.egg-info/top_level.txt
[16.734s] writing manifest file 'turtlesim.egg-info/SOURCES.txt'
[16.739s] reading manifest file 'turtlesim.egg-info/SOURCES.txt'
[16.740s] writing manifest file 'turtlesim.egg-info/SOURCES.txt'
[16.777s] [ 52%] Built target ament_cmake_python_build_turtlesim_egg
[16.804s] [ 53%] [34m[1mGenerating include/turtlesim/moc_turtle_frame.cpp[0m
[16.972s] [ 54%] [32mBuilding CXX object CMakeFiles/turtlesim__rosidl_typesupport_introspection_cpp.dir/rosidl_typesupport_introspection_cpp/turtlesim/action/detail/rotate_absolute__type_support.cpp.o[0m
[17.021s] [ 55%] [32mBuilding CXX object CMakeFiles/turtlesim_node.dir/src/turtlesim.cpp.o[0m
[18.044s] [ 56%] [32mBuilding CXX object CMakeFiles/turtlesim__rosidl_typesupport_introspection_cpp.dir/rosidl_typesupport_introspection_cpp/turtlesim/msg/detail/color__type_support.cpp.o[0m
[18.717s] [ 57%] [32mBuilding CXX object CMakeFiles/turtlesim__rosidl_typesupport_introspection_cpp.dir/rosidl_typesupport_introspection_cpp/turtlesim/msg/detail/pose__type_support.cpp.o[0m
[19.391s] [ 58%] [32mBuilding CXX object CMakeFiles/turtlesim__rosidl_typesupport_introspection_cpp.dir/rosidl_typesupport_introspection_cpp/turtlesim/srv/detail/kill__type_support.cpp.o[0m
[20.130s] [ 59%] [32mBuilding CXX object CMakeFiles/turtlesim__rosidl_typesupport_introspection_cpp.dir/rosidl_typesupport_introspection_cpp/turtlesim/srv/detail/set_pen__type_support.cpp.o[0m
[20.892s] [ 60%] [32mBuilding CXX object CMakeFiles/turtlesim__rosidl_typesupport_introspection_cpp.dir/rosidl_typesupport_introspection_cpp/turtlesim/srv/detail/spawn__type_support.cpp.o[0m
[21.613s] [ 61%] [32mBuilding CXX object CMakeFiles/turtlesim__rosidl_typesupport_introspection_cpp.dir/rosidl_typesupport_introspection_cpp/turtlesim/srv/detail/teleport_absolute__type_support.cpp.o[0m
[22.404s] [ 62%] [32mBuilding CXX object CMakeFiles/turtlesim__rosidl_typesupport_introspection_cpp.dir/rosidl_typesupport_introspection_cpp/turtlesim/srv/detail/teleport_relative__type_support.cpp.o[0m
[23.129s] [ 63%] [32m[1mLinking CXX shared library libturtlesim__rosidl_typesupport_introspection_cpp.so[0m
[23.284s] [ 63%] Built target turtlesim__rosidl_typesupport_introspection_cpp
[23.339s] [ 64%] [32mBuilding CXX object CMakeFiles/turtle_teleop_key.dir/tutorials/teleop_turtle_key.cpp.o[0m
[24.315s] [ 65%] [32mBuilding CXX object CMakeFiles/turtlesim_node.dir/src/turtle.cpp.o[0m
[32.712s] [ 66%] [32m[1mLinking CXX executable turtle_teleop_key[0m
[33.383s] [ 66%] Built target turtle_teleop_key
[33.433s] [ 67%] [32mBuilding CXX object CMakeFiles/draw_square.dir/tutorials/draw_square.cpp.o[0m
[42.056s] [ 68%] [32mBuilding CXX object CMakeFiles/turtlesim_node.dir/src/turtle_frame.cpp.o[0m
[46.764s] [ 69%] [32m[1mLinking CXX executable draw_square[0m
[47.641s] [ 69%] Built target draw_square
[47.688s] [ 70%] [32mBuilding CXX object CMakeFiles/mimic.dir/tutorials/mimic.cpp.o[0m
[59.156s] [ 71%] [32mBuilding CXX object CMakeFiles/turtlesim_node.dir/include/turtlesim/moc_turtle_frame.cpp.o[0m
[60.335s] [ 72%] [32m[1mLinking CXX executable mimic[0m
[61.156s] [ 72%] Built target mimic
[61.183s] [ 73%] [34m[1mGenerating C type support for eProsima Fast-RTPS[0m
[62.492s] [ 74%] [32mBuilding CXX object CMakeFiles/turtlesim__rosidl_typesupport_fastrtps_c.dir/rosidl_typesupport_fastrtps_c/turtlesim/action/detail/rotate_absolute__type_support_c.cpp.o[0m
[63.208s] [ 75%] [32mBuilding CXX object CMakeFiles/turtlesim__rosidl_typesupport_fastrtps_c.dir/rosidl_typesupport_fastrtps_c/turtlesim/msg/detail/color__type_support_c.cpp.o[0m
[63.834s] [ 76%] [32mBuilding CXX object CMakeFiles/turtlesim__rosidl_typesupport_fastrtps_c.dir/rosidl_typesupport_fastrtps_c/turtlesim/msg/detail/pose__type_support_c.cpp.o[0m
[64.424s] [ 77%] [32mBuilding CXX object CMakeFiles/turtlesim__rosidl_typesupport_fastrtps_c.dir/rosidl_typesupport_fastrtps_c/turtlesim/srv/detail/kill__type_support_c.cpp.o[0m
[65.130s] [ 78%] [32mBuilding CXX object CMakeFiles/turtlesim__rosidl_typesupport_fastrtps_c.dir/rosidl_typesupport_fastrtps_c/turtlesim/srv/detail/set_pen__type_support_c.cpp.o[0m
[65.780s] [ 79%] [32mBuilding CXX object CMakeFiles/turtlesim__rosidl_typesupport_fastrtps_c.dir/rosidl_typesupport_fastrtps_c/turtlesim/srv/detail/spawn__type_support_c.cpp.o[0m
[65.789s] [ 80%] [32m[1mLinking CXX executable turtlesim_node[0m
[66.427s] [ 81%] [32mBuilding CXX object CMakeFiles/turtlesim__rosidl_typesupport_fastrtps_c.dir/rosidl_typesupport_fastrtps_c/turtlesim/srv/detail/teleport_absolute__type_support_c.cpp.o[0m
[67.110s] [ 82%] [32mBuilding CXX object CMakeFiles/turtlesim__rosidl_typesupport_fastrtps_c.dir/rosidl_typesupport_fastrtps_c/turtlesim/srv/detail/teleport_relative__type_support_c.cpp.o[0m
[67.808s] [ 83%] [32m[1mLinking CXX shared library libturtlesim__rosidl_typesupport_fastrtps_c.so[0m
[68.022s] [ 83%] Built target turtlesim__rosidl_typesupport_fastrtps_c
[68.073s] [ 83%] Built target turtlesim
[68.125s] [ 84%] [34m[1mGenerating Python code for ROS interfaces[0m
[69.091s] [ 84%] Built target turtlesim_node
[70.326s] [ 84%] Built target turtlesim__py
[70.376s] [ 86%] [32mBuilding C object CMakeFiles/turtlesim__rosidl_generator_py.dir/rosidl_generator_py/turtlesim/action/_rotate_absolute_s.c.o[0m
[70.376s] [ 86%] [32mBuilding C object CMakeFiles/turtlesim__rosidl_generator_py.dir/rosidl_generator_py/turtlesim/msg/_color_s.c.o[0m
[70.662s] [ 87%] [32mBuilding C object CMakeFiles/turtlesim__rosidl_generator_py.dir/rosidl_generator_py/turtlesim/msg/_pose_s.c.o[0m
[70.723s] [ 88%] [32mBuilding C object CMakeFiles/turtlesim__rosidl_generator_py.dir/rosidl_generator_py/turtlesim/srv/_kill_s.c.o[0m
[70.926s] [ 89%] [32mBuilding C object CMakeFiles/turtlesim__rosidl_generator_py.dir/rosidl_generator_py/turtlesim/srv/_set_pen_s.c.o[0m
[71.010s] [ 90%] [32mBuilding C object CMakeFiles/turtlesim__rosidl_generator_py.dir/rosidl_generator_py/turtlesim/srv/_spawn_s.c.o[0m
[71.159s] [ 91%] [32mBuilding C object CMakeFiles/turtlesim__rosidl_generator_py.dir/rosidl_generator_py/turtlesim/srv/_teleport_absolute_s.c.o[0m
[71.265s] [ 92%] [32mBuilding C object CMakeFiles/turtlesim__rosidl_generator_py.dir/rosidl_generator_py/turtlesim/srv/_teleport_relative_s.c.o[0m
[71.472s] [ 93%] [32m[1mLinking C shared library rosidl_generator_py/turtlesim/libturtlesim__rosidl_generator_py.so[0m
[71.573s] [ 93%] Built target turtlesim__rosidl_generator_py
[71.619s] [ 94%] [32mBuilding C object CMakeFiles/turtlesim__rosidl_typesupport_fastrtps_c__pyext.dir/rosidl_generator_py/turtlesim/_turtlesim_s.ep.rosidl_typesupport_fastrtps_c.c.o[0m
[71.621s] [ 95%] [32mBuilding C object CMakeFiles/turtlesim__rosidl_typesupport_introspection_c__pyext.dir/rosidl_generator_py/turtlesim/_turtlesim_s.ep.rosidl_typesupport_introspection_c.c.o[0m
[71.949s] [ 96%] [32m[1mLinking C shared library rosidl_generator_py/turtlesim/turtlesim_s__rosidl_typesupport_fastrtps_c.cpython-310-x86_64-linux-gnu.so[0m
[71.962s] [ 97%] [32m[1mLinking C shared library rosidl_generator_py/turtlesim/turtlesim_s__rosidl_typesupport_introspection_c.cpython-310-x86_64-linux-gnu.so[0m
[72.059s] [ 97%] Built target turtlesim__rosidl_typesupport_fastrtps_c__pyext
[72.068s] [ 97%] Built target turtlesim__rosidl_typesupport_introspection_c__pyext
[72.113s] [ 98%] [32mBuilding C object CMakeFiles/turtlesim__rosidl_typesupport_c__pyext.dir/rosidl_generator_py/turtlesim/_turtlesim_s.ep.rosidl_typesupport_c.c.o[0m
[72.436s] [100%] [32m[1mLinking C shared library rosidl_generator_py/turtlesim/turtlesim_s__rosidl_typesupport_c.cpython-310-x86_64-linux-gnu.so[0m
[72.534s] [100%] Built target turtlesim__rosidl_typesupport_c__pyext
[72.560s] Invoked command in '/home/jons/ros2_ws/build/turtlesim' returned '0': CMAKE_PREFIX_PATH=${CMAKE_PREFIX_PATH}:/opt/ros/rolling:/home/jons/ros2_ws/install/launch_testing_examples:/home/jons/ros2_ws/install/examples_rclpy_pointcloud_publisher:/home/jons/ros2_ws/install/examples_rclpy_minimal_subscriber:/home/jons/ros2_ws/install/examples_rclpy_minimal_service:/home/jons/ros2_ws/install/examples_rclpy_minimal_publisher:/home/jons/ros2_ws/install/examples_rclpy_minimal_client:/home/jons/ros2_ws/install/examples_rclpy_minimal_action_server:/home/jons/ros2_ws/install/examples_rclpy_minimal_action_client:/home/jons/ros2_ws/install/examples_rclpy_guard_conditions:/home/jons/ros2_ws/install/examples_rclpy_executors:/opt/ros/humble /usr/bin/cmake --build /home/jons/ros2_ws/build/turtlesim -- -j2 -l2
[73.444s] Invoking command in '/home/jons/ros2_ws/build/turtlesim': CMAKE_PREFIX_PATH=${CMAKE_PREFIX_PATH}:/opt/ros/rolling:/home/jons/ros2_ws/install/launch_testing_examples:/home/jons/ros2_ws/install/examples_rclpy_pointcloud_publisher:/home/jons/ros2_ws/install/examples_rclpy_minimal_subscriber:/home/jons/ros2_ws/install/examples_rclpy_minimal_service:/home/jons/ros2_ws/install/examples_rclpy_minimal_publisher:/home/jons/ros2_ws/install/examples_rclpy_minimal_client:/home/jons/ros2_ws/install/examples_rclpy_minimal_action_server:/home/jons/ros2_ws/install/examples_rclpy_minimal_action_client:/home/jons/ros2_ws/install/examples_rclpy_guard_conditions:/home/jons/ros2_ws/install/examples_rclpy_executors:/opt/ros/humble /usr/bin/cmake --install /home/jons/ros2_ws/build/turtlesim
[73.463s] -- Install configuration: ""
[73.464s] -- Installing: /home/jons/ros2_ws/install/turtlesim/share/ament_index/resource_index/rosidl_interfaces/turtlesim
[73.464s] -- Installing: /home/jons/ros2_ws/install/turtlesim/include/turtlesim/turtlesim
[73.464s] -- Installing: /home/jons/ros2_ws/install/turtlesim/include/turtlesim/turtlesim/action
[73.465s] -- Installing: /home/jons/ros2_ws/install/turtlesim/include/turtlesim/turtlesim/action/rotate_absolute.h
[73.465s] -- Installing: /home/jons/ros2_ws/install/turtlesim/include/turtlesim/turtlesim/action/detail
[73.465s] -- Installing: /home/jons/ros2_ws/install/turtlesim/include/turtlesim/turtlesim/action/detail/rotate_absolute__type_support.h
[73.465s] -- Installing: /home/jons/ros2_ws/install/turtlesim/include/turtlesim/turtlesim/action/detail/rotate_absolute__functions.h
[73.466s] -- Installing: /home/jons/ros2_ws/install/turtlesim/include/turtlesim/turtlesim/action/detail/rotate_absolute__functions.c
[73.466s] -- Installing: /home/jons/ros2_ws/install/turtlesim/include/turtlesim/turtlesim/action/detail/rotate_absolute__struct.h
[73.467s] -- Installing: /home/jons/ros2_ws/install/turtlesim/include/turtlesim/turtlesim/srv
[73.467s] -- Installing: /home/jons/ros2_ws/install/turtlesim/include/turtlesim/turtlesim/srv/teleport_relative.h
[73.467s] -- Installing: /home/jons/ros2_ws/install/turtlesim/include/turtlesim/turtlesim/srv/set_pen.h
[73.468s] -- Installing: /home/jons/ros2_ws/install/turtlesim/include/turtlesim/turtlesim/srv/spawn.h
[73.468s] -- Installing: /home/jons/ros2_ws/install/turtlesim/include/turtlesim/turtlesim/srv/kill.h
[73.468s] -- Installing: /home/jons/ros2_ws/install/turtlesim/include/turtlesim/turtlesim/srv/detail
[73.468s] -- Installing: /home/jons/ros2_ws/install/turtlesim/include/turtlesim/turtlesim/srv/detail/spawn__functions.h
[73.469s] -- Installing: /home/jons/ros2_ws/install/turtlesim/include/turtlesim/turtlesim/srv/detail/kill__struct.h
[73.469s] -- Installing: /home/jons/ros2_ws/install/turtlesim/include/turtlesim/turtlesim/srv/detail/teleport_relative__type_support.h
[73.469s] -- Installing: /home/jons/ros2_ws/install/turtlesim/include/turtlesim/turtlesim/srv/detail/spawn__struct.h
[73.470s] -- Installing: /home/jons/ros2_ws/install/turtlesim/include/turtlesim/turtlesim/srv/detail/kill__functions.h
[73.470s] -- Installing: /home/jons/ros2_ws/install/turtlesim/include/turtlesim/turtlesim/srv/detail/teleport_absolute__functions.h
[73.470s] -- Installing: /home/jons/ros2_ws/install/turtlesim/include/turtlesim/turtlesim/srv/detail/kill__functions.c
[73.471s] -- Installing: /home/jons/ros2_ws/install/turtlesim/include/turtlesim/turtlesim/srv/detail/teleport_relative__struct.h
[73.471s] -- Installing: /home/jons/ros2_ws/install/turtlesim/include/turtlesim/turtlesim/srv/detail/set_pen__struct.h
[73.471s] -- Installing: /home/jons/ros2_ws/install/turtlesim/include/turtlesim/turtlesim/srv/detail/spawn__functions.c
[73.471s] -- Installing: /home/jons/ros2_ws/install/turtlesim/include/turtlesim/turtlesim/srv/detail/teleport_relative__functions.c
[73.472s] -- Installing: /home/jons/ros2_ws/install/turtlesim/include/turtlesim/turtlesim/srv/detail/teleport_relative__functions.h
[73.472s] -- Installing: /home/jons/ros2_ws/install/turtlesim/include/turtlesim/turtlesim/srv/detail/set_pen__functions.c
[73.472s] -- Installing: /home/jons/ros2_ws/install/turtlesim/include/turtlesim/turtlesim/srv/detail/set_pen__functions.h
[73.473s] -- Installing: /home/jons/ros2_ws/install/turtlesim/include/turtlesim/turtlesim/srv/detail/spawn__type_support.h
[73.473s] -- Installing: /home/jons/ros2_ws/install/turtlesim/include/turtlesim/turtlesim/srv/detail/teleport_absolute__struct.h
[73.473s] -- Installing: /home/jons/ros2_ws/install/turtlesim/include/turtlesim/turtlesim/srv/detail/teleport_absolute__functions.c
[73.473s] -- Installing: /home/jons/ros2_ws/install/turtlesim/include/turtlesim/turtlesim/srv/detail/kill__type_support.h
[73.474s] -- Installing: /home/jons/ros2_ws/install/turtlesim/include/turtlesim/turtlesim/srv/detail/teleport_absolute__type_support.h
[73.474s] -- Installing: /home/jons/ros2_ws/install/turtlesim/include/turtlesim/turtlesim/srv/detail/set_pen__type_support.h
[73.474s] -- Installing: /home/jons/ros2_ws/install/turtlesim/include/turtlesim/turtlesim/srv/teleport_absolute.h
[73.475s] -- Installing: /home/jons/ros2_ws/install/turtlesim/include/turtlesim/turtlesim/msg
[73.475s] -- Installing: /home/jons/ros2_ws/install/turtlesim/include/turtlesim/turtlesim/msg/rosidl_generator_c__visibility_control.h
[73.476s] -- Installing: /home/jons/ros2_ws/install/turtlesim/include/turtlesim/turtlesim/msg/detail
[73.476s] -- Installing: /home/jons/ros2_ws/install/turtlesim/include/turtlesim/turtlesim/msg/detail/pose__type_support.h
[73.476s] -- Installing: /home/jons/ros2_ws/install/turtlesim/include/turtlesim/turtlesim/msg/detail/pose__functions.c
[73.477s] -- Installing: /home/jons/ros2_ws/install/turtlesim/include/turtlesim/turtlesim/msg/detail/color__functions.h
[73.477s] -- Installing: /home/jons/ros2_ws/install/turtlesim/include/turtlesim/turtlesim/msg/detail/color__struct.h
[73.477s] -- Installing: /home/jons/ros2_ws/install/turtlesim/include/turtlesim/turtlesim/msg/detail/pose__functions.h
[73.477s] -- Installing: /home/jons/ros2_ws/install/turtlesim/include/turtlesim/turtlesim/msg/detail/pose__struct.h
[73.478s] -- Installing: /home/jons/ros2_ws/install/turtlesim/include/turtlesim/turtlesim/msg/detail/color__functions.c
[73.478s] -- Installing: /home/jons/ros2_ws/install/turtlesim/include/turtlesim/turtlesim/msg/detail/color__type_support.h
[73.478s] -- Installing: /home/jons/ros2_ws/install/turtlesim/include/turtlesim/turtlesim/msg/color.h
[73.479s] -- Installing: /home/jons/ros2_ws/install/turtlesim/include/turtlesim/turtlesim/msg/pose.h
[73.479s] -- Installing: /home/jons/ros2_ws/install/turtlesim/share/turtlesim/environment/library_path.sh
[73.479s] -- Installing: /home/jons/ros2_ws/install/turtlesim/share/turtlesim/environment/library_path.dsv
[73.480s] -- Installing: /home/jons/ros2_ws/install/turtlesim/lib/libturtlesim__rosidl_generator_c.so
[73.483s] -- Set runtime path of "/home/jons/ros2_ws/install/turtlesim/lib/libturtlesim__rosidl_generator_c.so" to ""
[73.483s] -- Up-to-date: /home/jons/ros2_ws/install/turtlesim/include/turtlesim/turtlesim
[73.484s] -- Up-to-date: /home/jons/ros2_ws/install/turtlesim/include/turtlesim/turtlesim/action
[73.484s] -- Up-to-date: /home/jons/ros2_ws/install/turtlesim/include/turtlesim/turtlesim/action/detail
[73.484s] -- Installing: /home/jons/ros2_ws/install/turtlesim/include/turtlesim/turtlesim/action/detail/rotate_absolute__rosidl_typesupport_fastrtps_c.h
[73.485s] -- Up-to-date: /home/jons/ros2_ws/install/turtlesim/include/turtlesim/turtlesim/srv
[73.485s] -- Up-to-date: /home/jons/ros2_ws/install/turtlesim/include/turtlesim/turtlesim/srv/detail
[73.486s] -- Installing: /home/jons/ros2_ws/install/turtlesim/include/turtlesim/turtlesim/srv/detail/spawn__rosidl_typesupport_fastrtps_c.h
[73.486s] -- Installing: /home/jons/ros2_ws/install/turtlesim/include/turtlesim/turtlesim/srv/detail/kill__rosidl_typesupport_fastrtps_c.h
[73.486s] -- Installing: /home/jons/ros2_ws/install/turtlesim/include/turtlesim/turtlesim/srv/detail/teleport_relative__rosidl_typesupport_fastrtps_c.h
[73.486s] -- Installing: /home/jons/ros2_ws/install/turtlesim/include/turtlesim/turtlesim/srv/detail/set_pen__rosidl_typesupport_fastrtps_c.h
[73.486s] -- Installing: /home/jons/ros2_ws/install/turtlesim/include/turtlesim/turtlesim/srv/detail/teleport_absolute__rosidl_typesupport_fastrtps_c.h
[73.487s] -- Up-to-date: /home/jons/ros2_ws/install/turtlesim/include/turtlesim/turtlesim/msg
[73.487s] -- Installing: /home/jons/ros2_ws/install/turtlesim/include/turtlesim/turtlesim/msg/rosidl_typesupport_fastrtps_c__visibility_control.h
[73.487s] -- Up-to-date: /home/jons/ros2_ws/install/turtlesim/include/turtlesim/turtlesim/msg/detail
[73.487s] -- Installing: /home/jons/ros2_ws/install/turtlesim/include/turtlesim/turtlesim/msg/detail/color__rosidl_typesupport_fastrtps_c.h
[73.487s] -- Installing: /home/jons/ros2_ws/install/turtlesim/include/turtlesim/turtlesim/msg/detail/pose__rosidl_typesupport_fastrtps_c.h
[73.487s] -- Installing: /home/jons/ros2_ws/install/turtlesim/lib/libturtlesim__rosidl_typesupport_fastrtps_c.so
[73.488s] -- Set runtime path of "/home/jons/ros2_ws/install/turtlesim/lib/libturtlesim__rosidl_typesupport_fastrtps_c.so" to ""
[73.489s] -- Up-to-date: /home/jons/ros2_ws/install/turtlesim/include/turtlesim/turtlesim
[73.489s] -- Up-to-date: /home/jons/ros2_ws/install/turtlesim/include/turtlesim/turtlesim/action
[73.489s] -- Installing: /home/jons/ros2_ws/install/turtlesim/include/turtlesim/turtlesim/action/rotate_absolute.hpp
[73.489s] -- Up-to-date: /home/jons/ros2_ws/install/turtlesim/include/turtlesim/turtlesim/action/detail
[73.490s] -- Installing: /home/jons/ros2_ws/install/turtlesim/include/turtlesim/turtlesim/action/detail/rotate_absolute__struct.hpp
[73.490s] -- Installing: /home/jons/ros2_ws/install/turtlesim/include/turtlesim/turtlesim/action/detail/rotate_absolute__traits.hpp
[73.491s] -- Installing: /home/jons/ros2_ws/install/turtlesim/include/turtlesim/turtlesim/action/detail/rotate_absolute__builder.hpp
[73.491s] -- Up-to-date: /home/jons/ros2_ws/install/turtlesim/include/turtlesim/turtlesim/srv
[73.491s] -- Installing: /home/jons/ros2_ws/install/turtlesim/include/turtlesim/turtlesim/srv/teleport_absolute.hpp
[73.492s] -- Installing: /home/jons/ros2_ws/install/turtlesim/include/turtlesim/turtlesim/srv/teleport_relative.hpp
[73.492s] -- Installing: /home/jons/ros2_ws/install/turtlesim/include/turtlesim/turtlesim/srv/set_pen.hpp
[73.492s] -- Installing: /home/jons/ros2_ws/install/turtlesim/include/turtlesim/turtlesim/srv/spawn.hpp
[73.492s] -- Installing: /home/jons/ros2_ws/install/turtlesim/include/turtlesim/turtlesim/srv/kill.hpp
[73.493s] -- Up-to-date: /home/jons/ros2_ws/install/turtlesim/include/turtlesim/turtlesim/srv/detail
[73.493s] -- Installing: /home/jons/ros2_ws/install/turtlesim/include/turtlesim/turtlesim/srv/detail/teleport_absolute__traits.hpp
[73.493s] -- Installing: /home/jons/ros2_ws/install/turtlesim/include/turtlesim/turtlesim/srv/detail/teleport_absolute__struct.hpp
[73.493s] -- Installing: /home/jons/ros2_ws/install/turtlesim/include/turtlesim/turtlesim/srv/detail/set_pen__struct.hpp
[73.493s] -- Installing: /home/jons/ros2_ws/install/turtlesim/include/turtlesim/turtlesim/srv/detail/teleport_absolute__builder.hpp
[73.494s] -- Installing: /home/jons/ros2_ws/install/turtlesim/include/turtlesim/turtlesim/srv/detail/teleport_relative__struct.hpp
[73.494s] -- Installing: /home/jons/ros2_ws/install/turtlesim/include/turtlesim/turtlesim/srv/detail/spawn__builder.hpp
[73.495s] -- Installing: /home/jons/ros2_ws/install/turtlesim/include/turtlesim/turtlesim/srv/detail/kill__builder.hpp
[73.495s] -- Installing: /home/jons/ros2_ws/install/turtlesim/include/turtlesim/turtlesim/srv/detail/teleport_relative__builder.hpp
[73.495s] -- Installing: /home/jons/ros2_ws/install/turtlesim/include/turtlesim/turtlesim/srv/detail/set_pen__builder.hpp
[73.496s] -- Installing: /home/jons/ros2_ws/install/turtlesim/include/turtlesim/turtlesim/srv/detail/kill__struct.hpp
[73.496s] -- Installing: /home/jons/ros2_ws/install/turtlesim/include/turtlesim/turtlesim/srv/detail/teleport_relative__traits.hpp
[73.497s] -- Installing: /home/jons/ros2_ws/install/turtlesim/include/turtlesim/turtlesim/srv/detail/spawn__traits.hpp
[73.497s] -- Installing: /home/jons/ros2_ws/install/turtlesim/include/turtlesim/turtlesim/srv/detail/kill__traits.hpp
[73.498s] -- Installing: /home/jons/ros2_ws/install/turtlesim/include/turtlesim/turtlesim/srv/detail/spawn__struct.hpp
[73.499s] -- Installing: /home/jons/ros2_ws/install/turtlesim/include/turtlesim/turtlesim/srv/detail/set_pen__traits.hpp
[73.500s] -- Up-to-date: /home/jons/ros2_ws/install/turtlesim/include/turtlesim/turtlesim/msg
[73.500s] -- Installing: /home/jons/ros2_ws/install/turtlesim/include/turtlesim/turtlesim/msg/pose.hpp
[73.500s] -- Installing: /home/jons/ros2_ws/install/turtlesim/include/turtlesim/turtlesim/msg/color.hpp
[73.501s] -- Up-to-date: /home/jons/ros2_ws/install/turtlesim/include/turtlesim/turtlesim/msg/detail
[73.501s] -- Installing: /home/jons/ros2_ws/install/turtlesim/include/turtlesim/turtlesim/msg/detail/pose__builder.hpp
[73.501s] -- Installing: /home/jons/ros2_ws/install/turtlesim/include/turtlesim/turtlesim/msg/detail/color__traits.hpp
[73.502s] -- Installing: /home/jons/ros2_ws/install/turtlesim/include/turtlesim/turtlesim/msg/detail/pose__struct.hpp
[73.502s] -- Installing: /home/jons/ros2_ws/install/turtlesim/include/turtlesim/turtlesim/msg/detail/pose__traits.hpp
[73.502s] -- Installing: /home/jons/ros2_ws/install/turtlesim/include/turtlesim/turtlesim/msg/detail/color__builder.hpp
[73.502s] -- Installing: /home/jons/ros2_ws/install/turtlesim/include/turtlesim/turtlesim/msg/detail/color__struct.hpp
[73.503s] -- Up-to-date: /home/jons/ros2_ws/install/turtlesim/include/turtlesim/turtlesim
[73.503s] -- Up-to-date: /home/jons/ros2_ws/install/turtlesim/include/turtlesim/turtlesim/action
[73.504s] -- Up-to-date: /home/jons/ros2_ws/install/turtlesim/include/turtlesim/turtlesim/action/detail
[73.504s] -- Installing: /home/jons/ros2_ws/install/turtlesim/include/turtlesim/turtlesim/action/detail/dds_fastrtps
[73.504s] -- Installing: /home/jons/ros2_ws/install/turtlesim/include/turtlesim/turtlesim/action/detail/rotate_absolute__rosidl_typesupport_fastrtps_cpp.hpp
[73.504s] -- Up-to-date: /home/jons/ros2_ws/install/turtlesim/include/turtlesim/turtlesim/srv
[73.505s] -- Up-to-date: /home/jons/ros2_ws/install/turtlesim/include/turtlesim/turtlesim/srv/detail
[73.505s] -- Installing: /home/jons/ros2_ws/install/turtlesim/include/turtlesim/turtlesim/srv/detail/teleport_relative__rosidl_typesupport_fastrtps_cpp.hpp
[73.505s] -- Installing: /home/jons/ros2_ws/install/turtlesim/include/turtlesim/turtlesim/srv/detail/spawn__rosidl_typesupport_fastrtps_cpp.hpp
[73.505s] -- Installing: /home/jons/ros2_ws/install/turtlesim/include/turtlesim/turtlesim/srv/detail/dds_fastrtps
[73.506s] -- Installing: /home/jons/ros2_ws/install/turtlesim/include/turtlesim/turtlesim/srv/detail/kill__rosidl_typesupport_fastrtps_cpp.hpp
[73.506s] -- Installing: /home/jons/ros2_ws/install/turtlesim/include/turtlesim/turtlesim/srv/detail/set_pen__rosidl_typesupport_fastrtps_cpp.hpp
[73.507s] -- Installing: /home/jons/ros2_ws/install/turtlesim/include/turtlesim/turtlesim/srv/detail/teleport_absolute__rosidl_typesupport_fastrtps_cpp.hpp
[73.507s] -- Up-to-date: /home/jons/ros2_ws/install/turtlesim/include/turtlesim/turtlesim/msg
[73.507s] -- Installing: /home/jons/ros2_ws/install/turtlesim/include/turtlesim/turtlesim/msg/rosidl_typesupport_fastrtps_cpp__visibility_control.h
[73.507s] -- Up-to-date: /home/jons/ros2_ws/install/turtlesim/include/turtlesim/turtlesim/msg/detail
[73.507s] -- Installing: /home/jons/ros2_ws/install/turtlesim/include/turtlesim/turtlesim/msg/detail/dds_fastrtps
[73.508s] -- Installing: /home/jons/ros2_ws/install/turtlesim/include/turtlesim/turtlesim/msg/detail/pose__rosidl_typesupport_fastrtps_cpp.hpp
[73.508s] -- Installing: /home/jons/ros2_ws/install/turtlesim/include/turtlesim/turtlesim/msg/detail/color__rosidl_typesupport_fastrtps_cpp.hpp
[73.508s] -- Installing: /home/jons/ros2_ws/install/turtlesim/lib/libturtlesim__rosidl_typesupport_fastrtps_cpp.so
[73.510s] -- Set runtime path of "/home/jons/ros2_ws/install/turtlesim/lib/libturtlesim__rosidl_typesupport_fastrtps_cpp.so" to ""
[73.510s] -- Up-to-date: /home/jons/ros2_ws/install/turtlesim/include/turtlesim/turtlesim
[73.511s] -- Up-to-date: /home/jons/ros2_ws/install/turtlesim/include/turtlesim/turtlesim/action
[73.511s] -- Up-to-date: /home/jons/ros2_ws/install/turtlesim/include/turtlesim/turtlesim/action/detail
[73.511s] -- Installing: /home/jons/ros2_ws/install/turtlesim/include/turtlesim/turtlesim/action/detail/rotate_absolute__rosidl_typesupport_introspection_c.h
[73.511s] -- Installing: /home/jons/ros2_ws/install/turtlesim/include/turtlesim/turtlesim/action/detail/rotate_absolute__type_support.c
[73.512s] -- Up-to-date: /home/jons/ros2_ws/install/turtlesim/include/turtlesim/turtlesim/srv
[73.512s] -- Up-to-date: /home/jons/ros2_ws/install/turtlesim/include/turtlesim/turtlesim/srv/detail
[73.512s] -- Installing: /home/jons/ros2_ws/install/turtlesim/include/turtlesim/turtlesim/srv/detail/kill__rosidl_typesupport_introspection_c.h
[73.512s] -- Installing: /home/jons/ros2_ws/install/turtlesim/include/turtlesim/turtlesim/srv/detail/spawn__rosidl_typesupport_introspection_c.h
[73.513s] -- Installing: /home/jons/ros2_ws/install/turtlesim/include/turtlesim/turtlesim/srv/detail/set_pen__rosidl_typesupport_introspection_c.h
[73.513s] -- Installing: /home/jons/ros2_ws/install/turtlesim/include/turtlesim/turtlesim/srv/detail/set_pen__type_support.c
[73.513s] -- Installing: /home/jons/ros2_ws/install/turtlesim/include/turtlesim/turtlesim/srv/detail/teleport_absolute__rosidl_typesupport_introspection_c.h
[73.514s] -- Installing: /home/jons/ros2_ws/install/turtlesim/include/turtlesim/turtlesim/srv/detail/kill__type_support.c
[73.514s] -- Installing: /home/jons/ros2_ws/install/turtlesim/include/turtlesim/turtlesim/srv/detail/teleport_relative__rosidl_typesupport_introspection_c.h
[73.514s] -- Installing: /home/jons/ros2_ws/install/turtlesim/include/turtlesim/turtlesim/srv/detail/teleport_absolute__type_support.c
[73.514s] -- Installing: /home/jons/ros2_ws/install/turtlesim/include/turtlesim/turtlesim/srv/detail/teleport_relative__type_support.c
[73.515s] -- Installing: /home/jons/ros2_ws/install/turtlesim/include/turtlesim/turtlesim/srv/detail/spawn__type_support.c
[73.515s] -- Up-to-date: /home/jons/ros2_ws/install/turtlesim/include/turtlesim/turtlesim/msg
[73.515s] -- Installing: /home/jons/ros2_ws/install/turtlesim/include/turtlesim/turtlesim/msg/rosidl_typesupport_introspection_c__visibility_control.h
[73.516s] -- Up-to-date: /home/jons/ros2_ws/install/turtlesim/include/turtlesim/turtlesim/msg/detail
[73.516s] -- Installing: /home/jons/ros2_ws/install/turtlesim/include/turtlesim/turtlesim/msg/detail/color__rosidl_typesupport_introspection_c.h
[73.516s] -- Installing: /home/jons/ros2_ws/install/turtlesim/include/turtlesim/turtlesim/msg/detail/pose__type_support.c
[73.516s] -- Installing: /home/jons/ros2_ws/install/turtlesim/include/turtlesim/turtlesim/msg/detail/color__type_support.c
[73.516s] -- Installing: /home/jons/ros2_ws/install/turtlesim/include/turtlesim/turtlesim/msg/detail/pose__rosidl_typesupport_introspection_c.h
[73.516s] -- Installing: /home/jons/ros2_ws/install/turtlesim/lib/libturtlesim__rosidl_typesupport_introspection_c.so
[73.518s] -- Set runtime path of "/home/jons/ros2_ws/install/turtlesim/lib/libturtlesim__rosidl_typesupport_introspection_c.so" to ""
[73.518s] -- Installing: /home/jons/ros2_ws/install/turtlesim/lib/libturtlesim__rosidl_typesupport_c.so
[73.521s] -- Set runtime path of "/home/jons/ros2_ws/install/turtlesim/lib/libturtlesim__rosidl_typesupport_c.so" to ""
[73.521s] -- Up-to-date: /home/jons/ros2_ws/install/turtlesim/include/turtlesim/turtlesim
[73.522s] -- Up-to-date: /home/jons/ros2_ws/install/turtlesim/include/turtlesim/turtlesim/action
[73.522s] -- Up-to-date: /home/jons/ros2_ws/install/turtlesim/include/turtlesim/turtlesim/action/detail
[73.522s] -- Installing: /home/jons/ros2_ws/install/turtlesim/include/turtlesim/turtlesim/action/detail/rotate_absolute__rosidl_typesupport_introspection_cpp.hpp
[73.522s] -- Installing: /home/jons/ros2_ws/install/turtlesim/include/turtlesim/turtlesim/action/detail/rotate_absolute__type_support.cpp
[73.523s] -- Up-to-date: /home/jons/ros2_ws/install/turtlesim/include/turtlesim/turtlesim/srv
[73.523s] -- Up-to-date: /home/jons/ros2_ws/install/turtlesim/include/turtlesim/turtlesim/srv/detail
[73.523s] -- Installing: /home/jons/ros2_ws/install/turtlesim/include/turtlesim/turtlesim/srv/detail/teleport_relative__type_support.cpp
[73.523s] -- Installing: /home/jons/ros2_ws/install/turtlesim/include/turtlesim/turtlesim/srv/detail/teleport_absolute__type_support.cpp
[73.523s] -- Installing: /home/jons/ros2_ws/install/turtlesim/include/turtlesim/turtlesim/srv/detail/kill__type_support.cpp
[73.524s] -- Installing: /home/jons/ros2_ws/install/turtlesim/include/turtlesim/turtlesim/srv/detail/set_pen__rosidl_typesupport_introspection_cpp.hpp
[73.524s] -- Installing: /home/jons/ros2_ws/install/turtlesim/include/turtlesim/turtlesim/srv/detail/kill__rosidl_typesupport_introspection_cpp.hpp
[73.524s] -- Installing: /home/jons/ros2_ws/install/turtlesim/include/turtlesim/turtlesim/srv/detail/set_pen__type_support.cpp
[73.525s] -- Installing: /home/jons/ros2_ws/install/turtlesim/include/turtlesim/turtlesim/srv/detail/teleport_relative__rosidl_typesupport_introspection_cpp.hpp
[73.525s] -- Installing: /home/jons/ros2_ws/install/turtlesim/include/turtlesim/turtlesim/srv/detail/spawn__rosidl_typesupport_introspection_cpp.hpp
[73.526s] -- Installing: /home/jons/ros2_ws/install/turtlesim/include/turtlesim/turtlesim/srv/detail/spawn__type_support.cpp
[73.526s] -- Installing: /home/jons/ros2_ws/install/turtlesim/include/turtlesim/turtlesim/srv/detail/teleport_absolute__rosidl_typesupport_introspection_cpp.hpp
[73.526s] -- Up-to-date: /home/jons/ros2_ws/install/turtlesim/include/turtlesim/turtlesim/msg
[73.527s] -- Up-to-date: /home/jons/ros2_ws/install/turtlesim/include/turtlesim/turtlesim/msg/detail
[73.527s] -- Installing: /home/jons/ros2_ws/install/turtlesim/include/turtlesim/turtlesim/msg/detail/pose__type_support.cpp
[73.527s] -- Installing: /home/jons/ros2_ws/install/turtlesim/include/turtlesim/turtlesim/msg/detail/color__rosidl_typesupport_introspection_cpp.hpp
[73.527s] -- Installing: /home/jons/ros2_ws/install/turtlesim/include/turtlesim/turtlesim/msg/detail/pose__rosidl_typesupport_introspection_cpp.hpp
[73.527s] -- Installing: /home/jons/ros2_ws/install/turtlesim/include/turtlesim/turtlesim/msg/detail/color__type_support.cpp
[73.527s] -- Installing: /home/jons/ros2_ws/install/turtlesim/lib/libturtlesim__rosidl_typesupport_introspection_cpp.so
[73.529s] -- Set runtime path of "/home/jons/ros2_ws/install/turtlesim/lib/libturtlesim__rosidl_typesupport_introspection_cpp.so" to ""
[73.529s] -- Installing: /home/jons/ros2_ws/install/turtlesim/lib/libturtlesim__rosidl_typesupport_cpp.so
[73.531s] -- Set runtime path of "/home/jons/ros2_ws/install/turtlesim/lib/libturtlesim__rosidl_typesupport_cpp.so" to ""
[73.532s] -- Installing: /home/jons/ros2_ws/install/turtlesim/share/turtlesim/environment/pythonpath.sh
[73.532s] -- Installing: /home/jons/ros2_ws/install/turtlesim/share/turtlesim/environment/pythonpath.dsv
[73.533s] -- Installing: /home/jons/ros2_ws/install/turtlesim/local/lib/python3.10/dist-packages/turtlesim-1.5.0-py3.10.egg-info
[73.533s] -- Installing: /home/jons/ros2_ws/install/turtlesim/local/lib/python3.10/dist-packages/turtlesim-1.5.0-py3.10.egg-info/dependency_links.txt
[73.534s] -- Installing: /home/jons/ros2_ws/install/turtlesim/local/lib/python3.10/dist-packages/turtlesim-1.5.0-py3.10.egg-info/PKG-INFO
[73.534s] -- Installing: /home/jons/ros2_ws/install/turtlesim/local/lib/python3.10/dist-packages/turtlesim-1.5.0-py3.10.egg-info/top_level.txt
[73.535s] -- Installing: /home/jons/ros2_ws/install/turtlesim/local/lib/python3.10/dist-packages/turtlesim-1.5.0-py3.10.egg-info/SOURCES.txt
[73.536s] -- Installing: /home/jons/ros2_ws/install/turtlesim/local/lib/python3.10/dist-packages/turtlesim
[73.536s] -- Installing: /home/jons/ros2_ws/install/turtlesim/local/lib/python3.10/dist-packages/turtlesim/_turtlesim_s.ep.rosidl_typesupport_c.c
[73.536s] -- Installing: /home/jons/ros2_ws/install/turtlesim/local/lib/python3.10/dist-packages/turtlesim/action
[73.536s] -- Installing: /home/jons/ros2_ws/install/turtlesim/local/lib/python3.10/dist-packages/turtlesim/action/_rotate_absolute_s.c
[73.537s] -- Installing: /home/jons/ros2_ws/install/turtlesim/local/lib/python3.10/dist-packages/turtlesim/action/_rotate_absolute.py
[73.538s] -- Installing: /home/jons/ros2_ws/install/turtlesim/local/lib/python3.10/dist-packages/turtlesim/action/__init__.py
[73.538s] -- Installing: /home/jons/ros2_ws/install/turtlesim/local/lib/python3.10/dist-packages/turtlesim/srv
[73.538s] -- Installing: /home/jons/ros2_ws/install/turtlesim/local/lib/python3.10/dist-packages/turtlesim/srv/_teleport_relative_s.c
[73.538s] -- Installing: /home/jons/ros2_ws/install/turtlesim/local/lib/python3.10/dist-packages/turtlesim/srv/_kill_s.c
[73.539s] -- Installing: /home/jons/ros2_ws/install/turtlesim/local/lib/python3.10/dist-packages/turtlesim/srv/_teleport_relative.py
[73.539s] -- Installing: /home/jons/ros2_ws/install/turtlesim/local/lib/python3.10/dist-packages/turtlesim/srv/_teleport_absolute_s.c
[73.539s] -- Installing: /home/jons/ros2_ws/install/turtlesim/local/lib/python3.10/dist-packages/turtlesim/srv/_set_pen.py
[73.540s] -- Installing: /home/jons/ros2_ws/install/turtlesim/local/lib/python3.10/dist-packages/turtlesim/srv/_teleport_absolute.py
[73.540s] -- Installing: /home/jons/ros2_ws/install/turtlesim/local/lib/python3.10/dist-packages/turtlesim/srv/_spawn.py
[73.540s] -- Installing: /home/jons/ros2_ws/install/turtlesim/local/lib/python3.10/dist-packages/turtlesim/srv/_kill.py
[73.540s] -- Installing: /home/jons/ros2_ws/install/turtlesim/local/lib/python3.10/dist-packages/turtlesim/srv/__init__.py
[73.540s] -- Installing: /home/jons/ros2_ws/install/turtlesim/local/lib/python3.10/dist-packages/turtlesim/srv/_set_pen_s.c
[73.541s] -- Installing: /home/jons/ros2_ws/install/turtlesim/local/lib/python3.10/dist-packages/turtlesim/srv/_spawn_s.c
[73.541s] -- Installing: /home/jons/ros2_ws/install/turtlesim/local/lib/python3.10/dist-packages/turtlesim/_turtlesim_s.ep.rosidl_typesupport_fastrtps_c.c
[73.542s] -- Installing: /home/jons/ros2_ws/install/turtlesim/local/lib/python3.10/dist-packages/turtlesim/turtlesim_s__rosidl_typesupport_fastrtps_c.cpython-310-x86_64-linux-gnu.so
[73.542s] -- Installing: /home/jons/ros2_ws/install/turtlesim/local/lib/python3.10/dist-packages/turtlesim/turtlesim_s__rosidl_typesupport_introspection_c.cpython-310-x86_64-linux-gnu.so
[73.543s] -- Installing: /home/jons/ros2_ws/install/turtlesim/local/lib/python3.10/dist-packages/turtlesim/_turtlesim_s.ep.rosidl_typesupport_introspection_c.c
[73.544s] -- Installing: /home/jons/ros2_ws/install/turtlesim/local/lib/python3.10/dist-packages/turtlesim/turtlesim_s__rosidl_typesupport_c.cpython-310-x86_64-linux-gnu.so
[73.544s] -- Installing: /home/jons/ros2_ws/install/turtlesim/local/lib/python3.10/dist-packages/turtlesim/__init__.py
[73.545s] -- Installing: /home/jons/ros2_ws/install/turtlesim/local/lib/python3.10/dist-packages/turtlesim/libturtlesim__rosidl_generator_py.so
[73.545s] -- Installing: /home/jons/ros2_ws/install/turtlesim/local/lib/python3.10/dist-packages/turtlesim/msg
[73.545s] -- Installing: /home/jons/ros2_ws/install/turtlesim/local/lib/python3.10/dist-packages/turtlesim/msg/_pose.py
[73.546s] -- Installing: /home/jons/ros2_ws/install/turtlesim/local/lib/python3.10/dist-packages/turtlesim/msg/_pose_s.c
[73.546s] -- Installing: /home/jons/ros2_ws/install/turtlesim/local/lib/python3.10/dist-packages/turtlesim/msg/__init__.py
[73.546s] -- Installing: /home/jons/ros2_ws/install/turtlesim/local/lib/python3.10/dist-packages/turtlesim/msg/_color_s.c
[73.546s] -- Installing: /home/jons/ros2_ws/install/turtlesim/local/lib/python3.10/dist-packages/turtlesim/msg/_color.py
[73.647s] Listing '/home/jons/ros2_ws/install/turtlesim/local/lib/python3.10/dist-packages/turtlesim'...
[73.647s] Compiling '/home/jons/ros2_ws/install/turtlesim/local/lib/python3.10/dist-packages/turtlesim/__init__.py'...
[73.647s] Listing '/home/jons/ros2_ws/install/turtlesim/local/lib/python3.10/dist-packages/turtlesim/action'...
[73.647s] Compiling '/home/jons/ros2_ws/install/turtlesim/local/lib/python3.10/dist-packages/turtlesim/action/__init__.py'...
[73.647s] Compiling '/home/jons/ros2_ws/install/turtlesim/local/lib/python3.10/dist-packages/turtlesim/action/_rotate_absolute.py'...
[73.647s] Listing '/home/jons/ros2_ws/install/turtlesim/local/lib/python3.10/dist-packages/turtlesim/msg'...
[73.647s] Compiling '/home/jons/ros2_ws/install/turtlesim/local/lib/python3.10/dist-packages/turtlesim/msg/__init__.py'...
[73.647s] Compiling '/home/jons/ros2_ws/install/turtlesim/local/lib/python3.10/dist-packages/turtlesim/msg/_color.py'...
[73.648s] Compiling '/home/jons/ros2_ws/install/turtlesim/local/lib/python3.10/dist-packages/turtlesim/msg/_pose.py'...
[73.648s] Listing '/home/jons/ros2_ws/install/turtlesim/local/lib/python3.10/dist-packages/turtlesim/srv'...
[73.648s] Compiling '/home/jons/ros2_ws/install/turtlesim/local/lib/python3.10/dist-packages/turtlesim/srv/__init__.py'...
[73.648s] Compiling '/home/jons/ros2_ws/install/turtlesim/local/lib/python3.10/dist-packages/turtlesim/srv/_kill.py'...
[73.648s] Compiling '/home/jons/ros2_ws/install/turtlesim/local/lib/python3.10/dist-packages/turtlesim/srv/_set_pen.py'...
[73.648s] Compiling '/home/jons/ros2_ws/install/turtlesim/local/lib/python3.10/dist-packages/turtlesim/srv/_spawn.py'...
[73.648s] Compiling '/home/jons/ros2_ws/install/turtlesim/local/lib/python3.10/dist-packages/turtlesim/srv/_teleport_absolute.py'...
[73.648s] Compiling '/home/jons/ros2_ws/install/turtlesim/local/lib/python3.10/dist-packages/turtlesim/srv/_teleport_relative.py'...
[73.655s] -- Installing: /home/jons/ros2_ws/install/turtlesim/local/lib/python3.10/dist-packages/turtlesim/turtlesim_s__rosidl_typesupport_fastrtps_c.cpython-310-x86_64-linux-gnu.so
[73.657s] -- Set runtime path of "/home/jons/ros2_ws/install/turtlesim/local/lib/python3.10/dist-packages/turtlesim/turtlesim_s__rosidl_typesupport_fastrtps_c.cpython-310-x86_64-linux-gnu.so" to ""
[73.657s] -- Installing: /home/jons/ros2_ws/install/turtlesim/local/lib/python3.10/dist-packages/turtlesim/turtlesim_s__rosidl_typesupport_introspection_c.cpython-310-x86_64-linux-gnu.so
[73.659s] -- Set runtime path of "/home/jons/ros2_ws/install/turtlesim/local/lib/python3.10/dist-packages/turtlesim/turtlesim_s__rosidl_typesupport_introspection_c.cpython-310-x86_64-linux-gnu.so" to ""
[73.660s] -- Installing: /home/jons/ros2_ws/install/turtlesim/local/lib/python3.10/dist-packages/turtlesim/turtlesim_s__rosidl_typesupport_c.cpython-310-x86_64-linux-gnu.so
[73.663s] -- Set runtime path of "/home/jons/ros2_ws/install/turtlesim/local/lib/python3.10/dist-packages/turtlesim/turtlesim_s__rosidl_typesupport_c.cpython-310-x86_64-linux-gnu.so" to ""
[73.663s] -- Installing: /home/jons/ros2_ws/install/turtlesim/lib/libturtlesim__rosidl_generator_py.so
[73.665s] -- Set runtime path of "/home/jons/ros2_ws/install/turtlesim/lib/libturtlesim__rosidl_generator_py.so" to ""
[73.665s] -- Installing: /home/jons/ros2_ws/install/turtlesim/share/turtlesim/action/RotateAbsolute.idl
[73.666s] -- Installing: /home/jons/ros2_ws/install/turtlesim/share/turtlesim/msg/Color.idl
[73.666s] -- Installing: /home/jons/ros2_ws/install/turtlesim/share/turtlesim/msg/Pose.idl
[73.666s] -- Installing: /home/jons/ros2_ws/install/turtlesim/share/turtlesim/srv/Kill.idl
[73.667s] -- Installing: /home/jons/ros2_ws/install/turtlesim/share/turtlesim/srv/SetPen.idl
[73.667s] -- Installing: /home/jons/ros2_ws/install/turtlesim/share/turtlesim/srv/Spawn.idl
[73.668s] -- Installing: /home/jons/ros2_ws/install/turtlesim/share/turtlesim/srv/TeleportAbsolute.idl
[73.668s] -- Installing: /home/jons/ros2_ws/install/turtlesim/share/turtlesim/srv/TeleportRelative.idl
[73.668s] -- Installing: /home/jons/ros2_ws/install/turtlesim/share/turtlesim/action/RotateAbsolute.action
[73.669s] -- Installing: /home/jons/ros2_ws/install/turtlesim/share/turtlesim/msg/Color.msg
[73.669s] -- Installing: /home/jons/ros2_ws/install/turtlesim/share/turtlesim/msg/Pose.msg
[73.671s] -- Installing: /home/jons/ros2_ws/install/turtlesim/share/turtlesim/srv/Kill.srv
[73.672s] -- Installing: /home/jons/ros2_ws/install/turtlesim/share/turtlesim/srv/Kill_Request.msg
[73.672s] -- Installing: /home/jons/ros2_ws/install/turtlesim/share/turtlesim/srv/Kill_Response.msg
[73.673s] -- Installing: /home/jons/ros2_ws/install/turtlesim/share/turtlesim/srv/SetPen.srv
[73.673s] -- Installing: /home/jons/ros2_ws/install/turtlesim/share/turtlesim/srv/SetPen_Request.msg
[73.674s] -- Installing: /home/jons/ros2_ws/install/turtlesim/share/turtlesim/srv/SetPen_Response.msg
[73.674s] -- Installing: /home/jons/ros2_ws/install/turtlesim/share/turtlesim/srv/Spawn.srv
[73.675s] -- Installing: /home/jons/ros2_ws/install/turtlesim/share/turtlesim/srv/Spawn_Request.msg
[73.675s] -- Installing: /home/jons/ros2_ws/install/turtlesim/share/turtlesim/srv/Spawn_Response.msg
[73.676s] -- Installing: /home/jons/ros2_ws/install/turtlesim/share/turtlesim/srv/TeleportAbsolute.srv
[73.676s] -- Installing: /home/jons/ros2_ws/install/turtlesim/share/turtlesim/srv/TeleportAbsolute_Request.msg
[73.677s] -- Installing: /home/jons/ros2_ws/install/turtlesim/share/turtlesim/srv/TeleportAbsolute_Response.msg
[73.677s] -- Installing: /home/jons/ros2_ws/install/turtlesim/share/turtlesim/srv/TeleportRelative.srv
[73.677s] -- Installing: /home/jons/ros2_ws/install/turtlesim/share/turtlesim/srv/TeleportRelative_Request.msg
[73.678s] -- Installing: /home/jons/ros2_ws/install/turtlesim/share/turtlesim/srv/TeleportRelative_Response.msg
[73.678s] -- Installing: /home/jons/ros2_ws/install/turtlesim/lib/turtlesim/turtlesim_node
[73.702s] -- Set runtime path of "/home/jons/ros2_ws/install/turtlesim/lib/turtlesim/turtlesim_node" to ""
[73.703s] -- Installing: /home/jons/ros2_ws/install/turtlesim/lib/turtlesim/turtle_teleop_key
[73.708s] -- Set runtime path of "/home/jons/ros2_ws/install/turtlesim/lib/turtlesim/turtle_teleop_key" to ""
[73.709s] -- Installing: /home/jons/ros2_ws/install/turtlesim/lib/turtlesim/draw_square
[73.721s] -- Set runtime path of "/home/jons/ros2_ws/install/turtlesim/lib/turtlesim/draw_square" to ""
[73.721s] -- Installing: /home/jons/ros2_ws/install/turtlesim/lib/turtlesim/mimic
[73.732s] -- Set runtime path of "/home/jons/ros2_ws/install/turtlesim/lib/turtlesim/mimic" to ""
[73.732s] -- Installing: /home/jons/ros2_ws/install/turtlesim/share/turtlesim/images
[73.732s] -- Installing: /home/jons/ros2_ws/install/turtlesim/share/turtlesim/images/ardent.png
[73.733s] -- Installing: /home/jons/ros2_ws/install/turtlesim/share/turtlesim/images/rolling.png
[73.733s] -- Installing: /home/jons/ros2_ws/install/turtlesim/share/turtlesim/images/foxy.png
[73.734s] -- Installing: /home/jons/ros2_ws/install/turtlesim/share/turtlesim/images/bouncy.png
[73.734s] -- Installing: /home/jons/ros2_ws/install/turtlesim/share/turtlesim/images/eloquent.png
[73.734s] -- Installing: /home/jons/ros2_ws/install/turtlesim/share/turtlesim/images/humble.png
[73.734s] -- Installing: /home/jons/ros2_ws/install/turtlesim/share/turtlesim/images/crystal.png
[73.735s] -- Installing: /home/jons/ros2_ws/install/turtlesim/share/turtlesim/images/dashing.png
[73.735s] -- Installing: /home/jons/ros2_ws/install/turtlesim/share/turtlesim/images/galactic.png
[73.735s] -- Installing: /home/jons/ros2_ws/install/turtlesim/share/turtlesim/launch
[73.735s] -- Installing: /home/jons/ros2_ws/install/turtlesim/share/turtlesim/launch/multisim.launch.py
[73.736s] -- Installing: /home/jons/ros2_ws/install/turtlesim/share/ament_index/resource_index/package_run_dependencies/turtlesim
[73.736s] -- Installing: /home/jons/ros2_ws/install/turtlesim/share/ament_index/resource_index/parent_prefix_path/turtlesim
[73.736s] -- Installing: /home/jons/ros2_ws/install/turtlesim/share/turtlesim/environment/ament_prefix_path.sh
[73.737s] -- Installing: /home/jons/ros2_ws/install/turtlesim/share/turtlesim/environment/ament_prefix_path.dsv
[73.737s] -- Installing: /home/jons/ros2_ws/install/turtlesim/share/turtlesim/environment/path.sh
[73.737s] -- Installing: /home/jons/ros2_ws/install/turtlesim/share/turtlesim/environment/path.dsv
[73.738s] -- Installing: /home/jons/ros2_ws/install/turtlesim/share/turtlesim/local_setup.bash
[73.738s] -- Installing: /home/jons/ros2_ws/install/turtlesim/share/turtlesim/local_setup.sh
[73.738s] -- Installing: /home/jons/ros2_ws/install/turtlesim/share/turtlesim/local_setup.zsh
[73.738s] -- Installing: /home/jons/ros2_ws/install/turtlesim/share/turtlesim/local_setup.dsv
[73.739s] -- Installing: /home/jons/ros2_ws/install/turtlesim/share/turtlesim/package.dsv
[73.740s] -- Installing: /home/jons/ros2_ws/install/turtlesim/share/ament_index/resource_index/packages/turtlesim
[73.740s] -- Installing: /home/jons/ros2_ws/install/turtlesim/share/turtlesim/cmake/export_turtlesim__rosidl_generator_cExport.cmake
[73.740s] -- Installing: /home/jons/ros2_ws/install/turtlesim/share/turtlesim/cmake/export_turtlesim__rosidl_generator_cExport-noconfig.cmake
[73.741s] -- Installing: /home/jons/ros2_ws/install/turtlesim/share/turtlesim/cmake/export_turtlesim__rosidl_typesupport_fastrtps_cExport.cmake
[73.741s] -- Installing: /home/jons/ros2_ws/install/turtlesim/share/turtlesim/cmake/export_turtlesim__rosidl_typesupport_fastrtps_cExport-noconfig.cmake
[73.741s] -- Installing: /home/jons/ros2_ws/install/turtlesim/share/turtlesim/cmake/export_turtlesim__rosidl_generator_cppExport.cmake
[73.742s] -- Installing: /home/jons/ros2_ws/install/turtlesim/share/turtlesim/cmake/export_turtlesim__rosidl_typesupport_fastrtps_cppExport.cmake
[73.742s] -- Installing: /home/jons/ros2_ws/install/turtlesim/share/turtlesim/cmake/export_turtlesim__rosidl_typesupport_fastrtps_cppExport-noconfig.cmake
[73.743s] -- Installing: /home/jons/ros2_ws/install/turtlesim/share/turtlesim/cmake/turtlesim__rosidl_typesupport_introspection_cExport.cmake
[73.743s] -- Installing: /home/jons/ros2_ws/install/turtlesim/share/turtlesim/cmake/turtlesim__rosidl_typesupport_introspection_cExport-noconfig.cmake
[73.743s] -- Installing: /home/jons/ros2_ws/install/turtlesim/share/turtlesim/cmake/turtlesim__rosidl_typesupport_cExport.cmake
[73.744s] -- Installing: /home/jons/ros2_ws/install/turtlesim/share/turtlesim/cmake/turtlesim__rosidl_typesupport_cExport-noconfig.cmake
[73.744s] -- Installing: /home/jons/ros2_ws/install/turtlesim/share/turtlesim/cmake/turtlesim__rosidl_typesupport_introspection_cppExport.cmake
[73.744s] -- Installing: /home/jons/ros2_ws/install/turtlesim/share/turtlesim/cmake/turtlesim__rosidl_typesupport_introspection_cppExport-noconfig.cmake
[73.745s] -- Installing: /home/jons/ros2_ws/install/turtlesim/share/turtlesim/cmake/turtlesim__rosidl_typesupport_cppExport.cmake
[73.745s] -- Installing: /home/jons/ros2_ws/install/turtlesim/share/turtlesim/cmake/turtlesim__rosidl_typesupport_cppExport-noconfig.cmake
[73.745s] -- Installing: /home/jons/ros2_ws/install/turtlesim/share/turtlesim/cmake/export_turtlesim__rosidl_generator_pyExport.cmake
[73.746s] -- Installing: /home/jons/ros2_ws/install/turtlesim/share/turtlesim/cmake/export_turtlesim__rosidl_generator_pyExport-noconfig.cmake
[73.746s] -- Installing: /home/jons/ros2_ws/install/turtlesim/share/turtlesim/cmake/rosidl_cmake-extras.cmake
[73.747s] -- Installing: /home/jons/ros2_ws/install/turtlesim/share/turtlesim/cmake/ament_cmake_export_dependencies-extras.cmake
[73.747s] -- Installing: /home/jons/ros2_ws/install/turtlesim/share/turtlesim/cmake/ament_cmake_export_include_directories-extras.cmake
[73.747s] -- Installing: /home/jons/ros2_ws/install/turtlesim/share/turtlesim/cmake/ament_cmake_export_libraries-extras.cmake
[73.748s] -- Installing: /home/jons/ros2_ws/install/turtlesim/share/turtlesim/cmake/ament_cmake_export_targets-extras.cmake
[73.748s] -- Installing: /home/jons/ros2_ws/install/turtlesim/share/turtlesim/cmake/rosidl_cmake_export_typesupport_targets-extras.cmake
[73.748s] -- Installing: /home/jons/ros2_ws/install/turtlesim/share/turtlesim/cmake/rosidl_cmake_export_typesupport_libraries-extras.cmake
[73.749s] -- Installing: /home/jons/ros2_ws/install/turtlesim/share/turtlesim/cmake/turtlesimConfig.cmake
[73.749s] -- Installing: /home/jons/ros2_ws/install/turtlesim/share/turtlesim/cmake/turtlesimConfig-version.cmake
[73.749s] -- Installing: /home/jons/ros2_ws/install/turtlesim/share/turtlesim/package.xml
[73.757s] Invoked command in '/home/jons/ros2_ws/build/turtlesim' returned '0': CMAKE_PREFIX_PATH=${CMAKE_PREFIX_PATH}:/opt/ros/rolling:/home/jons/ros2_ws/install/launch_testing_examples:/home/jons/ros2_ws/install/examples_rclpy_pointcloud_publisher:/home/jons/ros2_ws/install/examples_rclpy_minimal_subscriber:/home/jons/ros2_ws/install/examples_rclpy_minimal_service:/home/jons/ros2_ws/install/examples_rclpy_minimal_publisher:/home/jons/ros2_ws/install/examples_rclpy_minimal_client:/home/jons/ros2_ws/install/examples_rclpy_minimal_action_server:/home/jons/ros2_ws/install/examples_rclpy_minimal_action_client:/home/jons/ros2_ws/install/examples_rclpy_guard_conditions:/home/jons/ros2_ws/install/examples_rclpy_executors:/opt/ros/humble /usr/bin/cmake --install /home/jons/ros2_ws/build/turtlesim
