running egg_info
writing build/launch_tutorial/launch_tutorial.egg-info/PKG-INFO
writing dependency_links to build/launch_tutorial/launch_tutorial.egg-info/dependency_links.txt
writing entry points to build/launch_tutorial/launch_tutorial.egg-info/entry_points.txt
writing requirements to build/launch_tutorial/launch_tutorial.egg-info/requires.txt
writing top-level names to build/launch_tutorial/launch_tutorial.egg-info/top_level.txt
reading manifest file 'build/launch_tutorial/launch_tutorial.egg-info/SOURCES.txt'
writing manifest file 'build/launch_tutorial/launch_tutorial.egg-info/SOURCES.txt'
running build
running build_py
running install
running install_lib
running install_data
copying launch/turtlesim_world_2.launch.py -> /home/jons/launch_tutorial/install/launch_tutorial/share/launch_tutorial
copying launch/turtlesim_rviz.launch.py -> /home/jons/launch_tutorial/install/launch_tutorial/share/launch_tutorial
copying launch/broadcaster_listener.launch.py -> /home/jons/launch_tutorial/install/launch_tutorial/share/launch_tutorial
copying launch/turtlesim_world_3.launch.py -> /home/jons/launch_tutorial/install/launch_tutorial/share/launch_tutorial
copying launch/fixed_broadcaster.launch.py -> /home/jons/launch_tutorial/install/launch_tutorial/share/launch_tutorial
copying launch/launch_turtlesim.launch.py -> /home/jons/launch_tutorial/install/launch_tutorial/share/launch_tutorial
copying launch/turtlesim_world_1.launch.py -> /home/jons/launch_tutorial/install/launch_tutorial/share/launch_tutorial
copying launch/mimic.launch.py -> /home/jons/launch_tutorial/install/launch_tutorial/share/launch_tutorial
creating /home/jons/launch_tutorial/install/launch_tutorial/share/launch_tutorial/launch
copying launch/example_main.launch.py -> /home/jons/launch_tutorial/install/launch_tutorial/share/launch_tutorial/launch
copying launch/turtlesim_world_2.launch.py -> /home/jons/launch_tutorial/install/launch_tutorial/share/launch_tutorial/launch
copying launch/turtlesim_rviz.launch.py -> /home/jons/launch_tutorial/install/launch_tutorial/share/launch_tutorial/launch
copying launch/broadcaster_listener.launch.py -> /home/jons/launch_tutorial/install/launch_tutorial/share/launch_tutorial/launch
copying launch/turtlesim_world_3.launch.py -> /home/jons/launch_tutorial/install/launch_tutorial/share/launch_tutorial/launch
copying launch/fixed_broadcaster.launch.py -> /home/jons/launch_tutorial/install/launch_tutorial/share/launch_tutorial/launch
copying launch/launch_turtlesim.launch.py -> /home/jons/launch_tutorial/install/launch_tutorial/share/launch_tutorial/launch
copying launch/example_event_handlers.launch.py -> /home/jons/launch_tutorial/install/launch_tutorial/share/launch_tutorial/launch
copying launch/example_substitutions.launch.py -> /home/jons/launch_tutorial/install/launch_tutorial/share/launch_tutorial/launch
copying launch/turtlesim_world_1.launch.py -> /home/jons/launch_tutorial/install/launch_tutorial/share/launch_tutorial/launch
copying launch/mimic.launch.py -> /home/jons/launch_tutorial/install/launch_tutorial/share/launch_tutorial/launch
creating /home/jons/launch_tutorial/install/launch_tutorial/share/launch_tutorial/config
copying config/turtlesim.yaml -> /home/jons/launch_tutorial/install/launch_tutorial/share/launch_tutorial/config
running install_egg_info
removing '/home/jons/launch_tutorial/install/launch_tutorial/lib/python3.10/site-packages/launch_tutorial-0.0.0-py3.10.egg-info' (and everything under it)
Copying build/launch_tutorial/launch_tutorial.egg-info to /home/jons/launch_tutorial/install/launch_tutorial/lib/python3.10/site-packages/launch_tutorial-0.0.0-py3.10.egg-info
running install_scripts
writing list of installed files to '/home/jons/launch_tutorial/build/launch_tutorial/install.log'
