[1.338s] Invoking command in '/home/jons/launch_tutorial': PYTHONPATH=/home/jons/launch_tutorial/install/launch_tutorial/lib/python3.10/site-packages:${PYTHONPATH} /usr/bin/python3 setup.py egg_info --egg-base build/launch_tutorial build --build-base /home/jons/launch_tutorial/build/launch_tutorial/build install --prefix /home/jons/launch_tutorial/install/launch_tutorial --record /home/jons/launch_tutorial/build/launch_tutorial/install.log --single-version-externally-managed
[1.872s] running egg_info
[1.872s] writing build/launch_tutorial/launch_tutorial.egg-info/PKG-INFO
[1.875s] writing dependency_links to build/launch_tutorial/launch_tutorial.egg-info/dependency_links.txt
[1.875s] writing entry points to build/launch_tutorial/launch_tutorial.egg-info/entry_points.txt
[1.876s] writing requirements to build/launch_tutorial/launch_tutorial.egg-info/requires.txt
[1.876s] writing top-level names to build/launch_tutorial/launch_tutorial.egg-info/top_level.txt
[1.879s] reading manifest file 'build/launch_tutorial/launch_tutorial.egg-info/SOURCES.txt'
[1.882s] writing manifest file 'build/launch_tutorial/launch_tutorial.egg-info/SOURCES.txt'
[1.883s] running build
[1.883s] running build_py
[1.883s] running install
[1.884s] /usr/lib/python3/dist-packages/setuptools/command/install.py:34: SetuptoolsDeprecationWarning: setup.py install is deprecated. Use build and pip and other standards-based tools.
[1.884s]   warnings.warn(
[1.884s] running install_lib
[1.886s] running install_data
[1.888s] copying launch/turtlesim_world_2.launch.py -> /home/jons/launch_tutorial/install/launch_tutorial/share/launch_tutorial
[1.888s] copying launch/turtlesim_rviz.launch.py -> /home/jons/launch_tutorial/install/launch_tutorial/share/launch_tutorial
[1.889s] copying launch/broadcaster_listener.launch.py -> /home/jons/launch_tutorial/install/launch_tutorial/share/launch_tutorial
[1.890s] copying launch/turtlesim_world_3.launch.py -> /home/jons/launch_tutorial/install/launch_tutorial/share/launch_tutorial
[1.891s] copying launch/fixed_broadcaster.launch.py -> /home/jons/launch_tutorial/install/launch_tutorial/share/launch_tutorial
[1.891s] copying launch/launch_turtlesim.launch.py -> /home/jons/launch_tutorial/install/launch_tutorial/share/launch_tutorial
[1.892s] copying launch/turtlesim_world_1.launch.py -> /home/jons/launch_tutorial/install/launch_tutorial/share/launch_tutorial
[1.893s] copying launch/mimic.launch.py -> /home/jons/launch_tutorial/install/launch_tutorial/share/launch_tutorial
[1.894s] creating /home/jons/launch_tutorial/install/launch_tutorial/share/launch_tutorial/launch
[1.895s] copying launch/example_main.launch.py -> /home/jons/launch_tutorial/install/launch_tutorial/share/launch_tutorial/launch
[1.897s] copying launch/turtlesim_world_2.launch.py -> /home/jons/launch_tutorial/install/launch_tutorial/share/launch_tutorial/launch
[1.898s] copying launch/turtlesim_rviz.launch.py -> /home/jons/launch_tutorial/install/launch_tutorial/share/launch_tutorial/launch
[1.899s] copying launch/broadcaster_listener.launch.py -> /home/jons/launch_tutorial/install/launch_tutorial/share/launch_tutorial/launch
[1.900s] copying launch/turtlesim_world_3.launch.py -> /home/jons/launch_tutorial/install/launch_tutorial/share/launch_tutorial/launch
[1.900s] copying launch/fixed_broadcaster.launch.py -> /home/jons/launch_tutorial/install/launch_tutorial/share/launch_tutorial/launch
[1.900s] copying launch/launch_turtlesim.launch.py -> /home/jons/launch_tutorial/install/launch_tutorial/share/launch_tutorial/launch
[1.900s] copying launch/example_event_handlers.launch.py -> /home/jons/launch_tutorial/install/launch_tutorial/share/launch_tutorial/launch
[1.901s] copying launch/example_substitutions.launch.py -> /home/jons/launch_tutorial/install/launch_tutorial/share/launch_tutorial/launch
[1.901s] copying launch/turtlesim_world_1.launch.py -> /home/jons/launch_tutorial/install/launch_tutorial/share/launch_tutorial/launch
[1.901s] copying launch/mimic.launch.py -> /home/jons/launch_tutorial/install/launch_tutorial/share/launch_tutorial/launch
[1.902s] creating /home/jons/launch_tutorial/install/launch_tutorial/share/launch_tutorial/config
[1.902s] copying config/turtlesim.yaml -> /home/jons/launch_tutorial/install/launch_tutorial/share/launch_tutorial/config
[1.902s] running install_egg_info
[1.904s] removing '/home/jons/launch_tutorial/install/launch_tutorial/lib/python3.10/site-packages/launch_tutorial-0.0.0-py3.10.egg-info' (and everything under it)
[1.905s] Copying build/launch_tutorial/launch_tutorial.egg-info to /home/jons/launch_tutorial/install/launch_tutorial/lib/python3.10/site-packages/launch_tutorial-0.0.0-py3.10.egg-info
[1.907s] running install_scripts
[1.948s] writing list of installed files to '/home/jons/launch_tutorial/build/launch_tutorial/install.log'
[1.982s] Invoked command in '/home/jons/launch_tutorial' returned '0': PYTHONPATH=/home/jons/launch_tutorial/install/launch_tutorial/lib/python3.10/site-packages:${PYTHONPATH} /usr/bin/python3 setup.py egg_info --egg-base build/launch_tutorial build --build-base /home/jons/launch_tutorial/build/launch_tutorial/build install --prefix /home/jons/launch_tutorial/install/launch_tutorial --record /home/jons/launch_tutorial/build/launch_tutorial/install.log --single-version-externally-managed
