[0.048s] Invoking command in '/home/jons/ros2_ws/build/action_tutorials_interfaces': CMAKE_PREFIX_PATH=${CMAKE_PREFIX_PATH}:/home/jons/ros2_ws/install/py_srvcli:/home/jons/ros2_ws/install/py_pubsub:/home/jons/ros2_ws/install/launch_testing_examples:/home/jons/ros2_ws/install/examples_rclpy_pointcloud_publisher:/home/jons/ros2_ws/install/examples_rclpy_minimal_subscriber:/home/jons/ros2_ws/install/examples_rclpy_minimal_service:/home/jons/ros2_ws/install/examples_rclpy_minimal_publisher:/home/jons/ros2_ws/install/examples_rclpy_minimal_client:/home/jons/ros2_ws/install/examples_rclpy_minimal_action_server:/home/jons/ros2_ws/install/examples_rclpy_minimal_action_client:/home/jons/ros2_ws/install/examples_rclpy_guard_conditions:/home/jons/ros2_ws/install/examples_rclpy_executors:/opt/ros/humble /usr/bin/cmake --build /home/jons/ros2_ws/build/action_tutorials_interfaces -- -j2 -l2
[0.172s] [35m[1mConsolidate compiler generated dependencies of target action_tutorials_interfaces__rosidl_generator_c[0m
[0.198s] [  3%] Built target action_tutorials_interfaces__cpp
[0.223s] [ 12%] Built target action_tutorials_interfaces__rosidl_generator_c
[0.242s] [35m[1mConsolidate compiler generated dependencies of target action_tutorials_interfaces__rosidl_typesupport_cpp[0m
[0.297s] [ 22%] Built target action_tutorials_interfaces__rosidl_typesupport_cpp
[0.314s] [ 22%] Built target ament_cmake_python_copy_action_tutorials_interfaces
[0.334s] [35m[1mConsolidate compiler generated dependencies of target action_tutorials_interfaces__rosidl_typesupport_fastrtps_c[0m
[0.358s] [35m[1mConsolidate compiler generated dependencies of target action_tutorials_interfaces__rosidl_typesupport_introspection_c[0m
[0.385s] [ 32%] Built target action_tutorials_interfaces__rosidl_typesupport_fastrtps_c
[0.402s] [ 41%] Built target action_tutorials_interfaces__rosidl_typesupport_introspection_c
[0.426s] [35m[1mConsolidate compiler generated dependencies of target action_tutorials_interfaces__rosidl_typesupport_c[0m
[0.450s] [35m[1mConsolidate compiler generated dependencies of target action_tutorials_interfaces__rosidl_typesupport_fastrtps_cpp[0m
[0.480s] [ 51%] Built target action_tutorials_interfaces__rosidl_typesupport_c
[0.504s] [ 61%] Built target action_tutorials_interfaces__rosidl_typesupport_fastrtps_cpp
[0.523s] [35m[1mConsolidate compiler generated dependencies of target action_tutorials_interfaces__rosidl_typesupport_introspection_cpp[0m
[0.570s] [ 70%] Built target action_tutorials_interfaces__rosidl_typesupport_introspection_cpp
[0.615s] [ 70%] Built target action_tutorials_interfaces
[0.662s] [ 74%] Built target action_tutorials_interfaces__py
[0.689s] [35m[1mConsolidate compiler generated dependencies of target action_tutorials_interfaces__rosidl_generator_py[0m
[0.723s] [ 80%] Built target action_tutorials_interfaces__rosidl_generator_py
[0.748s] [35m[1mConsolidate compiler generated dependencies of target action_tutorials_interfaces__rosidl_typesupport_fastrtps_c__pyext[0m
[0.777s] [ 87%] Built target action_tutorials_interfaces__rosidl_typesupport_fastrtps_c__pyext
[0.798s] [35m[1mConsolidate compiler generated dependencies of target action_tutorials_interfaces__rosidl_typesupport_introspection_c__pyext[0m
[0.833s] [ 93%] Built target action_tutorials_interfaces__rosidl_typesupport_introspection_c__pyext
[0.853s] [35m[1mConsolidate compiler generated dependencies of target action_tutorials_interfaces__rosidl_typesupport_c__pyext[0m
[0.875s] [100%] Built target action_tutorials_interfaces__rosidl_typesupport_c__pyext
[1.345s] running egg_info
[1.348s] writing action_tutorials_interfaces.egg-info/PKG-INFO
[1.349s] writing dependency_links to action_tutorials_interfaces.egg-info/dependency_links.txt
[1.351s] writing top-level names to action_tutorials_interfaces.egg-info/top_level.txt
[1.354s] reading manifest file 'action_tutorials_interfaces.egg-info/SOURCES.txt'
[1.356s] writing manifest file 'action_tutorials_interfaces.egg-info/SOURCES.txt'
[1.408s] [100%] Built target ament_cmake_python_build_action_tutorials_interfaces_egg
[1.433s] Invoked command in '/home/jons/ros2_ws/build/action_tutorials_interfaces' returned '0': CMAKE_PREFIX_PATH=${CMAKE_PREFIX_PATH}:/home/jons/ros2_ws/install/py_srvcli:/home/jons/ros2_ws/install/py_pubsub:/home/jons/ros2_ws/install/launch_testing_examples:/home/jons/ros2_ws/install/examples_rclpy_pointcloud_publisher:/home/jons/ros2_ws/install/examples_rclpy_minimal_subscriber:/home/jons/ros2_ws/install/examples_rclpy_minimal_service:/home/jons/ros2_ws/install/examples_rclpy_minimal_publisher:/home/jons/ros2_ws/install/examples_rclpy_minimal_client:/home/jons/ros2_ws/install/examples_rclpy_minimal_action_server:/home/jons/ros2_ws/install/examples_rclpy_minimal_action_client:/home/jons/ros2_ws/install/examples_rclpy_guard_conditions:/home/jons/ros2_ws/install/examples_rclpy_executors:/opt/ros/humble /usr/bin/cmake --build /home/jons/ros2_ws/build/action_tutorials_interfaces -- -j2 -l2
[1.640s] Invoking command in '/home/jons/ros2_ws/build/action_tutorials_interfaces': CMAKE_PREFIX_PATH=${CMAKE_PREFIX_PATH}:/home/jons/ros2_ws/install/py_srvcli:/home/jons/ros2_ws/install/py_pubsub:/home/jons/ros2_ws/install/launch_testing_examples:/home/jons/ros2_ws/install/examples_rclpy_pointcloud_publisher:/home/jons/ros2_ws/install/examples_rclpy_minimal_subscriber:/home/jons/ros2_ws/install/examples_rclpy_minimal_service:/home/jons/ros2_ws/install/examples_rclpy_minimal_publisher:/home/jons/ros2_ws/install/examples_rclpy_minimal_client:/home/jons/ros2_ws/install/examples_rclpy_minimal_action_server:/home/jons/ros2_ws/install/examples_rclpy_minimal_action_client:/home/jons/ros2_ws/install/examples_rclpy_guard_conditions:/home/jons/ros2_ws/install/examples_rclpy_executors:/opt/ros/humble /usr/bin/cmake --install /home/jons/ros2_ws/build/action_tutorials_interfaces
[1.660s] -- Install configuration: ""
[1.660s] -- Installing: /home/jons/ros2_ws/install/action_tutorials_interfaces/share/ament_index/resource_index/rosidl_interfaces/action_tutorials_interfaces
[1.661s] -- Installing: /home/jons/ros2_ws/install/action_tutorials_interfaces/include/action_tutorials_interfaces/action_tutorials_interfaces
[1.663s] -- Installing: /home/jons/ros2_ws/install/action_tutorials_interfaces/include/action_tutorials_interfaces/action_tutorials_interfaces/action
[1.663s] -- Installing: /home/jons/ros2_ws/install/action_tutorials_interfaces/include/action_tutorials_interfaces/action_tutorials_interfaces/action/fibonacci.h
[1.664s] -- Installing: /home/jons/ros2_ws/install/action_tutorials_interfaces/include/action_tutorials_interfaces/action_tutorials_interfaces/action/detail
[1.664s] -- Installing: /home/jons/ros2_ws/install/action_tutorials_interfaces/include/action_tutorials_interfaces/action_tutorials_interfaces/action/detail/fibonacci__type_support.h
[1.664s] -- Installing: /home/jons/ros2_ws/install/action_tutorials_interfaces/include/action_tutorials_interfaces/action_tutorials_interfaces/action/detail/fibonacci__functions.c
[1.665s] -- Installing: /home/jons/ros2_ws/install/action_tutorials_interfaces/include/action_tutorials_interfaces/action_tutorials_interfaces/action/detail/fibonacci__struct.h
[1.666s] -- Installing: /home/jons/ros2_ws/install/action_tutorials_interfaces/include/action_tutorials_interfaces/action_tutorials_interfaces/action/detail/fibonacci__functions.h
[1.667s] -- Installing: /home/jons/ros2_ws/install/action_tutorials_interfaces/include/action_tutorials_interfaces/action_tutorials_interfaces/msg
[1.667s] -- Installing: /home/jons/ros2_ws/install/action_tutorials_interfaces/include/action_tutorials_interfaces/action_tutorials_interfaces/msg/rosidl_generator_c__visibility_control.h
[1.668s] -- Installing: /home/jons/ros2_ws/install/action_tutorials_interfaces/share/action_tutorials_interfaces/environment/library_path.sh
[1.668s] -- Installing: /home/jons/ros2_ws/install/action_tutorials_interfaces/share/action_tutorials_interfaces/environment/library_path.dsv
[1.669s] -- Installing: /home/jons/ros2_ws/install/action_tutorials_interfaces/lib/libaction_tutorials_interfaces__rosidl_generator_c.so
[1.671s] -- Set runtime path of "/home/jons/ros2_ws/install/action_tutorials_interfaces/lib/libaction_tutorials_interfaces__rosidl_generator_c.so" to ""
[1.671s] -- Up-to-date: /home/jons/ros2_ws/install/action_tutorials_interfaces/include/action_tutorials_interfaces/action_tutorials_interfaces
[1.671s] -- Up-to-date: /home/jons/ros2_ws/install/action_tutorials_interfaces/include/action_tutorials_interfaces/action_tutorials_interfaces/action
[1.671s] -- Up-to-date: /home/jons/ros2_ws/install/action_tutorials_interfaces/include/action_tutorials_interfaces/action_tutorials_interfaces/action/detail
[1.671s] -- Installing: /home/jons/ros2_ws/install/action_tutorials_interfaces/include/action_tutorials_interfaces/action_tutorials_interfaces/action/detail/fibonacci__rosidl_typesupport_fastrtps_c.h
[1.672s] -- Up-to-date: /home/jons/ros2_ws/install/action_tutorials_interfaces/include/action_tutorials_interfaces/action_tutorials_interfaces/msg
[1.672s] -- Installing: /home/jons/ros2_ws/install/action_tutorials_interfaces/include/action_tutorials_interfaces/action_tutorials_interfaces/msg/rosidl_typesupport_fastrtps_c__visibility_control.h
[1.673s] -- Installing: /home/jons/ros2_ws/install/action_tutorials_interfaces/lib/libaction_tutorials_interfaces__rosidl_typesupport_fastrtps_c.so
[1.674s] -- Set runtime path of "/home/jons/ros2_ws/install/action_tutorials_interfaces/lib/libaction_tutorials_interfaces__rosidl_typesupport_fastrtps_c.so" to ""
[1.675s] -- Up-to-date: /home/jons/ros2_ws/install/action_tutorials_interfaces/include/action_tutorials_interfaces/action_tutorials_interfaces
[1.675s] -- Up-to-date: /home/jons/ros2_ws/install/action_tutorials_interfaces/include/action_tutorials_interfaces/action_tutorials_interfaces/action
[1.675s] -- Up-to-date: /home/jons/ros2_ws/install/action_tutorials_interfaces/include/action_tutorials_interfaces/action_tutorials_interfaces/action/detail
[1.675s] -- Installing: /home/jons/ros2_ws/install/action_tutorials_interfaces/include/action_tutorials_interfaces/action_tutorials_interfaces/action/detail/fibonacci__type_support.c
[1.676s] -- Installing: /home/jons/ros2_ws/install/action_tutorials_interfaces/include/action_tutorials_interfaces/action_tutorials_interfaces/action/detail/fibonacci__rosidl_typesupport_introspection_c.h
[1.677s] -- Up-to-date: /home/jons/ros2_ws/install/action_tutorials_interfaces/include/action_tutorials_interfaces/action_tutorials_interfaces/msg
[1.677s] -- Installing: /home/jons/ros2_ws/install/action_tutorials_interfaces/include/action_tutorials_interfaces/action_tutorials_interfaces/msg/rosidl_typesupport_introspection_c__visibility_control.h
[1.678s] -- Installing: /home/jons/ros2_ws/install/action_tutorials_interfaces/lib/libaction_tutorials_interfaces__rosidl_typesupport_introspection_c.so
[1.679s] -- Set runtime path of "/home/jons/ros2_ws/install/action_tutorials_interfaces/lib/libaction_tutorials_interfaces__rosidl_typesupport_introspection_c.so" to ""
[1.680s] -- Installing: /home/jons/ros2_ws/install/action_tutorials_interfaces/lib/libaction_tutorials_interfaces__rosidl_typesupport_c.so
[1.681s] -- Set runtime path of "/home/jons/ros2_ws/install/action_tutorials_interfaces/lib/libaction_tutorials_interfaces__rosidl_typesupport_c.so" to ""
[1.682s] -- Up-to-date: /home/jons/ros2_ws/install/action_tutorials_interfaces/include/action_tutorials_interfaces/action_tutorials_interfaces
[1.682s] -- Up-to-date: /home/jons/ros2_ws/install/action_tutorials_interfaces/include/action_tutorials_interfaces/action_tutorials_interfaces/action
[1.682s] -- Installing: /home/jons/ros2_ws/install/action_tutorials_interfaces/include/action_tutorials_interfaces/action_tutorials_interfaces/action/fibonacci.hpp
[1.684s] -- Up-to-date: /home/jons/ros2_ws/install/action_tutorials_interfaces/include/action_tutorials_interfaces/action_tutorials_interfaces/action/detail
[1.684s] -- Installing: /home/jons/ros2_ws/install/action_tutorials_interfaces/include/action_tutorials_interfaces/action_tutorials_interfaces/action/detail/fibonacci__struct.hpp
[1.686s] -- Installing: /home/jons/ros2_ws/install/action_tutorials_interfaces/include/action_tutorials_interfaces/action_tutorials_interfaces/action/detail/fibonacci__builder.hpp
[1.686s] -- Installing: /home/jons/ros2_ws/install/action_tutorials_interfaces/include/action_tutorials_interfaces/action_tutorials_interfaces/action/detail/fibonacci__traits.hpp
[1.686s] -- Up-to-date: /home/jons/ros2_ws/install/action_tutorials_interfaces/include/action_tutorials_interfaces/action_tutorials_interfaces
[1.686s] -- Up-to-date: /home/jons/ros2_ws/install/action_tutorials_interfaces/include/action_tutorials_interfaces/action_tutorials_interfaces/action
[1.687s] -- Up-to-date: /home/jons/ros2_ws/install/action_tutorials_interfaces/include/action_tutorials_interfaces/action_tutorials_interfaces/action/detail
[1.687s] -- Installing: /home/jons/ros2_ws/install/action_tutorials_interfaces/include/action_tutorials_interfaces/action_tutorials_interfaces/action/detail/dds_fastrtps
[1.687s] -- Installing: /home/jons/ros2_ws/install/action_tutorials_interfaces/include/action_tutorials_interfaces/action_tutorials_interfaces/action/detail/fibonacci__rosidl_typesupport_fastrtps_cpp.hpp
[1.688s] -- Up-to-date: /home/jons/ros2_ws/install/action_tutorials_interfaces/include/action_tutorials_interfaces/action_tutorials_interfaces/msg
[1.688s] -- Installing: /home/jons/ros2_ws/install/action_tutorials_interfaces/include/action_tutorials_interfaces/action_tutorials_interfaces/msg/rosidl_typesupport_fastrtps_cpp__visibility_control.h
[1.689s] -- Installing: /home/jons/ros2_ws/install/action_tutorials_interfaces/lib/libaction_tutorials_interfaces__rosidl_typesupport_fastrtps_cpp.so
[1.690s] -- Set runtime path of "/home/jons/ros2_ws/install/action_tutorials_interfaces/lib/libaction_tutorials_interfaces__rosidl_typesupport_fastrtps_cpp.so" to ""
[1.691s] -- Up-to-date: /home/jons/ros2_ws/install/action_tutorials_interfaces/include/action_tutorials_interfaces/action_tutorials_interfaces
[1.691s] -- Up-to-date: /home/jons/ros2_ws/install/action_tutorials_interfaces/include/action_tutorials_interfaces/action_tutorials_interfaces/action
[1.692s] -- Up-to-date: /home/jons/ros2_ws/install/action_tutorials_interfaces/include/action_tutorials_interfaces/action_tutorials_interfaces/action/detail
[1.692s] -- Installing: /home/jons/ros2_ws/install/action_tutorials_interfaces/include/action_tutorials_interfaces/action_tutorials_interfaces/action/detail/fibonacci__type_support.cpp
[1.693s] -- Installing: /home/jons/ros2_ws/install/action_tutorials_interfaces/include/action_tutorials_interfaces/action_tutorials_interfaces/action/detail/fibonacci__rosidl_typesupport_introspection_cpp.hpp
[1.693s] -- Installing: /home/jons/ros2_ws/install/action_tutorials_interfaces/lib/libaction_tutorials_interfaces__rosidl_typesupport_introspection_cpp.so
[1.695s] -- Set runtime path of "/home/jons/ros2_ws/install/action_tutorials_interfaces/lib/libaction_tutorials_interfaces__rosidl_typesupport_introspection_cpp.so" to ""
[1.695s] -- Installing: /home/jons/ros2_ws/install/action_tutorials_interfaces/lib/libaction_tutorials_interfaces__rosidl_typesupport_cpp.so
[1.697s] -- Set runtime path of "/home/jons/ros2_ws/install/action_tutorials_interfaces/lib/libaction_tutorials_interfaces__rosidl_typesupport_cpp.so" to ""
[1.697s] -- Installing: /home/jons/ros2_ws/install/action_tutorials_interfaces/share/action_tutorials_interfaces/environment/pythonpath.sh
[1.698s] -- Installing: /home/jons/ros2_ws/install/action_tutorials_interfaces/share/action_tutorials_interfaces/environment/pythonpath.dsv
[1.699s] -- Installing: /home/jons/ros2_ws/install/action_tutorials_interfaces/local/lib/python3.10/dist-packages/action_tutorials_interfaces-0.0.0-py3.10.egg-info
[1.700s] -- Installing: /home/jons/ros2_ws/install/action_tutorials_interfaces/local/lib/python3.10/dist-packages/action_tutorials_interfaces-0.0.0-py3.10.egg-info/dependency_links.txt
[1.700s] -- Installing: /home/jons/ros2_ws/install/action_tutorials_interfaces/local/lib/python3.10/dist-packages/action_tutorials_interfaces-0.0.0-py3.10.egg-info/PKG-INFO
[1.701s] -- Installing: /home/jons/ros2_ws/install/action_tutorials_interfaces/local/lib/python3.10/dist-packages/action_tutorials_interfaces-0.0.0-py3.10.egg-info/top_level.txt
[1.705s] -- Installing: /home/jons/ros2_ws/install/action_tutorials_interfaces/local/lib/python3.10/dist-packages/action_tutorials_interfaces-0.0.0-py3.10.egg-info/SOURCES.txt
[1.705s] -- Installing: /home/jons/ros2_ws/install/action_tutorials_interfaces/local/lib/python3.10/dist-packages/action_tutorials_interfaces
[1.705s] -- Installing: /home/jons/ros2_ws/install/action_tutorials_interfaces/local/lib/python3.10/dist-packages/action_tutorials_interfaces/libaction_tutorials_interfaces__rosidl_generator_py.so
[1.705s] -- Installing: /home/jons/ros2_ws/install/action_tutorials_interfaces/local/lib/python3.10/dist-packages/action_tutorials_interfaces/action
[1.706s] -- Installing: /home/jons/ros2_ws/install/action_tutorials_interfaces/local/lib/python3.10/dist-packages/action_tutorials_interfaces/action/_fibonacci.py
[1.706s] -- Installing: /home/jons/ros2_ws/install/action_tutorials_interfaces/local/lib/python3.10/dist-packages/action_tutorials_interfaces/action/__init__.py
[1.706s] -- Installing: /home/jons/ros2_ws/install/action_tutorials_interfaces/local/lib/python3.10/dist-packages/action_tutorials_interfaces/action/_fibonacci_s.c
[1.706s] -- Installing: /home/jons/ros2_ws/install/action_tutorials_interfaces/local/lib/python3.10/dist-packages/action_tutorials_interfaces/_action_tutorials_interfaces_s.ep.rosidl_typesupport_introspection_c.c
[1.706s] -- Installing: /home/jons/ros2_ws/install/action_tutorials_interfaces/local/lib/python3.10/dist-packages/action_tutorials_interfaces/action_tutorials_interfaces_s__rosidl_typesupport_c.cpython-310-x86_64-linux-gnu.so
[1.707s] -- Installing: /home/jons/ros2_ws/install/action_tutorials_interfaces/local/lib/python3.10/dist-packages/action_tutorials_interfaces/_action_tutorials_interfaces_s.ep.rosidl_typesupport_c.c
[1.708s] -- Installing: /home/jons/ros2_ws/install/action_tutorials_interfaces/local/lib/python3.10/dist-packages/action_tutorials_interfaces/action_tutorials_interfaces_s__rosidl_typesupport_fastrtps_c.cpython-310-x86_64-linux-gnu.so
[1.709s] -- Installing: /home/jons/ros2_ws/install/action_tutorials_interfaces/local/lib/python3.10/dist-packages/action_tutorials_interfaces/_action_tutorials_interfaces_s.ep.rosidl_typesupport_fastrtps_c.c
[1.710s] -- Installing: /home/jons/ros2_ws/install/action_tutorials_interfaces/local/lib/python3.10/dist-packages/action_tutorials_interfaces/__init__.py
[1.711s] -- Installing: /home/jons/ros2_ws/install/action_tutorials_interfaces/local/lib/python3.10/dist-packages/action_tutorials_interfaces/action_tutorials_interfaces_s__rosidl_typesupport_introspection_c.cpython-310-x86_64-linux-gnu.so
[1.812s] Listing '/home/jons/ros2_ws/install/action_tutorials_interfaces/local/lib/python3.10/dist-packages/action_tutorials_interfaces'...
[1.813s] Compiling '/home/jons/ros2_ws/install/action_tutorials_interfaces/local/lib/python3.10/dist-packages/action_tutorials_interfaces/__init__.py'...
[1.813s] Listing '/home/jons/ros2_ws/install/action_tutorials_interfaces/local/lib/python3.10/dist-packages/action_tutorials_interfaces/action'...
[1.814s] Compiling '/home/jons/ros2_ws/install/action_tutorials_interfaces/local/lib/python3.10/dist-packages/action_tutorials_interfaces/action/__init__.py'...
[1.814s] Compiling '/home/jons/ros2_ws/install/action_tutorials_interfaces/local/lib/python3.10/dist-packages/action_tutorials_interfaces/action/_fibonacci.py'...
[1.827s] -- Installing: /home/jons/ros2_ws/install/action_tutorials_interfaces/local/lib/python3.10/dist-packages/action_tutorials_interfaces/action_tutorials_interfaces_s__rosidl_typesupport_fastrtps_c.cpython-310-x86_64-linux-gnu.so
[1.827s] -- Set runtime path of "/home/jons/ros2_ws/install/action_tutorials_interfaces/local/lib/python3.10/dist-packages/action_tutorials_interfaces/action_tutorials_interfaces_s__rosidl_typesupport_fastrtps_c.cpython-310-x86_64-linux-gnu.so" to ""
[1.827s] -- Installing: /home/jons/ros2_ws/install/action_tutorials_interfaces/local/lib/python3.10/dist-packages/action_tutorials_interfaces/action_tutorials_interfaces_s__rosidl_typesupport_introspection_c.cpython-310-x86_64-linux-gnu.so
[1.836s] -- Set runtime path of "/home/jons/ros2_ws/install/action_tutorials_interfaces/local/lib/python3.10/dist-packages/action_tutorials_interfaces/action_tutorials_interfaces_s__rosidl_typesupport_introspection_c.cpython-310-x86_64-linux-gnu.so" to ""
[1.836s] -- Installing: /home/jons/ros2_ws/install/action_tutorials_interfaces/local/lib/python3.10/dist-packages/action_tutorials_interfaces/action_tutorials_interfaces_s__rosidl_typesupport_c.cpython-310-x86_64-linux-gnu.so
[1.836s] -- Set runtime path of "/home/jons/ros2_ws/install/action_tutorials_interfaces/local/lib/python3.10/dist-packages/action_tutorials_interfaces/action_tutorials_interfaces_s__rosidl_typesupport_c.cpython-310-x86_64-linux-gnu.so" to ""
[1.836s] -- Installing: /home/jons/ros2_ws/install/action_tutorials_interfaces/lib/libaction_tutorials_interfaces__rosidl_generator_py.so
[1.836s] -- Set runtime path of "/home/jons/ros2_ws/install/action_tutorials_interfaces/lib/libaction_tutorials_interfaces__rosidl_generator_py.so" to ""
[1.836s] -- Installing: /home/jons/ros2_ws/install/action_tutorials_interfaces/share/action_tutorials_interfaces/action/Fibonacci.idl
[1.837s] -- Installing: /home/jons/ros2_ws/install/action_tutorials_interfaces/share/action_tutorials_interfaces/action/Fibonacci.action
[1.837s] -- Installing: /home/jons/ros2_ws/install/action_tutorials_interfaces/share/ament_index/resource_index/package_run_dependencies/action_tutorials_interfaces
[1.837s] -- Installing: /home/jons/ros2_ws/install/action_tutorials_interfaces/share/ament_index/resource_index/parent_prefix_path/action_tutorials_interfaces
[1.837s] -- Installing: /home/jons/ros2_ws/install/action_tutorials_interfaces/share/action_tutorials_interfaces/environment/ament_prefix_path.sh
[1.837s] -- Installing: /home/jons/ros2_ws/install/action_tutorials_interfaces/share/action_tutorials_interfaces/environment/ament_prefix_path.dsv
[1.837s] -- Installing: /home/jons/ros2_ws/install/action_tutorials_interfaces/share/action_tutorials_interfaces/environment/path.sh
[1.837s] -- Installing: /home/jons/ros2_ws/install/action_tutorials_interfaces/share/action_tutorials_interfaces/environment/path.dsv
[1.838s] -- Installing: /home/jons/ros2_ws/install/action_tutorials_interfaces/share/action_tutorials_interfaces/local_setup.bash
[1.838s] -- Installing: /home/jons/ros2_ws/install/action_tutorials_interfaces/share/action_tutorials_interfaces/local_setup.sh
[1.838s] -- Installing: /home/jons/ros2_ws/install/action_tutorials_interfaces/share/action_tutorials_interfaces/local_setup.zsh
[1.838s] -- Installing: /home/jons/ros2_ws/install/action_tutorials_interfaces/share/action_tutorials_interfaces/local_setup.dsv
[1.838s] -- Installing: /home/jons/ros2_ws/install/action_tutorials_interfaces/share/action_tutorials_interfaces/package.dsv
[1.838s] -- Installing: /home/jons/ros2_ws/install/action_tutorials_interfaces/share/ament_index/resource_index/packages/action_tutorials_interfaces
[1.839s] -- Installing: /home/jons/ros2_ws/install/action_tutorials_interfaces/share/action_tutorials_interfaces/cmake/export_action_tutorials_interfaces__rosidl_generator_cExport.cmake
[1.839s] -- Installing: /home/jons/ros2_ws/install/action_tutorials_interfaces/share/action_tutorials_interfaces/cmake/export_action_tutorials_interfaces__rosidl_generator_cExport-noconfig.cmake
[1.839s] -- Installing: /home/jons/ros2_ws/install/action_tutorials_interfaces/share/action_tutorials_interfaces/cmake/export_action_tutorials_interfaces__rosidl_typesupport_fastrtps_cExport.cmake
[1.839s] -- Installing: /home/jons/ros2_ws/install/action_tutorials_interfaces/share/action_tutorials_interfaces/cmake/export_action_tutorials_interfaces__rosidl_typesupport_fastrtps_cExport-noconfig.cmake
[1.840s] -- Installing: /home/jons/ros2_ws/install/action_tutorials_interfaces/share/action_tutorials_interfaces/cmake/action_tutorials_interfaces__rosidl_typesupport_introspection_cExport.cmake
[1.840s] -- Installing: /home/jons/ros2_ws/install/action_tutorials_interfaces/share/action_tutorials_interfaces/cmake/action_tutorials_interfaces__rosidl_typesupport_introspection_cExport-noconfig.cmake
[1.841s] -- Installing: /home/jons/ros2_ws/install/action_tutorials_interfaces/share/action_tutorials_interfaces/cmake/action_tutorials_interfaces__rosidl_typesupport_cExport.cmake
[1.842s] -- Installing: /home/jons/ros2_ws/install/action_tutorials_interfaces/share/action_tutorials_interfaces/cmake/action_tutorials_interfaces__rosidl_typesupport_cExport-noconfig.cmake
[1.843s] -- Installing: /home/jons/ros2_ws/install/action_tutorials_interfaces/share/action_tutorials_interfaces/cmake/export_action_tutorials_interfaces__rosidl_generator_cppExport.cmake
[1.843s] -- Installing: /home/jons/ros2_ws/install/action_tutorials_interfaces/share/action_tutorials_interfaces/cmake/export_action_tutorials_interfaces__rosidl_typesupport_fastrtps_cppExport.cmake
[1.845s] -- Installing: /home/jons/ros2_ws/install/action_tutorials_interfaces/share/action_tutorials_interfaces/cmake/export_action_tutorials_interfaces__rosidl_typesupport_fastrtps_cppExport-noconfig.cmake
[1.845s] -- Installing: /home/jons/ros2_ws/install/action_tutorials_interfaces/share/action_tutorials_interfaces/cmake/action_tutorials_interfaces__rosidl_typesupport_introspection_cppExport.cmake
[1.846s] -- Installing: /home/jons/ros2_ws/install/action_tutorials_interfaces/share/action_tutorials_interfaces/cmake/action_tutorials_interfaces__rosidl_typesupport_introspection_cppExport-noconfig.cmake
[1.846s] -- Installing: /home/jons/ros2_ws/install/action_tutorials_interfaces/share/action_tutorials_interfaces/cmake/action_tutorials_interfaces__rosidl_typesupport_cppExport.cmake
[1.847s] -- Installing: /home/jons/ros2_ws/install/action_tutorials_interfaces/share/action_tutorials_interfaces/cmake/action_tutorials_interfaces__rosidl_typesupport_cppExport-noconfig.cmake
[1.847s] -- Installing: /home/jons/ros2_ws/install/action_tutorials_interfaces/share/action_tutorials_interfaces/cmake/export_action_tutorials_interfaces__rosidl_generator_pyExport.cmake
[1.848s] -- Installing: /home/jons/ros2_ws/install/action_tutorials_interfaces/share/action_tutorials_interfaces/cmake/export_action_tutorials_interfaces__rosidl_generator_pyExport-noconfig.cmake
[1.848s] -- Installing: /home/jons/ros2_ws/install/action_tutorials_interfaces/share/action_tutorials_interfaces/cmake/rosidl_cmake-extras.cmake
[1.849s] -- Installing: /home/jons/ros2_ws/install/action_tutorials_interfaces/share/action_tutorials_interfaces/cmake/ament_cmake_export_dependencies-extras.cmake
[1.849s] -- Installing: /home/jons/ros2_ws/install/action_tutorials_interfaces/share/action_tutorials_interfaces/cmake/ament_cmake_export_include_directories-extras.cmake
[1.850s] -- Installing: /home/jons/ros2_ws/install/action_tutorials_interfaces/share/action_tutorials_interfaces/cmake/ament_cmake_export_libraries-extras.cmake
[1.851s] -- Installing: /home/jons/ros2_ws/install/action_tutorials_interfaces/share/action_tutorials_interfaces/cmake/ament_cmake_export_targets-extras.cmake
[1.852s] -- Installing: /home/jons/ros2_ws/install/action_tutorials_interfaces/share/action_tutorials_interfaces/cmake/rosidl_cmake_export_typesupport_targets-extras.cmake
[1.852s] -- Installing: /home/jons/ros2_ws/install/action_tutorials_interfaces/share/action_tutorials_interfaces/cmake/rosidl_cmake_export_typesupport_libraries-extras.cmake
[1.852s] -- Installing: /home/jons/ros2_ws/install/action_tutorials_interfaces/share/action_tutorials_interfaces/cmake/action_tutorials_interfacesConfig.cmake
[1.853s] -- Installing: /home/jons/ros2_ws/install/action_tutorials_interfaces/share/action_tutorials_interfaces/cmake/action_tutorials_interfacesConfig-version.cmake
[1.853s] -- Installing: /home/jons/ros2_ws/install/action_tutorials_interfaces/share/action_tutorials_interfaces/package.xml
[1.860s] Invoked command in '/home/jons/ros2_ws/build/action_tutorials_interfaces' returned '0': CMAKE_PREFIX_PATH=${CMAKE_PREFIX_PATH}:/home/jons/ros2_ws/install/py_srvcli:/home/jons/ros2_ws/install/py_pubsub:/home/jons/ros2_ws/install/launch_testing_examples:/home/jons/ros2_ws/install/examples_rclpy_pointcloud_publisher:/home/jons/ros2_ws/install/examples_rclpy_minimal_subscriber:/home/jons/ros2_ws/install/examples_rclpy_minimal_service:/home/jons/ros2_ws/install/examples_rclpy_minimal_publisher:/home/jons/ros2_ws/install/examples_rclpy_minimal_client:/home/jons/ros2_ws/install/examples_rclpy_minimal_action_server:/home/jons/ros2_ws/install/examples_rclpy_minimal_action_client:/home/jons/ros2_ws/install/examples_rclpy_guard_conditions:/home/jons/ros2_ws/install/examples_rclpy_executors:/opt/ros/humble /usr/bin/cmake --install /home/jons/ros2_ws/build/action_tutorials_interfaces
