[0.771s] Invoking command in '/home/jons/ros2_ws/src/py_pubsub': PYTHONPATH=/home/jons/ros2_ws/install/py_pubsub/lib/python3.10/site-packages:${PYTHONPATH} /usr/bin/python3 setup.py egg_info --egg-base ../../build/py_pubsub build --build-base /home/jons/ros2_ws/build/py_pubsub/build install --prefix /home/jons/ros2_ws/install/py_pubsub --record /home/jons/ros2_ws/build/py_pubsub/install.log --single-version-externally-managed
[1.071s] running egg_info
[1.072s] writing ../../build/py_pubsub/py_pubsub.egg-info/PKG-INFO
[1.073s] writing dependency_links to ../../build/py_pubsub/py_pubsub.egg-info/dependency_links.txt
[1.074s] writing entry points to ../../build/py_pubsub/py_pubsub.egg-info/entry_points.txt
[1.075s] writing requirements to ../../build/py_pubsub/py_pubsub.egg-info/requires.txt
[1.075s] writing top-level names to ../../build/py_pubsub/py_pubsub.egg-info/top_level.txt
[1.077s] reading manifest file '../../build/py_pubsub/py_pubsub.egg-info/SOURCES.txt'
[1.078s] writing manifest file '../../build/py_pubsub/py_pubsub.egg-info/SOURCES.txt'
[1.079s] running build
[1.079s] running build_py
[1.080s] running install
[1.080s] /usr/lib/python3/dist-packages/setuptools/command/install.py:34: SetuptoolsDeprecationWarning: setup.py install is deprecated. Use build and pip and other standards-based tools.
[1.080s]   warnings.warn(
[1.081s] running install_lib
[1.082s] running install_data
[1.083s] running install_egg_info
[1.086s] removing '/home/jons/ros2_ws/install/py_pubsub/lib/python3.10/site-packages/py_pubsub-0.0.0-py3.10.egg-info' (and everything under it)
[1.087s] Copying ../../build/py_pubsub/py_pubsub.egg-info to /home/jons/ros2_ws/install/py_pubsub/lib/python3.10/site-packages/py_pubsub-0.0.0-py3.10.egg-info
[1.088s] running install_scripts
[1.119s] Installing listener script to /home/jons/ros2_ws/install/py_pubsub/lib/py_pubsub
[1.120s] Installing talker script to /home/jons/ros2_ws/install/py_pubsub/lib/py_pubsub
[1.121s] writing list of installed files to '/home/jons/ros2_ws/build/py_pubsub/install.log'
[1.157s] Invoked command in '/home/jons/ros2_ws/src/py_pubsub' returned '0': PYTHONPATH=/home/jons/ros2_ws/install/py_pubsub/lib/python3.10/site-packages:${PYTHONPATH} /usr/bin/python3 setup.py egg_info --egg-base ../../build/py_pubsub build --build-base /home/jons/ros2_ws/build/py_pubsub/build install --prefix /home/jons/ros2_ws/install/py_pubsub --record /home/jons/ros2_ws/build/py_pubsub/install.log --single-version-externally-managed
