[1.338s] Invoking command in '/home/jons/ros2_ws/src/py_pubsub': PYTHONPATH=/home/jons/ros2_ws/src/install/py_pubsub/lib/python3.10/site-packages:${PYTHONPATH} /usr/bin/python3 setup.py egg_info --egg-base ../build/py_pubsub build --build-base /home/jons/ros2_ws/src/build/py_pubsub/build install --prefix /home/jons/ros2_ws/src/install/py_pubsub --record /home/jons/ros2_ws/src/build/py_pubsub/install.log --single-version-externally-managed
[1.832s] running egg_info
[1.834s] writing ../build/py_pubsub/py_pubsub.egg-info/PKG-INFO
[1.836s] writing dependency_links to ../build/py_pubsub/py_pubsub.egg-info/dependency_links.txt
[1.837s] writing entry points to ../build/py_pubsub/py_pubsub.egg-info/entry_points.txt
[1.837s] writing requirements to ../build/py_pubsub/py_pubsub.egg-info/requires.txt
[1.838s] writing top-level names to ../build/py_pubsub/py_pubsub.egg-info/top_level.txt
[1.844s] reading manifest file '../build/py_pubsub/py_pubsub.egg-info/SOURCES.txt'
[1.851s] writing manifest file '../build/py_pubsub/py_pubsub.egg-info/SOURCES.txt'
[1.851s] running build
[1.851s] running build_py
[1.852s] running install
[1.852s] /usr/lib/python3/dist-packages/setuptools/command/install.py:34: SetuptoolsDeprecationWarning: setup.py install is deprecated. Use build and pip and other standards-based tools.
[1.853s]   warnings.warn(
[1.853s] running install_lib
[1.857s] running install_data
[1.858s] running install_egg_info
[1.861s] removing '/home/jons/ros2_ws/src/install/py_pubsub/lib/python3.10/site-packages/py_pubsub-0.0.0-py3.10.egg-info' (and everything under it)
[1.862s] Copying ../build/py_pubsub/py_pubsub.egg-info to /home/jons/ros2_ws/src/install/py_pubsub/lib/python3.10/site-packages/py_pubsub-0.0.0-py3.10.egg-info
[1.864s] running install_scripts
[1.902s] Installing listener script to /home/jons/ros2_ws/src/install/py_pubsub/lib/py_pubsub
[1.903s] Installing talker script to /home/jons/ros2_ws/src/install/py_pubsub/lib/py_pubsub
[1.904s] writing list of installed files to '/home/jons/ros2_ws/src/build/py_pubsub/install.log'
[1.948s] Invoked command in '/home/jons/ros2_ws/src/py_pubsub' returned '0': PYTHONPATH=/home/jons/ros2_ws/src/install/py_pubsub/lib/python3.10/site-packages:${PYTHONPATH} /usr/bin/python3 setup.py egg_info --egg-base ../build/py_pubsub build --build-base /home/jons/ros2_ws/src/build/py_pubsub/build install --prefix /home/jons/ros2_ws/src/install/py_pubsub --record /home/jons/ros2_ws/src/build/py_pubsub/install.log --single-version-externally-managed
