[1.621s] Invoking command in '/home/jons/ros2_ws/build/examples_rclpy_minimal_publisher': PYTHONPATH=/home/jons/ros2_ws/install/examples_rclpy_minimal_publisher/lib/python3.10/site-packages:${PYTHONPATH} /usr/bin/python3 setup.py develop --prefix /home/jons/ros2_ws/install/examples_rclpy_minimal_publisher --uninstall --editable --build-directory /home/jons/ros2_ws/build/examples_rclpy_minimal_publisher/build
[2.329s] running develop
[2.330s] /usr/lib/python3/dist-packages/setuptools/command/easy_install.py:158: EasyInstallDeprecationWarning: easy_install command is deprecated. Use build and pip and other standards-based tools.
[2.330s]   warnings.warn(
[2.332s] /usr/lib/python3/dist-packages/setuptools/command/install.py:34: SetuptoolsDeprecationWarning: setup.py install is deprecated. Use build and pip and other standards-based tools.
[2.332s]   warnings.warn(
[2.520s] /usr/lib/python3/dist-packages/pkg_resources/__init__.py:116: PkgResourcesDeprecationWarning: 0.1.43ubuntu1 is an invalid version and will not be supported in a future release
[2.521s]   warnings.warn(
[2.522s] /usr/lib/python3/dist-packages/pkg_resources/__init__.py:116: PkgResourcesDeprecationWarning: 1.1build1 is an invalid version and will not be supported in a future release
[2.522s]   warnings.warn(
[2.828s] Removing /home/jons/ros2_ws/install/examples_rclpy_minimal_publisher/lib/python3.10/site-packages/examples-rclpy-minimal-publisher.egg-link (link to .)
[2.870s] Invoked command in '/home/jons/ros2_ws/build/examples_rclpy_minimal_publisher' returned '0': PYTHONPATH=/home/jons/ros2_ws/install/examples_rclpy_minimal_publisher/lib/python3.10/site-packages:${PYTHONPATH} /usr/bin/python3 setup.py develop --prefix /home/jons/ros2_ws/install/examples_rclpy_minimal_publisher --uninstall --editable --build-directory /home/jons/ros2_ws/build/examples_rclpy_minimal_publisher/build
[2.872s] Invoking command in '/home/jons/ros2_ws/src/examples/rclpy/topics/minimal_publisher': PYTHONPATH=/home/jons/ros2_ws/install/examples_rclpy_minimal_publisher/lib/python3.10/site-packages:${PYTHONPATH} /usr/bin/python3 setup.py egg_info --egg-base ../../../../../build/examples_rclpy_minimal_publisher build --build-base /home/jons/ros2_ws/build/examples_rclpy_minimal_publisher/build install --prefix /home/jons/ros2_ws/install/examples_rclpy_minimal_publisher --record /home/jons/ros2_ws/build/examples_rclpy_minimal_publisher/install.log --single-version-externally-managed
[3.343s] running egg_info
[3.345s] writing ../../../../../build/examples_rclpy_minimal_publisher/examples_rclpy_minimal_publisher.egg-info/PKG-INFO
[3.346s] writing dependency_links to ../../../../../build/examples_rclpy_minimal_publisher/examples_rclpy_minimal_publisher.egg-info/dependency_links.txt
[3.347s] writing entry points to ../../../../../build/examples_rclpy_minimal_publisher/examples_rclpy_minimal_publisher.egg-info/entry_points.txt
[3.348s] writing requirements to ../../../../../build/examples_rclpy_minimal_publisher/examples_rclpy_minimal_publisher.egg-info/requires.txt
[3.349s] writing top-level names to ../../../../../build/examples_rclpy_minimal_publisher/examples_rclpy_minimal_publisher.egg-info/top_level.txt
[3.354s] reading manifest file '../../../../../build/examples_rclpy_minimal_publisher/examples_rclpy_minimal_publisher.egg-info/SOURCES.txt'
[3.357s] writing manifest file '../../../../../build/examples_rclpy_minimal_publisher/examples_rclpy_minimal_publisher.egg-info/SOURCES.txt'
[3.359s] running build
[3.359s] running build_py
[3.361s] creating /home/jons/ros2_ws/build/examples_rclpy_minimal_publisher/build
[3.361s] creating /home/jons/ros2_ws/build/examples_rclpy_minimal_publisher/build/lib
[3.362s] creating /home/jons/ros2_ws/build/examples_rclpy_minimal_publisher/build/lib/examples_rclpy_minimal_publisher
[3.363s] copying examples_rclpy_minimal_publisher/publisher_local_function.py -> /home/jons/ros2_ws/build/examples_rclpy_minimal_publisher/build/lib/examples_rclpy_minimal_publisher
[3.364s] copying examples_rclpy_minimal_publisher/publisher_member_function.py -> /home/jons/ros2_ws/build/examples_rclpy_minimal_publisher/build/lib/examples_rclpy_minimal_publisher
[3.365s] copying examples_rclpy_minimal_publisher/__init__.py -> /home/jons/ros2_ws/build/examples_rclpy_minimal_publisher/build/lib/examples_rclpy_minimal_publisher
[3.365s] copying examples_rclpy_minimal_publisher/publisher_old_school.py -> /home/jons/ros2_ws/build/examples_rclpy_minimal_publisher/build/lib/examples_rclpy_minimal_publisher
[3.366s] running install
[3.367s] /usr/lib/python3/dist-packages/setuptools/command/install.py:34: SetuptoolsDeprecationWarning: setup.py install is deprecated. Use build and pip and other standards-based tools.
[3.367s]   warnings.warn(
[3.368s] running install_lib
[3.369s] creating /home/jons/ros2_ws/install/examples_rclpy_minimal_publisher/lib/python3.10/site-packages/examples_rclpy_minimal_publisher
[3.370s] copying /home/jons/ros2_ws/build/examples_rclpy_minimal_publisher/build/lib/examples_rclpy_minimal_publisher/publisher_local_function.py -> /home/jons/ros2_ws/install/examples_rclpy_minimal_publisher/lib/python3.10/site-packages/examples_rclpy_minimal_publisher
[3.370s] copying /home/jons/ros2_ws/build/examples_rclpy_minimal_publisher/build/lib/examples_rclpy_minimal_publisher/publisher_member_function.py -> /home/jons/ros2_ws/install/examples_rclpy_minimal_publisher/lib/python3.10/site-packages/examples_rclpy_minimal_publisher
[3.371s] copying /home/jons/ros2_ws/build/examples_rclpy_minimal_publisher/build/lib/examples_rclpy_minimal_publisher/__init__.py -> /home/jons/ros2_ws/install/examples_rclpy_minimal_publisher/lib/python3.10/site-packages/examples_rclpy_minimal_publisher
[3.371s] copying /home/jons/ros2_ws/build/examples_rclpy_minimal_publisher/build/lib/examples_rclpy_minimal_publisher/publisher_old_school.py -> /home/jons/ros2_ws/install/examples_rclpy_minimal_publisher/lib/python3.10/site-packages/examples_rclpy_minimal_publisher
[3.373s] byte-compiling /home/jons/ros2_ws/install/examples_rclpy_minimal_publisher/lib/python3.10/site-packages/examples_rclpy_minimal_publisher/publisher_local_function.py to publisher_local_function.cpython-310.pyc
[3.375s] byte-compiling /home/jons/ros2_ws/install/examples_rclpy_minimal_publisher/lib/python3.10/site-packages/examples_rclpy_minimal_publisher/publisher_member_function.py to publisher_member_function.cpython-310.pyc
[3.376s] byte-compiling /home/jons/ros2_ws/install/examples_rclpy_minimal_publisher/lib/python3.10/site-packages/examples_rclpy_minimal_publisher/__init__.py to __init__.cpython-310.pyc
[3.377s] byte-compiling /home/jons/ros2_ws/install/examples_rclpy_minimal_publisher/lib/python3.10/site-packages/examples_rclpy_minimal_publisher/publisher_old_school.py to publisher_old_school.cpython-310.pyc
[3.378s] running install_data
[3.380s] running install_egg_info
[3.384s] Copying ../../../../../build/examples_rclpy_minimal_publisher/examples_rclpy_minimal_publisher.egg-info to /home/jons/ros2_ws/install/examples_rclpy_minimal_publisher/lib/python3.10/site-packages/examples_rclpy_minimal_publisher-0.16.1-py3.10.egg-info
[3.386s] running install_scripts
[3.418s] Installing publisher_local_function script to /home/jons/ros2_ws/install/examples_rclpy_minimal_publisher/lib/examples_rclpy_minimal_publisher
[3.419s] Installing publisher_member_function script to /home/jons/ros2_ws/install/examples_rclpy_minimal_publisher/lib/examples_rclpy_minimal_publisher
[3.420s] Installing publisher_old_school script to /home/jons/ros2_ws/install/examples_rclpy_minimal_publisher/lib/examples_rclpy_minimal_publisher
[3.421s] writing list of installed files to '/home/jons/ros2_ws/build/examples_rclpy_minimal_publisher/install.log'
[3.444s] Invoked command in '/home/jons/ros2_ws/src/examples/rclpy/topics/minimal_publisher' returned '0': PYTHONPATH=/home/jons/ros2_ws/install/examples_rclpy_minimal_publisher/lib/python3.10/site-packages:${PYTHONPATH} /usr/bin/python3 setup.py egg_info --egg-base ../../../../../build/examples_rclpy_minimal_publisher build --build-base /home/jons/ros2_ws/build/examples_rclpy_minimal_publisher/build install --prefix /home/jons/ros2_ws/install/examples_rclpy_minimal_publisher --record /home/jons/ros2_ws/build/examples_rclpy_minimal_publisher/install.log --single-version-externally-managed
