[0.730s] Invoking command in '/home/jons/ros2_ws/src/py_pubsub': PYTHONPATH=/home/jons/ros2_ws/install/py_pubsub/lib/python3.10/site-packages:${PYTHONPATH} /usr/bin/python3 setup.py egg_info --egg-base ../../build/py_pubsub build --build-base /home/jons/ros2_ws/build/py_pubsub/build install --prefix /home/jons/ros2_ws/install/py_pubsub --record /home/jons/ros2_ws/build/py_pubsub/install.log --single-version-externally-managed
[1.011s] running egg_info
[1.011s] writing ../../build/py_pubsub/py_pubsub.egg-info/PKG-INFO
[1.012s] writing dependency_links to ../../build/py_pubsub/py_pubsub.egg-info/dependency_links.txt
[1.012s] writing entry points to ../../build/py_pubsub/py_pubsub.egg-info/entry_points.txt
[1.013s] writing requirements to ../../build/py_pubsub/py_pubsub.egg-info/requires.txt
[1.013s] writing top-level names to ../../build/py_pubsub/py_pubsub.egg-info/top_level.txt
[1.015s] reading manifest file '../../build/py_pubsub/py_pubsub.egg-info/SOURCES.txt'
[1.016s] writing manifest file '../../build/py_pubsub/py_pubsub.egg-info/SOURCES.txt'
[1.017s] running build
[1.017s] running build_py
[1.017s] running install
[1.017s] /usr/lib/python3/dist-packages/setuptools/command/install.py:34: SetuptoolsDeprecationWarning: setup.py install is deprecated. Use build and pip and other standards-based tools.
[1.017s]   warnings.warn(
[1.018s] running install_lib
[1.019s] running install_data
[1.019s] running install_egg_info
[1.021s] removing '/home/jons/ros2_ws/install/py_pubsub/lib/python3.10/site-packages/py_pubsub-0.0.0-py3.10.egg-info' (and everything under it)
[1.021s] Copying ../../build/py_pubsub/py_pubsub.egg-info to /home/jons/ros2_ws/install/py_pubsub/lib/python3.10/site-packages/py_pubsub-0.0.0-py3.10.egg-info
[1.022s] running install_scripts
[1.045s] Installing listener script to /home/jons/ros2_ws/install/py_pubsub/lib/py_pubsub
[1.046s] Installing talker script to /home/jons/ros2_ws/install/py_pubsub/lib/py_pubsub
[1.047s] writing list of installed files to '/home/jons/ros2_ws/build/py_pubsub/install.log'
[1.071s] Invoked command in '/home/jons/ros2_ws/src/py_pubsub' returned '0': PYTHONPATH=/home/jons/ros2_ws/install/py_pubsub/lib/python3.10/site-packages:${PYTHONPATH} /usr/bin/python3 setup.py egg_info --egg-base ../../build/py_pubsub build --build-base /home/jons/ros2_ws/build/py_pubsub/build install --prefix /home/jons/ros2_ws/install/py_pubsub --record /home/jons/ros2_ws/build/py_pubsub/install.log --single-version-externally-managed
