[1.030s] Invoking command in '/home/jons/ros2_ws/build/examples_rclpy_pointcloud_publisher': PYTHONPATH=/home/jons/ros2_ws/install/examples_rclpy_pointcloud_publisher/lib/python3.10/site-packages:${PYTHONPATH} /usr/bin/python3 setup.py develop --prefix /home/jons/ros2_ws/install/examples_rclpy_pointcloud_publisher --editable --build-directory /home/jons/ros2_ws/build/examples_rclpy_pointcloud_publisher/build --no-deps install_data --install-dir /home/jons/ros2_ws/install/examples_rclpy_pointcloud_publisher
[1.451s] running develop
[1.452s] /usr/lib/python3/dist-packages/setuptools/command/easy_install.py:158: EasyInstallDeprecationWarning: easy_install command is deprecated. Use build and pip and other standards-based tools.
[1.453s]   warnings.warn(
[1.455s] /usr/lib/python3/dist-packages/setuptools/command/install.py:34: SetuptoolsDeprecationWarning: setup.py install is deprecated. Use build and pip and other standards-based tools.
[1.455s]   warnings.warn(
[1.571s] /usr/lib/python3/dist-packages/pkg_resources/__init__.py:116: PkgResourcesDeprecationWarning: 0.1.43ubuntu1 is an invalid version and will not be supported in a future release
[1.571s]   warnings.warn(
[1.572s] /usr/lib/python3/dist-packages/pkg_resources/__init__.py:116: PkgResourcesDeprecationWarning: 1.1build1 is an invalid version and will not be supported in a future release
[1.572s]   warnings.warn(
[1.773s] running egg_info
[1.774s] creating examples_rclpy_pointcloud_publisher.egg-info
[1.774s] writing examples_rclpy_pointcloud_publisher.egg-info/PKG-INFO
[1.775s] writing dependency_links to examples_rclpy_pointcloud_publisher.egg-info/dependency_links.txt
[1.775s] writing entry points to examples_rclpy_pointcloud_publisher.egg-info/entry_points.txt
[1.776s] writing requirements to examples_rclpy_pointcloud_publisher.egg-info/requires.txt
[1.776s] writing top-level names to examples_rclpy_pointcloud_publisher.egg-info/top_level.txt
[1.777s] writing manifest file 'examples_rclpy_pointcloud_publisher.egg-info/SOURCES.txt'
[1.780s] reading manifest file 'examples_rclpy_pointcloud_publisher.egg-info/SOURCES.txt'
[1.784s] writing manifest file 'examples_rclpy_pointcloud_publisher.egg-info/SOURCES.txt'
[1.786s] running build_ext
[1.787s] Creating /home/jons/ros2_ws/install/examples_rclpy_pointcloud_publisher/lib/python3.10/site-packages/examples-rclpy-pointcloud-publisher.egg-link (link to .)
[1.789s] Installing pointcloud_publisher script to /home/jons/ros2_ws/install/examples_rclpy_pointcloud_publisher/lib/examples_rclpy_pointcloud_publisher
[1.790s] 
[1.791s] Installed /home/jons/ros2_ws/build/examples_rclpy_pointcloud_publisher
[1.791s] running install_data
[1.792s] creating /home/jons/ros2_ws/install/examples_rclpy_pointcloud_publisher/share/ament_index
[1.794s] creating /home/jons/ros2_ws/install/examples_rclpy_pointcloud_publisher/share/ament_index/resource_index
[1.794s] creating /home/jons/ros2_ws/install/examples_rclpy_pointcloud_publisher/share/ament_index/resource_index/packages
[1.795s] copying resource/examples_rclpy_pointcloud_publisher -> /home/jons/ros2_ws/install/examples_rclpy_pointcloud_publisher/share/ament_index/resource_index/packages
[1.796s] copying package.xml -> /home/jons/ros2_ws/install/examples_rclpy_pointcloud_publisher/share/examples_rclpy_pointcloud_publisher
[1.834s] Invoked command in '/home/jons/ros2_ws/build/examples_rclpy_pointcloud_publisher' returned '0': PYTHONPATH=/home/jons/ros2_ws/install/examples_rclpy_pointcloud_publisher/lib/python3.10/site-packages:${PYTHONPATH} /usr/bin/python3 setup.py develop --prefix /home/jons/ros2_ws/install/examples_rclpy_pointcloud_publisher --editable --build-directory /home/jons/ros2_ws/build/examples_rclpy_pointcloud_publisher/build --no-deps install_data --install-dir /home/jons/ros2_ws/install/examples_rclpy_pointcloud_publisher
