[0.067s] Invoking command in '/home/jons/ros2_ws/build/tutorial_interfaces': CMAKE_PREFIX_PATH=/opt/ros/humble /usr/bin/cmake --build /home/jons/ros2_ws/build/tutorial_interfaces -- -j2 -l2
[0.261s] -- Found ament_cmake: 1.3.2 (/opt/ros/humble/share/ament_cmake/cmake)
[0.489s] -- Found Python3: /usr/bin/python3.10 (found version "3.10.6") found components: Interpreter 
[0.679s] -- Found rclcpp: 16.0.1 (/opt/ros/humble/share/rclcpp/cmake)
[0.816s] -- Found rosidl_generator_c: 3.1.3 (/opt/ros/humble/share/rosidl_generator_c/cmake)
[0.832s] -- Found rosidl_adapter: 3.1.3 (/opt/ros/humble/share/rosidl_adapter/cmake)
[0.861s] -- Found rosidl_generator_cpp: 3.1.3 (/opt/ros/humble/share/rosidl_generator_cpp/cmake)
[0.925s] -- Using all available rosidl_typesupport_c: rosidl_typesupport_fastrtps_c;rosidl_typesupport_introspection_c
[0.994s] -- Using all available rosidl_typesupport_cpp: rosidl_typesupport_fastrtps_cpp;rosidl_typesupport_introspection_cpp
[1.225s] -- Found rmw_implementation_cmake: 6.1.0 (/opt/ros/humble/share/rmw_implementation_cmake/cmake)
[1.239s] -- Found rmw_fastrtps_cpp: 6.2.1 (/opt/ros/humble/share/rmw_fastrtps_cpp/cmake)
[1.594s] -- Using RMW implementation 'rmw_fastrtps_cpp' as default
[2.098s] -- Found tutorial_interfaces: 0.0.0 (/home/jons/ros2_ws/install/tutorial_interfaces/share/tutorial_interfaces/cmake)
[2.148s] -- Found rosidl_default_generators: 1.2.0 (/opt/ros/humble/share/rosidl_default_generators/cmake)
[2.732s] -- Found ament_cmake_ros: 0.10.0 (/opt/ros/humble/share/ament_cmake_ros/cmake)
[3.497s] -- Using all available rosidl_typesupport_c: rosidl_typesupport_fastrtps_c;rosidl_typesupport_introspection_c
[3.758s] -- Using all available rosidl_typesupport_cpp: rosidl_typesupport_fastrtps_cpp;rosidl_typesupport_introspection_cpp
[3.816s] -- Found PythonInterp: /usr/bin/python3 (found suitable version "3.10.6", minimum required is "3.6") 
[3.819s] -- Found python_cmake_module: 0.10.0 (/opt/ros/humble/share/python_cmake_module/cmake)
[3.874s] -- Found PythonLibs: /usr/lib/x86_64-linux-gnu/libpython3.10.so (found suitable version "3.10.6", minimum required is "3.5") 
[3.875s] -- Using PYTHON_EXECUTABLE: /usr/bin/python3
[3.876s] -- Using PYTHON_INCLUDE_DIRS: /usr/include/python3.10
[3.876s] -- Using PYTHON_LIBRARIES: /usr/lib/x86_64-linux-gnu/libpython3.10.so
[3.944s] -- Configuring done
[3.950s] [31mCMake Error at CMakeLists.txt:11 (add_executable):
[3.950s]   Cannot find source file:
[3.950s] 
[3.950s]     src/add_two_ints_server.cpp
[3.950s] 
[3.952s]   Tried extensions .c .C .c++ .cc .cpp .cxx .cu .mpp .m .M .mm .ixx .cppm .h
[3.952s]   .hh .h++ .hm .hpp .hxx .in .txx .f .F .for .f77 .f90 .f95 .f03 .hip .ispc
[3.952s] 
[3.952s] [0m
[3.954s] [31mCMake Error at CMakeLists.txt:15 (add_executable):
[3.954s]   Cannot find source file:
[3.954s] 
[3.955s]     src/add_two_ints_client.cpp
[3.955s] 
[3.955s]   Tried extensions .c .C .c++ .cc .cpp .cxx .cu .mpp .m .M .mm .ixx .cppm .h
[3.955s]   .hh .h++ .hm .hpp .hxx .in .txx .f .F .for .f77 .f90 .f95 .f03 .hip .ispc
[3.955s] 
[3.956s] [0m
[3.960s] [31mCMake Error at CMakeLists.txt:11 (add_executable):
[3.961s]   No SOURCES given to target: server
[3.961s] 
[3.961s] [0m
[3.961s] [31mCMake Error at CMakeLists.txt:15 (add_executable):
[3.961s]   No SOURCES given to target: client
[3.961s] 
[3.961s] [0m
[3.968s] [0mCMake Generate step failed.  Build files cannot be regenerated correctly.[0m
[3.981s] gmake: *** [Makefile:963: cmake_check_build_system] Error 1
[3.984s] Invoked command in '/home/jons/ros2_ws/build/tutorial_interfaces' returned '2': CMAKE_PREFIX_PATH=/opt/ros/humble /usr/bin/cmake --build /home/jons/ros2_ws/build/tutorial_interfaces -- -j2 -l2
