[0.026s] Invoking command in '/home/jons/ros2_ws/build/examples_rclcpp_minimal_timer': CMAKE_PREFIX_PATH=/opt/ros/humble /usr/bin/cmake /home/jons/ros2_ws/src/examples/rclcpp/timers/minimal_timer -DAMENT_CMAKE_SYMLINK_INSTALL=1 -DCMAKE_INSTALL_PREFIX=/home/jons/ros2_ws/install/examples_rclcpp_minimal_timer
[0.164s] -- The C compiler identification is GNU 11.2.0
[0.271s] -- The CXX compiler identification is GNU 11.2.0
[0.285s] -- Detecting C compiler ABI info
[0.459s] -- Detecting C compiler ABI info - done
[0.470s] -- Check for working C compiler: /usr/bin/cc - skipped
[0.471s] -- Detecting C compile features
[0.472s] -- Detecting C compile features - done
[0.477s] -- Detecting CXX compiler ABI info
[0.659s] -- Detecting CXX compiler ABI info - done
[0.668s] -- Check for working CXX compiler: /usr/bin/c++ - skipped
[0.669s] -- Detecting CXX compile features
[0.670s] -- Detecting CXX compile features - done
[0.675s] -- Found ament_cmake: 1.3.2 (/opt/ros/humble/share/ament_cmake/cmake)
[0.959s] -- Found Python3: /usr/bin/python3.10 (found version "3.10.4") found components: Interpreter 
[1.079s] -- Override CMake install command with custom implementation using symlinks instead of copying resources
[1.119s] -- Found rclcpp: 16.0.1 (/opt/ros/humble/share/rclcpp/cmake)
[1.197s] -- Found rosidl_generator_c: 3.1.3 (/opt/ros/humble/share/rosidl_generator_c/cmake)
[1.205s] -- Found rosidl_adapter: 3.1.3 (/opt/ros/humble/share/rosidl_adapter/cmake)
[1.219s] -- Found rosidl_generator_cpp: 3.1.3 (/opt/ros/humble/share/rosidl_generator_cpp/cmake)
[1.244s] -- Using all available rosidl_typesupport_c: rosidl_typesupport_fastrtps_c;rosidl_typesupport_introspection_c
[1.288s] -- Using all available rosidl_typesupport_cpp: rosidl_typesupport_fastrtps_cpp;rosidl_typesupport_introspection_cpp
[1.423s] -- Found rmw_implementation_cmake: 6.1.0 (/opt/ros/humble/share/rmw_implementation_cmake/cmake)
[1.427s] -- Found rmw_fastrtps_cpp: 6.2.1 (/opt/ros/humble/share/rmw_fastrtps_cpp/cmake)
[1.621s] -- Found OpenSSL: /usr/lib/x86_64-linux-gnu/libcrypto.so (found version "3.0.2")  
[1.661s] -- Found FastRTPS: /opt/ros/humble/include  
[1.728s] -- Using RMW implementation 'rmw_fastrtps_cpp' as default
[2.035s] -- Found ament_lint_auto: 0.12.4 (/opt/ros/humble/share/ament_lint_auto/cmake)
[2.210s] -- Added test 'copyright' to check source files copyright and LICENSE
[2.213s] -- Added test 'cppcheck' to perform static code analysis on C / C++ code
[2.213s] -- Configured cppcheck include dirs: 
[2.213s] -- Configured cppcheck exclude dirs and/or files: 
[2.214s] -- Added test 'cpplint' to check C / C++ code against the Google style
[2.215s] -- Configured cpplint exclude dirs and/or files: 
[2.215s] -- Added test 'lint_cmake' to check CMake code style
[2.217s] -- Added test 'uncrustify' to check C / C++ code style
[2.218s] -- Configured uncrustify additional arguments: 
[2.218s] -- Added test 'xmllint' to check XML markup files
[2.221s] -- Configuring done
[2.246s] -- Generating done
[2.251s] -- Build files have been written to: /home/jons/ros2_ws/build/examples_rclcpp_minimal_timer
[2.276s] Invoked command in '/home/jons/ros2_ws/build/examples_rclcpp_minimal_timer' returned '0': CMAKE_PREFIX_PATH=/opt/ros/humble /usr/bin/cmake /home/jons/ros2_ws/src/examples/rclcpp/timers/minimal_timer -DAMENT_CMAKE_SYMLINK_INSTALL=1 -DCMAKE_INSTALL_PREFIX=/home/jons/ros2_ws/install/examples_rclcpp_minimal_timer
[2.276s] Invoking command in '/home/jons/ros2_ws/build/examples_rclcpp_minimal_timer': CMAKE_PREFIX_PATH=/opt/ros/humble /usr/bin/cmake --build /home/jons/ros2_ws/build/examples_rclcpp_minimal_timer -- -j2 -l2
[2.400s] [ 25%] [32mBuilding CXX object CMakeFiles/timer_lambda.dir/lambda.cpp.o[0m
[7.159s] [ 50%] [32m[1mLinking CXX executable timer_lambda[0m
[7.397s] [ 50%] Built target timer_lambda
[7.437s] [ 75%] [32mBuilding CXX object CMakeFiles/timer_member_function.dir/member_function.cpp.o[0m
[12.195s] [100%] [32m[1mLinking CXX executable timer_member_function[0m
[12.431s] [100%] Built target timer_member_function
[12.451s] Invoked command in '/home/jons/ros2_ws/build/examples_rclcpp_minimal_timer' returned '0': CMAKE_PREFIX_PATH=/opt/ros/humble /usr/bin/cmake --build /home/jons/ros2_ws/build/examples_rclcpp_minimal_timer -- -j2 -l2
[12.527s] Invoking command in '/home/jons/ros2_ws/build/examples_rclcpp_minimal_timer': CMAKE_PREFIX_PATH=/opt/ros/humble /usr/bin/cmake --install /home/jons/ros2_ws/build/examples_rclcpp_minimal_timer
[12.542s] -- Install configuration: ""
[12.544s] -- Execute custom install script
[12.545s] -- Symlinking: /home/jons/ros2_ws/install/examples_rclcpp_minimal_timer/lib/examples_rclcpp_minimal_timer/timer_lambda
[12.568s] -- Symlinking: /home/jons/ros2_ws/install/examples_rclcpp_minimal_timer/lib/examples_rclcpp_minimal_timer/timer_member_function
[12.583s] -- Symlinking: /home/jons/ros2_ws/install/examples_rclcpp_minimal_timer/share/ament_index/resource_index/package_run_dependencies/examples_rclcpp_minimal_timer
[12.599s] -- Symlinking: /home/jons/ros2_ws/install/examples_rclcpp_minimal_timer/share/ament_index/resource_index/parent_prefix_path/examples_rclcpp_minimal_timer
[12.619s] -- Symlinking: /home/jons/ros2_ws/install/examples_rclcpp_minimal_timer/share/examples_rclcpp_minimal_timer/environment/ament_prefix_path.sh
[12.639s] -- Symlinking: /home/jons/ros2_ws/install/examples_rclcpp_minimal_timer/share/examples_rclcpp_minimal_timer/environment/ament_prefix_path.dsv
[12.666s] -- Symlinking: /home/jons/ros2_ws/install/examples_rclcpp_minimal_timer/share/examples_rclcpp_minimal_timer/environment/path.sh
[12.682s] -- Symlinking: /home/jons/ros2_ws/install/examples_rclcpp_minimal_timer/share/examples_rclcpp_minimal_timer/environment/path.dsv
[12.698s] -- Symlinking: /home/jons/ros2_ws/install/examples_rclcpp_minimal_timer/share/examples_rclcpp_minimal_timer/local_setup.bash
[12.714s] -- Symlinking: /home/jons/ros2_ws/install/examples_rclcpp_minimal_timer/share/examples_rclcpp_minimal_timer/local_setup.sh
[12.735s] -- Symlinking: /home/jons/ros2_ws/install/examples_rclcpp_minimal_timer/share/examples_rclcpp_minimal_timer/local_setup.zsh
[12.762s] -- Symlinking: /home/jons/ros2_ws/install/examples_rclcpp_minimal_timer/share/examples_rclcpp_minimal_timer/local_setup.dsv
[12.782s] -- Symlinking: /home/jons/ros2_ws/install/examples_rclcpp_minimal_timer/share/examples_rclcpp_minimal_timer/package.dsv
[12.804s] -- Symlinking: /home/jons/ros2_ws/install/examples_rclcpp_minimal_timer/share/ament_index/resource_index/packages/examples_rclcpp_minimal_timer
[12.831s] -- Symlinking: /home/jons/ros2_ws/install/examples_rclcpp_minimal_timer/share/examples_rclcpp_minimal_timer/cmake/examples_rclcpp_minimal_timerConfig.cmake
[12.851s] -- Symlinking: /home/jons/ros2_ws/install/examples_rclcpp_minimal_timer/share/examples_rclcpp_minimal_timer/cmake/examples_rclcpp_minimal_timerConfig-version.cmake
[12.869s] -- Symlinking: /home/jons/ros2_ws/install/examples_rclcpp_minimal_timer/share/examples_rclcpp_minimal_timer/package.xml
[12.889s] Invoked command in '/home/jons/ros2_ws/build/examples_rclcpp_minimal_timer' returned '0': CMAKE_PREFIX_PATH=/opt/ros/humble /usr/bin/cmake --install /home/jons/ros2_ws/build/examples_rclcpp_minimal_timer
