[1.322s] Invoking command in '/home/jons/launch_tutorial': PYTHONPATH=/home/jons/launch_tutorial/install/launch_tutorial/lib/python3.10/site-packages:${PYTHONPATH} /usr/bin/python3 setup.py egg_info --egg-base build/launch_tutorial build --build-base /home/jons/launch_tutorial/build/launch_tutorial/build install --prefix /home/jons/launch_tutorial/install/launch_tutorial --record /home/jons/launch_tutorial/build/launch_tutorial/install.log --single-version-externally-managed
[1.847s] running egg_info
[1.848s] writing build/launch_tutorial/launch_tutorial.egg-info/PKG-INFO
[1.849s] writing dependency_links to build/launch_tutorial/launch_tutorial.egg-info/dependency_links.txt
[1.851s] writing entry points to build/launch_tutorial/launch_tutorial.egg-info/entry_points.txt
[1.851s] writing requirements to build/launch_tutorial/launch_tutorial.egg-info/requires.txt
[1.852s] writing top-level names to build/launch_tutorial/launch_tutorial.egg-info/top_level.txt
[1.858s] reading manifest file 'build/launch_tutorial/launch_tutorial.egg-info/SOURCES.txt'
[1.861s] writing manifest file 'build/launch_tutorial/launch_tutorial.egg-info/SOURCES.txt'
[1.861s] running build
[1.863s] running build_py
[1.863s] running install
[1.864s] /usr/lib/python3/dist-packages/setuptools/command/install.py:34: SetuptoolsDeprecationWarning: setup.py install is deprecated. Use build and pip and other standards-based tools.
[1.864s]   warnings.warn(
[1.864s] running install_lib
[1.866s] running install_data
[1.867s] copying launch/broadcaster_listener.launch.py -> /home/jons/launch_tutorial/install/launch_tutorial/share/launch_tutorial
[1.869s] copying launch/broadcaster_listener.launch.py -> /home/jons/launch_tutorial/install/launch_tutorial/share/launch_tutorial/launch
[1.870s] copying launch/launch_turtlesim.launch.py -> /home/jons/launch_tutorial/install/launch_tutorial/share/launch_tutorial/launch
[1.871s] running install_egg_info
[1.875s] removing '/home/jons/launch_tutorial/install/launch_tutorial/lib/python3.10/site-packages/launch_tutorial-0.0.0-py3.10.egg-info' (and everything under it)
[1.876s] Copying build/launch_tutorial/launch_tutorial.egg-info to /home/jons/launch_tutorial/install/launch_tutorial/lib/python3.10/site-packages/launch_tutorial-0.0.0-py3.10.egg-info
[1.878s] running install_scripts
[1.913s] writing list of installed files to '/home/jons/launch_tutorial/build/launch_tutorial/install.log'
[1.945s] Invoked command in '/home/jons/launch_tutorial' returned '0': PYTHONPATH=/home/jons/launch_tutorial/install/launch_tutorial/lib/python3.10/site-packages:${PYTHONPATH} /usr/bin/python3 setup.py egg_info --egg-base build/launch_tutorial build --build-base /home/jons/launch_tutorial/build/launch_tutorial/build install --prefix /home/jons/launch_tutorial/install/launch_tutorial --record /home/jons/launch_tutorial/build/launch_tutorial/install.log --single-version-externally-managed
