[1.181s] Invoking command in '/home/jons/ros2_ws/build/examples_rclpy_minimal_client': PYTHONPATH=/home/jons/ros2_ws/install/examples_rclpy_minimal_client/lib/python3.10/site-packages:${PYTHONPATH} /usr/bin/python3 setup.py develop --prefix /home/jons/ros2_ws/install/examples_rclpy_minimal_client --uninstall --editable --build-directory /home/jons/ros2_ws/build/examples_rclpy_minimal_client/build
[1.730s] running develop
[1.731s] /usr/lib/python3/dist-packages/setuptools/command/easy_install.py:158: EasyInstallDeprecationWarning: easy_install command is deprecated. Use build and pip and other standards-based tools.
[1.731s]   warnings.warn(
[1.733s] /usr/lib/python3/dist-packages/setuptools/command/install.py:34: SetuptoolsDeprecationWarning: setup.py install is deprecated. Use build and pip and other standards-based tools.
[1.733s]   warnings.warn(
[1.862s] /usr/lib/python3/dist-packages/pkg_resources/__init__.py:116: PkgResourcesDeprecationWarning: 0.1.43ubuntu1 is an invalid version and will not be supported in a future release
[1.863s]   warnings.warn(
[1.863s] /usr/lib/python3/dist-packages/pkg_resources/__init__.py:116: PkgResourcesDeprecationWarning: 1.1build1 is an invalid version and will not be supported in a future release
[1.863s]   warnings.warn(
[2.120s] Removing /home/jons/ros2_ws/install/examples_rclpy_minimal_client/lib/python3.10/site-packages/examples-rclpy-minimal-client.egg-link (link to .)
[2.606s] Invoked command in '/home/jons/ros2_ws/build/examples_rclpy_minimal_client' returned '0': PYTHONPATH=/home/jons/ros2_ws/install/examples_rclpy_minimal_client/lib/python3.10/site-packages:${PYTHONPATH} /usr/bin/python3 setup.py develop --prefix /home/jons/ros2_ws/install/examples_rclpy_minimal_client --uninstall --editable --build-directory /home/jons/ros2_ws/build/examples_rclpy_minimal_client/build
[2.606s] Invoking command in '/home/jons/ros2_ws/src/examples/rclpy/services/minimal_client': PYTHONPATH=/home/jons/ros2_ws/install/examples_rclpy_minimal_client/lib/python3.10/site-packages:${PYTHONPATH} /usr/bin/python3 setup.py egg_info --egg-base ../../../../../build/examples_rclpy_minimal_client build --build-base /home/jons/ros2_ws/build/examples_rclpy_minimal_client/build install --prefix /home/jons/ros2_ws/install/examples_rclpy_minimal_client --record /home/jons/ros2_ws/build/examples_rclpy_minimal_client/install.log --single-version-externally-managed
[3.090s] running egg_info
[3.091s] writing ../../../../../build/examples_rclpy_minimal_client/examples_rclpy_minimal_client.egg-info/PKG-INFO
[3.091s] writing dependency_links to ../../../../../build/examples_rclpy_minimal_client/examples_rclpy_minimal_client.egg-info/dependency_links.txt
[3.092s] writing entry points to ../../../../../build/examples_rclpy_minimal_client/examples_rclpy_minimal_client.egg-info/entry_points.txt
[3.093s] writing requirements to ../../../../../build/examples_rclpy_minimal_client/examples_rclpy_minimal_client.egg-info/requires.txt
[3.094s] writing top-level names to ../../../../../build/examples_rclpy_minimal_client/examples_rclpy_minimal_client.egg-info/top_level.txt
[3.097s] reading manifest file '../../../../../build/examples_rclpy_minimal_client/examples_rclpy_minimal_client.egg-info/SOURCES.txt'
[3.099s] writing manifest file '../../../../../build/examples_rclpy_minimal_client/examples_rclpy_minimal_client.egg-info/SOURCES.txt'
[3.099s] running build
[3.100s] running build_py
[3.100s] creating /home/jons/ros2_ws/build/examples_rclpy_minimal_client/build
[3.101s] creating /home/jons/ros2_ws/build/examples_rclpy_minimal_client/build/lib
[3.101s] creating /home/jons/ros2_ws/build/examples_rclpy_minimal_client/build/lib/examples_rclpy_minimal_client
[3.102s] copying examples_rclpy_minimal_client/client_async_callback.py -> /home/jons/ros2_ws/build/examples_rclpy_minimal_client/build/lib/examples_rclpy_minimal_client
[3.102s] copying examples_rclpy_minimal_client/client_async_member_function.py -> /home/jons/ros2_ws/build/examples_rclpy_minimal_client/build/lib/examples_rclpy_minimal_client
[3.103s] copying examples_rclpy_minimal_client/client_async.py -> /home/jons/ros2_ws/build/examples_rclpy_minimal_client/build/lib/examples_rclpy_minimal_client
[3.104s] copying examples_rclpy_minimal_client/__init__.py -> /home/jons/ros2_ws/build/examples_rclpy_minimal_client/build/lib/examples_rclpy_minimal_client
[3.105s] copying examples_rclpy_minimal_client/client.py -> /home/jons/ros2_ws/build/examples_rclpy_minimal_client/build/lib/examples_rclpy_minimal_client
[3.106s] running install
[3.107s] /usr/lib/python3/dist-packages/setuptools/command/install.py:34: SetuptoolsDeprecationWarning: setup.py install is deprecated. Use build and pip and other standards-based tools.
[3.107s]   warnings.warn(
[3.108s] running install_lib
[3.109s] creating /home/jons/ros2_ws/install/examples_rclpy_minimal_client/lib/python3.10/site-packages/examples_rclpy_minimal_client
[3.109s] copying /home/jons/ros2_ws/build/examples_rclpy_minimal_client/build/lib/examples_rclpy_minimal_client/client_async_callback.py -> /home/jons/ros2_ws/install/examples_rclpy_minimal_client/lib/python3.10/site-packages/examples_rclpy_minimal_client
[3.110s] copying /home/jons/ros2_ws/build/examples_rclpy_minimal_client/build/lib/examples_rclpy_minimal_client/client_async_member_function.py -> /home/jons/ros2_ws/install/examples_rclpy_minimal_client/lib/python3.10/site-packages/examples_rclpy_minimal_client
[3.111s] copying /home/jons/ros2_ws/build/examples_rclpy_minimal_client/build/lib/examples_rclpy_minimal_client/client_async.py -> /home/jons/ros2_ws/install/examples_rclpy_minimal_client/lib/python3.10/site-packages/examples_rclpy_minimal_client
[3.111s] copying /home/jons/ros2_ws/build/examples_rclpy_minimal_client/build/lib/examples_rclpy_minimal_client/__init__.py -> /home/jons/ros2_ws/install/examples_rclpy_minimal_client/lib/python3.10/site-packages/examples_rclpy_minimal_client
[3.112s] copying /home/jons/ros2_ws/build/examples_rclpy_minimal_client/build/lib/examples_rclpy_minimal_client/client.py -> /home/jons/ros2_ws/install/examples_rclpy_minimal_client/lib/python3.10/site-packages/examples_rclpy_minimal_client
[3.114s] byte-compiling /home/jons/ros2_ws/install/examples_rclpy_minimal_client/lib/python3.10/site-packages/examples_rclpy_minimal_client/client_async_callback.py to client_async_callback.cpython-310.pyc
[3.115s] byte-compiling /home/jons/ros2_ws/install/examples_rclpy_minimal_client/lib/python3.10/site-packages/examples_rclpy_minimal_client/client_async_member_function.py to client_async_member_function.cpython-310.pyc
[3.115s] byte-compiling /home/jons/ros2_ws/install/examples_rclpy_minimal_client/lib/python3.10/site-packages/examples_rclpy_minimal_client/client_async.py to client_async.cpython-310.pyc
[3.116s] byte-compiling /home/jons/ros2_ws/install/examples_rclpy_minimal_client/lib/python3.10/site-packages/examples_rclpy_minimal_client/__init__.py to __init__.cpython-310.pyc
[3.117s] byte-compiling /home/jons/ros2_ws/install/examples_rclpy_minimal_client/lib/python3.10/site-packages/examples_rclpy_minimal_client/client.py to client.cpython-310.pyc
[3.118s] running install_data
[3.119s] running install_egg_info
[3.121s] Copying ../../../../../build/examples_rclpy_minimal_client/examples_rclpy_minimal_client.egg-info to /home/jons/ros2_ws/install/examples_rclpy_minimal_client/lib/python3.10/site-packages/examples_rclpy_minimal_client-0.16.1-py3.10.egg-info
[3.124s] running install_scripts
[3.156s] Installing client script to /home/jons/ros2_ws/install/examples_rclpy_minimal_client/lib/examples_rclpy_minimal_client
[3.157s] Installing client_async script to /home/jons/ros2_ws/install/examples_rclpy_minimal_client/lib/examples_rclpy_minimal_client
[3.158s] Installing client_async_callback script to /home/jons/ros2_ws/install/examples_rclpy_minimal_client/lib/examples_rclpy_minimal_client
[3.159s] Installing client_async_member_function script to /home/jons/ros2_ws/install/examples_rclpy_minimal_client/lib/examples_rclpy_minimal_client
[3.161s] writing list of installed files to '/home/jons/ros2_ws/build/examples_rclpy_minimal_client/install.log'
[3.187s] Invoked command in '/home/jons/ros2_ws/src/examples/rclpy/services/minimal_client' returned '0': PYTHONPATH=/home/jons/ros2_ws/install/examples_rclpy_minimal_client/lib/python3.10/site-packages:${PYTHONPATH} /usr/bin/python3 setup.py egg_info --egg-base ../../../../../build/examples_rclpy_minimal_client build --build-base /home/jons/ros2_ws/build/examples_rclpy_minimal_client/build install --prefix /home/jons/ros2_ws/install/examples_rclpy_minimal_client --record /home/jons/ros2_ws/build/examples_rclpy_minimal_client/install.log --single-version-externally-managed
