[0.052s] Invoking command in '/home/jons/ros2_ws/build/action_tutorials_interfaces': CMAKE_PREFIX_PATH=/opt/ros/humble /usr/bin/cmake /home/jons/ros2_ws/ros2_ws/src/action_tutorials_interfaces -DCMAKE_INSTALL_PREFIX=/home/jons/ros2_ws/install/action_tutorials_interfaces
[0.353s] -- The C compiler identification is GNU 11.2.0
[0.639s] -- The CXX compiler identification is GNU 11.2.0
[0.657s] -- Detecting C compiler ABI info
[0.831s] -- Detecting C compiler ABI info - done
[0.850s] -- Check for working C compiler: /usr/bin/cc - skipped
[0.858s] -- Detecting C compile features
[0.861s] -- Detecting C compile features - done
[0.870s] -- Detecting CXX compiler ABI info
[1.112s] -- Detecting CXX compiler ABI info - done
[1.131s] -- Check for working CXX compiler: /usr/bin/c++ - skipped
[1.131s] -- Detecting CXX compile features
[1.132s] -- Detecting CXX compile features - done
[1.142s] -- Found ament_cmake: 1.3.2 (/opt/ros/humble/share/ament_cmake/cmake)
[1.503s] -- Found Python3: /usr/bin/python3.10 (found version "3.10.6") found components: Interpreter 
[1.694s] -- Found ament_lint_auto: 0.12.4 (/opt/ros/humble/share/ament_lint_auto/cmake)
[1.881s] -- Found rosidl_default_generators: 1.2.0 (/opt/ros/humble/share/rosidl_default_generators/cmake)
[1.890s] -- Using all available rosidl_typesupport_c: rosidl_typesupport_fastrtps_c;rosidl_typesupport_introspection_c
[1.907s] -- Found rosidl_adapter: 3.1.3 (/opt/ros/humble/share/rosidl_adapter/cmake)
[2.000s] -- Using all available rosidl_typesupport_cpp: rosidl_typesupport_fastrtps_cpp;rosidl_typesupport_introspection_cpp
[2.750s] -- Found ament_cmake_ros: 0.10.0 (/opt/ros/humble/share/ament_cmake_ros/cmake)
[3.219s] -- Using all available rosidl_typesupport_c: rosidl_typesupport_fastrtps_c;rosidl_typesupport_introspection_c
[3.755s] -- Using all available rosidl_typesupport_cpp: rosidl_typesupport_fastrtps_cpp;rosidl_typesupport_introspection_cpp
[3.802s] -- Found PythonInterp: /usr/bin/python3 (found suitable version "3.10.6", minimum required is "3.6") 
[3.805s] -- Found python_cmake_module: 0.10.0 (/opt/ros/humble/share/python_cmake_module/cmake)
[3.864s] -- Found PythonLibs: /usr/lib/x86_64-linux-gnu/libpython3.10.so (found suitable version "3.10.6", minimum required is "3.5") 
[3.864s] -- Using PYTHON_EXECUTABLE: /usr/bin/python3
[3.865s] -- Using PYTHON_INCLUDE_DIRS: /usr/include/python3.10
[3.865s] -- Using PYTHON_LIBRARIES: /usr/lib/x86_64-linux-gnu/libpython3.10.so
[3.903s] -- Found PythonExtra: .so  
[4.007s] -- Added test 'lint_cmake' to check CMake code style
[4.013s] -- Added test 'xmllint' to check XML markup files
[4.022s] -- Configuring done
[4.102s] -- Generating done
[4.109s] -- Build files have been written to: /home/jons/ros2_ws/build/action_tutorials_interfaces
[4.136s] Invoked command in '/home/jons/ros2_ws/build/action_tutorials_interfaces' returned '0': CMAKE_PREFIX_PATH=/opt/ros/humble /usr/bin/cmake /home/jons/ros2_ws/ros2_ws/src/action_tutorials_interfaces -DCMAKE_INSTALL_PREFIX=/home/jons/ros2_ws/install/action_tutorials_interfaces
[4.137s] Invoking command in '/home/jons/ros2_ws/build/action_tutorials_interfaces': CMAKE_PREFIX_PATH=/opt/ros/humble /usr/bin/cmake --build /home/jons/ros2_ws/build/action_tutorials_interfaces -- -j2 -l2
[4.236s] [  3%] [34m[1mGenerating C code for ROS interfaces[0m
[4.279s] [  6%] [34m[1mGenerating C++ code for ROS interfaces[0m
[5.327s] [  6%] Built target action_tutorials_interfaces__cpp
[5.345s] [  9%] [32mBuilding C object CMakeFiles/action_tutorials_interfaces__rosidl_generator_c.dir/rosidl_generator_c/action_tutorials_interfaces/action/detail/fibonacci__functions.c.o[0m
[5.397s] [  9%] Built target ament_cmake_python_copy_action_tutorials_interfaces
[5.419s] [ 12%] [34m[1mGenerating C++ type support dispatch for ROS interfaces[0m
[5.735s] [ 16%] [32m[1mLinking C shared library libaction_tutorials_interfaces__rosidl_generator_c.so[0m
[5.837s] [ 16%] Built target action_tutorials_interfaces__rosidl_generator_c
[5.858s] [ 19%] [34m[1mGenerating C++ type support for eProsima Fast-RTPS[0m
[6.040s] [ 22%] [32mBuilding CXX object CMakeFiles/action_tutorials_interfaces__rosidl_typesupport_cpp.dir/rosidl_typesupport_cpp/action_tutorials_interfaces/action/fibonacci__type_support.cpp.o[0m
[6.766s] [ 25%] [32mBuilding CXX object CMakeFiles/action_tutorials_interfaces__rosidl_typesupport_fastrtps_cpp.dir/rosidl_typesupport_fastrtps_cpp/action_tutorials_interfaces/action/detail/dds_fastrtps/fibonacci__type_support.cpp.o[0m
[7.775s] [ 29%] [32m[1mLinking CXX shared library libaction_tutorials_interfaces__rosidl_typesupport_cpp.so[0m
[7.858s] [ 29%] Built target action_tutorials_interfaces__rosidl_typesupport_cpp
[7.883s] [ 32%] [34m[1mGenerating C++ introspection for ROS interfaces[0m
[8.509s] [ 35%] [32m[1mLinking CXX shared library libaction_tutorials_interfaces__rosidl_typesupport_fastrtps_cpp.so[0m
[8.604s] [ 38%] [32mBuilding CXX object CMakeFiles/action_tutorials_interfaces__rosidl_typesupport_introspection_cpp.dir/rosidl_typesupport_introspection_cpp/action_tutorials_interfaces/action/detail/fibonacci__type_support.cpp.o[0m
[8.644s] [ 38%] Built target action_tutorials_interfaces__rosidl_typesupport_fastrtps_cpp
[9.170s] running egg_info
[9.172s] creating action_tutorials_interfaces.egg-info
[9.173s] writing action_tutorials_interfaces.egg-info/PKG-INFO
[9.174s] writing dependency_links to action_tutorials_interfaces.egg-info/dependency_links.txt
[9.175s] writing top-level names to action_tutorials_interfaces.egg-info/top_level.txt
[9.176s] writing manifest file 'action_tutorials_interfaces.egg-info/SOURCES.txt'
[9.182s] reading manifest file 'action_tutorials_interfaces.egg-info/SOURCES.txt'
[9.182s] writing manifest file 'action_tutorials_interfaces.egg-info/SOURCES.txt'
[9.228s] [ 38%] Built target ament_cmake_python_build_action_tutorials_interfaces_egg
[9.246s] [ 41%] [34m[1mGenerating C type support for eProsima Fast-RTPS[0m
[9.842s] [ 45%] [32m[1mLinking CXX shared library libaction_tutorials_interfaces__rosidl_typesupport_introspection_cpp.so[0m
[9.985s] [ 45%] Built target action_tutorials_interfaces__rosidl_typesupport_introspection_cpp
[9.999s] [ 48%] [32mBuilding CXX object CMakeFiles/action_tutorials_interfaces__rosidl_typesupport_fastrtps_c.dir/rosidl_typesupport_fastrtps_c/action_tutorials_interfaces/action/detail/fibonacci__type_support_c.cpp.o[0m
[9.999s] [ 51%] [34m[1mGenerating C introspection for ROS interfaces[0m
[10.632s] [ 54%] [32mBuilding C object CMakeFiles/action_tutorials_interfaces__rosidl_typesupport_introspection_c.dir/rosidl_typesupport_introspection_c/action_tutorials_interfaces/action/detail/fibonacci__type_support.c.o[0m
[10.695s] [ 58%] [32m[1mLinking CXX shared library libaction_tutorials_interfaces__rosidl_typesupport_fastrtps_c.so[0m
[10.714s] [ 61%] [32m[1mLinking C shared library libaction_tutorials_interfaces__rosidl_typesupport_introspection_c.so[0m
[10.768s] [ 61%] Built target action_tutorials_interfaces__rosidl_typesupport_introspection_c
[10.787s] [ 64%] [34m[1mGenerating C type support dispatch for ROS interfaces[0m
[10.819s] [ 64%] Built target action_tutorials_interfaces__rosidl_typesupport_fastrtps_c
[11.248s] [ 67%] [32mBuilding CXX object CMakeFiles/action_tutorials_interfaces__rosidl_typesupport_c.dir/rosidl_typesupport_c/action_tutorials_interfaces/action/fibonacci__type_support.cpp.o[0m
[11.329s] [ 70%] [32m[1mLinking CXX shared library libaction_tutorials_interfaces__rosidl_typesupport_c.so[0m
[11.397s] [ 70%] Built target action_tutorials_interfaces__rosidl_typesupport_c
[11.424s] [ 70%] Built target action_tutorials_interfaces
[11.453s] [ 74%] [34m[1mGenerating Python code for ROS interfaces[0m
[12.900s] [ 74%] Built target action_tutorials_interfaces__py
[12.931s] [ 77%] [32mBuilding C object CMakeFiles/action_tutorials_interfaces__rosidl_generator_py.dir/rosidl_generator_py/action_tutorials_interfaces/action/_fibonacci_s.c.o[0m
[13.229s] [ 80%] [32m[1mLinking C shared library rosidl_generator_py/action_tutorials_interfaces/libaction_tutorials_interfaces__rosidl_generator_py.so[0m
[13.305s] [ 80%] Built target action_tutorials_interfaces__rosidl_generator_py
[13.342s] [ 83%] [32mBuilding C object CMakeFiles/action_tutorials_interfaces__rosidl_typesupport_introspection_c__pyext.dir/rosidl_generator_py/action_tutorials_interfaces/_action_tutorials_interfaces_s.ep.rosidl_typesupport_introspection_c.c.o[0m
[13.342s] [ 87%] [32mBuilding C object CMakeFiles/action_tutorials_interfaces__rosidl_typesupport_fastrtps_c__pyext.dir/rosidl_generator_py/action_tutorials_interfaces/_action_tutorials_interfaces_s.ep.rosidl_typesupport_fastrtps_c.c.o[0m
[13.551s] [ 90%] [32m[1mLinking C shared library rosidl_generator_py/action_tutorials_interfaces/action_tutorials_interfaces_s__rosidl_typesupport_introspection_c.cpython-310-x86_64-linux-gnu.so[0m
[13.561s] [ 93%] [32m[1mLinking C shared library rosidl_generator_py/action_tutorials_interfaces/action_tutorials_interfaces_s__rosidl_typesupport_fastrtps_c.cpython-310-x86_64-linux-gnu.so[0m
[13.626s] [ 93%] Built target action_tutorials_interfaces__rosidl_typesupport_introspection_c__pyext
[13.630s] [ 93%] Built target action_tutorials_interfaces__rosidl_typesupport_fastrtps_c__pyext
[13.654s] [ 96%] [32mBuilding C object CMakeFiles/action_tutorials_interfaces__rosidl_typesupport_c__pyext.dir/rosidl_generator_py/action_tutorials_interfaces/_action_tutorials_interfaces_s.ep.rosidl_typesupport_c.c.o[0m
[13.848s] [100%] [32m[1mLinking C shared library rosidl_generator_py/action_tutorials_interfaces/action_tutorials_interfaces_s__rosidl_typesupport_c.cpython-310-x86_64-linux-gnu.so[0m
[13.912s] [100%] Built target action_tutorials_interfaces__rosidl_typesupport_c__pyext
