[0.858s] Invoking command in '/home/jons/ros2_ws/src/py_pubsub': PYTHONPATH=/home/jons/ros2_ws/install/py_pubsub/lib/python3.10/site-packages:${PYTHONPATH} /usr/bin/python3 setup.py egg_info --egg-base ../../build/py_pubsub build --build-base /home/jons/ros2_ws/build/py_pubsub/build install --prefix /home/jons/ros2_ws/install/py_pubsub --record /home/jons/ros2_ws/build/py_pubsub/install.log --single-version-externally-managed
[1.157s] running egg_info
[1.157s] creating ../../build/py_pubsub/py_pubsub.egg-info
[1.158s] writing ../../build/py_pubsub/py_pubsub.egg-info/PKG-INFO
[1.158s] writing dependency_links to ../../build/py_pubsub/py_pubsub.egg-info/dependency_links.txt
[1.158s] writing entry points to ../../build/py_pubsub/py_pubsub.egg-info/entry_points.txt
[1.158s] writing requirements to ../../build/py_pubsub/py_pubsub.egg-info/requires.txt
[1.159s] writing top-level names to ../../build/py_pubsub/py_pubsub.egg-info/top_level.txt
[1.159s] writing manifest file '../../build/py_pubsub/py_pubsub.egg-info/SOURCES.txt'
[1.161s] reading manifest file '../../build/py_pubsub/py_pubsub.egg-info/SOURCES.txt'
[1.163s] writing manifest file '../../build/py_pubsub/py_pubsub.egg-info/SOURCES.txt'
[1.163s] running build
[1.163s] running build_py
[1.164s] creating /home/jons/ros2_ws/build/py_pubsub/build
[1.164s] creating /home/jons/ros2_ws/build/py_pubsub/build/lib
[1.164s] creating /home/jons/ros2_ws/build/py_pubsub/build/lib/py_pubsub
[1.164s] copying py_pubsub/subscriber_member_function.py -> /home/jons/ros2_ws/build/py_pubsub/build/lib/py_pubsub
[1.164s] copying py_pubsub/publisher_member_function.py -> /home/jons/ros2_ws/build/py_pubsub/build/lib/py_pubsub
[1.164s] copying py_pubsub/__init__.py -> /home/jons/ros2_ws/build/py_pubsub/build/lib/py_pubsub
[1.165s] running install
[1.172s] /usr/lib/python3/dist-packages/setuptools/command/install.py:34: SetuptoolsDeprecationWarning: setup.py install is deprecated. Use build and pip and other standards-based tools.
[1.172s]   warnings.warn(
[1.173s] running install_lib
[1.174s] creating /home/jons/ros2_ws/install/py_pubsub/lib/python3.10/site-packages/py_pubsub
[1.175s] copying /home/jons/ros2_ws/build/py_pubsub/build/lib/py_pubsub/subscriber_member_function.py -> /home/jons/ros2_ws/install/py_pubsub/lib/python3.10/site-packages/py_pubsub
[1.175s] copying /home/jons/ros2_ws/build/py_pubsub/build/lib/py_pubsub/publisher_member_function.py -> /home/jons/ros2_ws/install/py_pubsub/lib/python3.10/site-packages/py_pubsub
[1.175s] copying /home/jons/ros2_ws/build/py_pubsub/build/lib/py_pubsub/__init__.py -> /home/jons/ros2_ws/install/py_pubsub/lib/python3.10/site-packages/py_pubsub
[1.176s] byte-compiling /home/jons/ros2_ws/install/py_pubsub/lib/python3.10/site-packages/py_pubsub/subscriber_member_function.py to subscriber_member_function.cpython-310.pyc
[1.177s] byte-compiling /home/jons/ros2_ws/install/py_pubsub/lib/python3.10/site-packages/py_pubsub/publisher_member_function.py to publisher_member_function.cpython-310.pyc
[1.178s] byte-compiling /home/jons/ros2_ws/install/py_pubsub/lib/python3.10/site-packages/py_pubsub/__init__.py to __init__.cpython-310.pyc
[1.179s] running install_data
[1.180s] creating /home/jons/ros2_ws/install/py_pubsub/share/ament_index
[1.180s] creating /home/jons/ros2_ws/install/py_pubsub/share/ament_index/resource_index
[1.181s] creating /home/jons/ros2_ws/install/py_pubsub/share/ament_index/resource_index/packages
[1.181s] copying resource/py_pubsub -> /home/jons/ros2_ws/install/py_pubsub/share/ament_index/resource_index/packages
[1.182s] copying package.xml -> /home/jons/ros2_ws/install/py_pubsub/share/py_pubsub
[1.182s] running install_egg_info
[1.185s] Copying ../../build/py_pubsub/py_pubsub.egg-info to /home/jons/ros2_ws/install/py_pubsub/lib/python3.10/site-packages/py_pubsub-0.0.0-py3.10.egg-info
[1.187s] running install_scripts
[1.213s] Installing listener script to /home/jons/ros2_ws/install/py_pubsub/lib/py_pubsub
[1.213s] Installing talker script to /home/jons/ros2_ws/install/py_pubsub/lib/py_pubsub
[1.213s] writing list of installed files to '/home/jons/ros2_ws/build/py_pubsub/install.log'
[1.241s] Invoked command in '/home/jons/ros2_ws/src/py_pubsub' returned '0': PYTHONPATH=/home/jons/ros2_ws/install/py_pubsub/lib/python3.10/site-packages:${PYTHONPATH} /usr/bin/python3 setup.py egg_info --egg-base ../../build/py_pubsub build --build-base /home/jons/ros2_ws/build/py_pubsub/build install --prefix /home/jons/ros2_ws/install/py_pubsub --record /home/jons/ros2_ws/build/py_pubsub/install.log --single-version-externally-managed
