[1.034s] Invoking command in '/home/jons/ros2_ws/build/examples_rclpy_guard_conditions': PYTHONPATH=/home/jons/ros2_ws/install/examples_rclpy_guard_conditions/lib/python3.10/site-packages:${PYTHONPATH} /usr/bin/python3 setup.py develop --prefix /home/jons/ros2_ws/install/examples_rclpy_guard_conditions --editable --build-directory /home/jons/ros2_ws/build/examples_rclpy_guard_conditions/build --no-deps install_data --install-dir /home/jons/ros2_ws/install/examples_rclpy_guard_conditions
[1.492s] running develop
[1.493s] /usr/lib/python3/dist-packages/setuptools/command/easy_install.py:158: EasyInstallDeprecationWarning: easy_install command is deprecated. Use build and pip and other standards-based tools.
[1.493s]   warnings.warn(
[1.495s] /usr/lib/python3/dist-packages/setuptools/command/install.py:34: SetuptoolsDeprecationWarning: setup.py install is deprecated. Use build and pip and other standards-based tools.
[1.496s]   warnings.warn(
[1.588s] /usr/lib/python3/dist-packages/pkg_resources/__init__.py:116: PkgResourcesDeprecationWarning: 0.1.43ubuntu1 is an invalid version and will not be supported in a future release
[1.588s]   warnings.warn(
[1.589s] /usr/lib/python3/dist-packages/pkg_resources/__init__.py:116: PkgResourcesDeprecationWarning: 1.1build1 is an invalid version and will not be supported in a future release
[1.589s]   warnings.warn(
[1.787s] running egg_info
[1.787s] creating examples_rclpy_guard_conditions.egg-info
[1.788s] writing examples_rclpy_guard_conditions.egg-info/PKG-INFO
[1.789s] writing dependency_links to examples_rclpy_guard_conditions.egg-info/dependency_links.txt
[1.789s] writing entry points to examples_rclpy_guard_conditions.egg-info/entry_points.txt
[1.790s] writing requirements to examples_rclpy_guard_conditions.egg-info/requires.txt
[1.790s] writing top-level names to examples_rclpy_guard_conditions.egg-info/top_level.txt
[1.791s] writing manifest file 'examples_rclpy_guard_conditions.egg-info/SOURCES.txt'
[1.793s] reading manifest file 'examples_rclpy_guard_conditions.egg-info/SOURCES.txt'
[1.794s] writing manifest file 'examples_rclpy_guard_conditions.egg-info/SOURCES.txt'
[1.796s] running build_ext
[1.797s] Creating /home/jons/ros2_ws/install/examples_rclpy_guard_conditions/lib/python3.10/site-packages/examples-rclpy-guard-conditions.egg-link (link to .)
[1.798s] Installing trigger_guard_condition script to /home/jons/ros2_ws/install/examples_rclpy_guard_conditions/lib/examples_rclpy_guard_conditions
[1.799s] 
[1.799s] Installed /home/jons/ros2_ws/build/examples_rclpy_guard_conditions
[1.800s] running install_data
[1.800s] creating /home/jons/ros2_ws/install/examples_rclpy_guard_conditions/share/ament_index
[1.801s] creating /home/jons/ros2_ws/install/examples_rclpy_guard_conditions/share/ament_index/resource_index
[1.801s] creating /home/jons/ros2_ws/install/examples_rclpy_guard_conditions/share/ament_index/resource_index/packages
[1.802s] copying resource/examples_rclpy_guard_conditions -> /home/jons/ros2_ws/install/examples_rclpy_guard_conditions/share/ament_index/resource_index/packages
[1.802s] copying package.xml -> /home/jons/ros2_ws/install/examples_rclpy_guard_conditions/share/examples_rclpy_guard_conditions
[1.837s] Invoked command in '/home/jons/ros2_ws/build/examples_rclpy_guard_conditions' returned '0': PYTHONPATH=/home/jons/ros2_ws/install/examples_rclpy_guard_conditions/lib/python3.10/site-packages:${PYTHONPATH} /usr/bin/python3 setup.py develop --prefix /home/jons/ros2_ws/install/examples_rclpy_guard_conditions --editable --build-directory /home/jons/ros2_ws/build/examples_rclpy_guard_conditions/build --no-deps install_data --install-dir /home/jons/ros2_ws/install/examples_rclpy_guard_conditions
