[1.403s] Invoking command in '/home/jons/launch_tutorial': PYTHONPATH=/home/jons/launch_tutorial/install/launch_tutorial/lib/python3.10/site-packages:${PYTHONPATH} /usr/bin/python3 setup.py egg_info --egg-base build/launch_tutorial build --build-base /home/jons/launch_tutorial/build/launch_tutorial/build install --prefix /home/jons/launch_tutorial/install/launch_tutorial --record /home/jons/launch_tutorial/build/launch_tutorial/install.log --single-version-externally-managed
[1.959s] running egg_info
[1.961s] writing build/launch_tutorial/launch_tutorial.egg-info/PKG-INFO
[1.962s] writing dependency_links to build/launch_tutorial/launch_tutorial.egg-info/dependency_links.txt
[1.963s] writing entry points to build/launch_tutorial/launch_tutorial.egg-info/entry_points.txt
[1.964s] writing requirements to build/launch_tutorial/launch_tutorial.egg-info/requires.txt
[1.965s] writing top-level names to build/launch_tutorial/launch_tutorial.egg-info/top_level.txt
[1.969s] reading manifest file 'build/launch_tutorial/launch_tutorial.egg-info/SOURCES.txt'
[1.972s] writing manifest file 'build/launch_tutorial/launch_tutorial.egg-info/SOURCES.txt'
[1.973s] running build
[1.973s] running build_py
[1.974s] /usr/lib/python3/dist-packages/setuptools/command/install.py:34: SetuptoolsDeprecationWarning: setup.py install is deprecated. Use build and pip and other standards-based tools.
[1.975s]   warnings.warn(
[1.975s] running install
[1.975s] running install_lib
[1.977s] running install_data
[1.980s] copying launch/launch_turtlesim.launch.py -> /home/jons/launch_tutorial/install/launch_tutorial/share/launch_tutorial/launch
[1.981s] running install_egg_info
[1.984s] removing '/home/jons/launch_tutorial/install/launch_tutorial/lib/python3.10/site-packages/launch_tutorial-0.0.0-py3.10.egg-info' (and everything under it)
[1.985s] Copying build/launch_tutorial/launch_tutorial.egg-info to /home/jons/launch_tutorial/install/launch_tutorial/lib/python3.10/site-packages/launch_tutorial-0.0.0-py3.10.egg-info
[1.988s] running install_scripts
[2.026s] writing list of installed files to '/home/jons/launch_tutorial/build/launch_tutorial/install.log'
[2.061s] Invoked command in '/home/jons/launch_tutorial' returned '0': PYTHONPATH=/home/jons/launch_tutorial/install/launch_tutorial/lib/python3.10/site-packages:${PYTHONPATH} /usr/bin/python3 setup.py egg_info --egg-base build/launch_tutorial build --build-base /home/jons/launch_tutorial/build/launch_tutorial/build install --prefix /home/jons/launch_tutorial/install/launch_tutorial --record /home/jons/launch_tutorial/build/launch_tutorial/install.log --single-version-externally-managed
