[0.037s] Invoking command in '/home/jons/ros2_ws/build/tutorial_interfaces': CMAKE_PREFIX_PATH=/opt/ros/humble /usr/bin/cmake --build /home/jons/ros2_ws/build/tutorial_interfaces -- -j2 -l2
[0.118s] -- Found ament_cmake: 1.3.2 (/opt/ros/humble/share/ament_cmake/cmake)
[0.591s] -- Found rclcpp: 16.0.1 (/opt/ros/humble/share/rclcpp/cmake)
[0.733s] -- Found rosidl_generator_c: 3.1.3 (/opt/ros/humble/share/rosidl_generator_c/cmake)
[0.749s] -- Found rosidl_adapter: 3.1.3 (/opt/ros/humble/share/rosidl_adapter/cmake)
[0.771s] -- Found rosidl_generator_cpp: 3.1.3 (/opt/ros/humble/share/rosidl_generator_cpp/cmake)
[0.809s] -- Using all available rosidl_typesupport_c: rosidl_typesupport_fastrtps_c;rosidl_typesupport_introspection_c
[0.856s] -- Using all available rosidl_typesupport_cpp: rosidl_typesupport_fastrtps_cpp;rosidl_typesupport_introspection_cpp
[1.094s] -- Found rmw_implementation_cmake: 6.1.0 (/opt/ros/humble/share/rmw_implementation_cmake/cmake)
[1.098s] -- Found rmw_fastrtps_cpp: 6.2.1 (/opt/ros/humble/share/rmw_fastrtps_cpp/cmake)
[1.386s] -- Using RMW implementation 'rmw_fastrtps_cpp' as default
[1.865s] -- Found tutorial_interfaces: 0.0.0 (/home/jons/ros2_ws/install/tutorial_interfaces/share/tutorial_interfaces/cmake)
[1.908s] -- Found rosidl_default_generators: 1.2.0 (/opt/ros/humble/share/rosidl_default_generators/cmake)
[2.474s] -- Found ament_cmake_ros: 0.10.0 (/opt/ros/humble/share/ament_cmake_ros/cmake)
[3.135s] -- Using all available rosidl_typesupport_c: rosidl_typesupport_fastrtps_c;rosidl_typesupport_introspection_c
[3.402s] -- Using all available rosidl_typesupport_cpp: rosidl_typesupport_fastrtps_cpp;rosidl_typesupport_introspection_cpp
[3.457s] -- Found python_cmake_module: 0.10.0 (/opt/ros/humble/share/python_cmake_module/cmake)
[3.503s] -- Using PYTHON_EXECUTABLE: /usr/bin/python3
[3.503s] -- Using PYTHON_INCLUDE_DIRS: /usr/include/python3.10
[3.504s] -- Using PYTHON_LIBRARIES: /usr/lib/x86_64-linux-gnu/libpython3.10.so
[3.536s] -- Configuring done
[3.543s] [31mCMake Error at CMakeLists.txt:11 (add_executable):
[3.544s]   Cannot find source file:
[3.544s] 
[3.544s]     src/add_two_ints_server.cpp
[3.544s] 
[3.544s]   Tried extensions .c .C .c++ .cc .cpp .cxx .cu .mpp .m .M .mm .ixx .cppm .h
[3.547s]   .hh .h++ .hm .hpp .hxx .in .txx .f .F .for .f77 .f90 .f95 .f03 .hip .ispc
[3.548s] 
[3.548s] [0m
[3.548s] [31mCMake Error at CMakeLists.txt:15 (add_executable):
[3.548s]   Cannot find source file:
[3.548s] 
[3.548s]     src/add_two_ints_client.cpp
[3.548s] 
[3.548s]   Tried extensions .c .C .c++ .cc .cpp .cxx .cu .mpp .m .M .mm .ixx .cppm .h
[3.549s]   .hh .h++ .hm .hpp .hxx .in .txx .f .F .for .f77 .f90 .f95 .f03 .hip .ispc
[3.549s] 
[3.549s] [0m
[3.550s] [31mCMake Error at CMakeLists.txt:11 (add_executable):
[3.550s]   No SOURCES given to target: server
[3.550s] 
[3.550s] [0m
[3.550s] [31mCMake Error at CMakeLists.txt:15 (add_executable):
[3.550s]   No SOURCES given to target: client
[3.550s] 
[3.550s] [0m
[3.551s] [0mCMake Generate step failed.  Build files cannot be regenerated correctly.[0m
[3.569s] gmake: *** [Makefile:963: cmake_check_build_system] Error 1
[3.570s] Invoked command in '/home/jons/ros2_ws/build/tutorial_interfaces' returned '2': CMAKE_PREFIX_PATH=/opt/ros/humble /usr/bin/cmake --build /home/jons/ros2_ws/build/tutorial_interfaces -- -j2 -l2
