[1.351s] Invoking command in '/home/jons/launch_ws/src/py_launch_example': PYTHONPATH=/home/jons/launch_ws/install/py_launch_example/lib/python3.10/site-packages:${PYTHONPATH} /usr/bin/python3 setup.py egg_info --egg-base ../../build/py_launch_example build --build-base /home/jons/launch_ws/build/py_launch_example/build install --prefix /home/jons/launch_ws/install/py_launch_example --record /home/jons/launch_ws/build/py_launch_example/install.log --single-version-externally-managed
[1.888s] running egg_info
[1.889s] writing ../../build/py_launch_example/py_launch_example.egg-info/PKG-INFO
[1.891s] writing dependency_links to ../../build/py_launch_example/py_launch_example.egg-info/dependency_links.txt
[1.892s] writing entry points to ../../build/py_launch_example/py_launch_example.egg-info/entry_points.txt
[1.893s] writing requirements to ../../build/py_launch_example/py_launch_example.egg-info/requires.txt
[1.894s] writing top-level names to ../../build/py_launch_example/py_launch_example.egg-info/top_level.txt
[1.897s] reading manifest file '../../build/py_launch_example/py_launch_example.egg-info/SOURCES.txt'
[1.899s] writing manifest file '../../build/py_launch_example/py_launch_example.egg-info/SOURCES.txt'
[1.899s] running build
[1.899s] running build_py
[1.900s] running install
[1.901s] /usr/lib/python3/dist-packages/setuptools/command/install.py:34: SetuptoolsDeprecationWarning: setup.py install is deprecated. Use build and pip and other standards-based tools.
[1.901s]   warnings.warn(
[1.901s] running install_lib
[1.904s] running install_data
[1.905s] copying launch/example_event_handlers.launch.py -> /home/jons/launch_ws/install/py_launch_example/share/py_launch_example
[1.905s] running install_egg_info
[1.909s] removing '/home/jons/launch_ws/install/py_launch_example/lib/python3.10/site-packages/py_launch_example-0.0.0-py3.10.egg-info' (and everything under it)
[1.910s] Copying ../../build/py_launch_example/py_launch_example.egg-info to /home/jons/launch_ws/install/py_launch_example/lib/python3.10/site-packages/py_launch_example-0.0.0-py3.10.egg-info
[1.913s] running install_scripts
[1.952s] writing list of installed files to '/home/jons/launch_ws/build/py_launch_example/install.log'
[1.988s] Invoked command in '/home/jons/launch_ws/src/py_launch_example' returned '0': PYTHONPATH=/home/jons/launch_ws/install/py_launch_example/lib/python3.10/site-packages:${PYTHONPATH} /usr/bin/python3 setup.py egg_info --egg-base ../../build/py_launch_example build --build-base /home/jons/launch_ws/build/py_launch_example/build install --prefix /home/jons/launch_ws/install/py_launch_example --record /home/jons/launch_ws/build/py_launch_example/install.log --single-version-externally-managed
