[0.024s] Invoking command in '/home/jons/ros2_ws/build/examples_rclcpp_minimal_service': CMAKE_PREFIX_PATH=/opt/ros/humble /usr/bin/cmake /home/jons/ros2_ws/src/examples/rclcpp/services/minimal_service -DAMENT_CMAKE_SYMLINK_INSTALL=1 -DCMAKE_INSTALL_PREFIX=/home/jons/ros2_ws/install/examples_rclcpp_minimal_service
[0.158s] -- The C compiler identification is GNU 11.2.0
[0.259s] -- The CXX compiler identification is GNU 11.2.0
[0.271s] -- Detecting C compiler ABI info
[0.414s] -- Detecting C compiler ABI info - done
[0.423s] -- Check for working C compiler: /usr/bin/cc - skipped
[0.423s] -- Detecting C compile features
[0.425s] -- Detecting C compile features - done
[0.430s] -- Detecting CXX compiler ABI info
[0.638s] -- Detecting CXX compiler ABI info - done
[0.646s] -- Check for working CXX compiler: /usr/bin/c++ - skipped
[0.646s] -- Detecting CXX compile features
[0.647s] -- Detecting CXX compile features - done
[0.652s] -- Found ament_cmake: 1.3.2 (/opt/ros/humble/share/ament_cmake/cmake)
[0.926s] -- Found Python3: /usr/bin/python3.10 (found version "3.10.4") found components: Interpreter 
[1.037s] -- Override CMake install command with custom implementation using symlinks instead of copying resources
[1.071s] -- Found example_interfaces: 0.9.3 (/opt/ros/humble/share/example_interfaces/cmake)
[1.122s] -- Found rosidl_generator_c: 3.1.3 (/opt/ros/humble/share/rosidl_generator_c/cmake)
[1.133s] -- Found rosidl_adapter: 3.1.3 (/opt/ros/humble/share/rosidl_adapter/cmake)
[1.145s] -- Found rosidl_generator_cpp: 3.1.3 (/opt/ros/humble/share/rosidl_generator_cpp/cmake)
[1.168s] -- Using all available rosidl_typesupport_c: rosidl_typesupport_fastrtps_c;rosidl_typesupport_introspection_c
[1.197s] -- Using all available rosidl_typesupport_cpp: rosidl_typesupport_fastrtps_cpp;rosidl_typesupport_introspection_cpp
[1.482s] -- Found rclcpp: 16.0.1 (/opt/ros/humble/share/rclcpp/cmake)
[1.569s] -- Found rmw_implementation_cmake: 6.1.0 (/opt/ros/humble/share/rmw_implementation_cmake/cmake)
[1.574s] -- Found rmw_fastrtps_cpp: 6.2.1 (/opt/ros/humble/share/rmw_fastrtps_cpp/cmake)
[1.798s] -- Found OpenSSL: /usr/lib/x86_64-linux-gnu/libcrypto.so (found version "3.0.2")  
[1.836s] -- Found FastRTPS: /opt/ros/humble/include  
[1.904s] -- Using RMW implementation 'rmw_fastrtps_cpp' as default
[2.241s] -- Found ament_lint_auto: 0.12.4 (/opt/ros/humble/share/ament_lint_auto/cmake)
[2.377s] -- Added test 'copyright' to check source files copyright and LICENSE
[2.379s] -- Added test 'cppcheck' to perform static code analysis on C / C++ code
[2.379s] -- Configured cppcheck include dirs: 
[2.380s] -- Configured cppcheck exclude dirs and/or files: 
[2.381s] -- Added test 'cpplint' to check C / C++ code against the Google style
[2.381s] -- Configured cpplint exclude dirs and/or files: 
[2.383s] -- Added test 'lint_cmake' to check CMake code style
[2.385s] -- Added test 'uncrustify' to check C / C++ code style
[2.385s] -- Configured uncrustify additional arguments: 
[2.386s] -- Added test 'xmllint' to check XML markup files
[2.389s] -- Configuring done
[2.412s] -- Generating done
[2.415s] -- Build files have been written to: /home/jons/ros2_ws/build/examples_rclcpp_minimal_service
[2.432s] Invoked command in '/home/jons/ros2_ws/build/examples_rclcpp_minimal_service' returned '0': CMAKE_PREFIX_PATH=/opt/ros/humble /usr/bin/cmake /home/jons/ros2_ws/src/examples/rclcpp/services/minimal_service -DAMENT_CMAKE_SYMLINK_INSTALL=1 -DCMAKE_INSTALL_PREFIX=/home/jons/ros2_ws/install/examples_rclcpp_minimal_service
[2.433s] Invoking command in '/home/jons/ros2_ws/build/examples_rclcpp_minimal_service': CMAKE_PREFIX_PATH=/opt/ros/humble /usr/bin/cmake --build /home/jons/ros2_ws/build/examples_rclcpp_minimal_service -- -j2 -l2
[2.557s] [ 50%] [32mBuilding CXX object CMakeFiles/service_main.dir/main.cpp.o[0m
[7.895s] [100%] [32m[1mLinking CXX executable service_main[0m
[8.240s] [100%] Built target service_main
[8.261s] Invoked command in '/home/jons/ros2_ws/build/examples_rclcpp_minimal_service' returned '0': CMAKE_PREFIX_PATH=/opt/ros/humble /usr/bin/cmake --build /home/jons/ros2_ws/build/examples_rclcpp_minimal_service -- -j2 -l2
[8.330s] Invoking command in '/home/jons/ros2_ws/build/examples_rclcpp_minimal_service': CMAKE_PREFIX_PATH=/opt/ros/humble /usr/bin/cmake --install /home/jons/ros2_ws/build/examples_rclcpp_minimal_service
[8.345s] -- Install configuration: ""
[8.346s] -- Execute custom install script
[8.347s] -- Symlinking: /home/jons/ros2_ws/install/examples_rclcpp_minimal_service/lib/examples_rclcpp_minimal_service/service_main
[8.364s] -- Symlinking: /home/jons/ros2_ws/install/examples_rclcpp_minimal_service/share/ament_index/resource_index/package_run_dependencies/examples_rclcpp_minimal_service
[8.380s] -- Symlinking: /home/jons/ros2_ws/install/examples_rclcpp_minimal_service/share/ament_index/resource_index/parent_prefix_path/examples_rclcpp_minimal_service
[8.400s] -- Symlinking: /home/jons/ros2_ws/install/examples_rclcpp_minimal_service/share/examples_rclcpp_minimal_service/environment/ament_prefix_path.sh
[8.416s] -- Symlinking: /home/jons/ros2_ws/install/examples_rclcpp_minimal_service/share/examples_rclcpp_minimal_service/environment/ament_prefix_path.dsv
[8.431s] -- Symlinking: /home/jons/ros2_ws/install/examples_rclcpp_minimal_service/share/examples_rclcpp_minimal_service/environment/path.sh
[8.447s] -- Symlinking: /home/jons/ros2_ws/install/examples_rclcpp_minimal_service/share/examples_rclcpp_minimal_service/environment/path.dsv
[8.471s] -- Symlinking: /home/jons/ros2_ws/install/examples_rclcpp_minimal_service/share/examples_rclcpp_minimal_service/local_setup.bash
[8.499s] -- Symlinking: /home/jons/ros2_ws/install/examples_rclcpp_minimal_service/share/examples_rclcpp_minimal_service/local_setup.sh
[8.519s] -- Symlinking: /home/jons/ros2_ws/install/examples_rclcpp_minimal_service/share/examples_rclcpp_minimal_service/local_setup.zsh
[8.536s] -- Symlinking: /home/jons/ros2_ws/install/examples_rclcpp_minimal_service/share/examples_rclcpp_minimal_service/local_setup.dsv
[8.552s] -- Symlinking: /home/jons/ros2_ws/install/examples_rclcpp_minimal_service/share/examples_rclcpp_minimal_service/package.dsv
[8.568s] -- Symlinking: /home/jons/ros2_ws/install/examples_rclcpp_minimal_service/share/ament_index/resource_index/packages/examples_rclcpp_minimal_service
[8.584s] -- Symlinking: /home/jons/ros2_ws/install/examples_rclcpp_minimal_service/share/examples_rclcpp_minimal_service/cmake/examples_rclcpp_minimal_serviceConfig.cmake
[8.601s] -- Symlinking: /home/jons/ros2_ws/install/examples_rclcpp_minimal_service/share/examples_rclcpp_minimal_service/cmake/examples_rclcpp_minimal_serviceConfig-version.cmake
[8.620s] -- Symlinking: /home/jons/ros2_ws/install/examples_rclcpp_minimal_service/share/examples_rclcpp_minimal_service/package.xml
[8.645s] Invoked command in '/home/jons/ros2_ws/build/examples_rclcpp_minimal_service' returned '0': CMAKE_PREFIX_PATH=/opt/ros/humble /usr/bin/cmake --install /home/jons/ros2_ws/build/examples_rclcpp_minimal_service
