[0.972s] Invoking command in '/home/jons/ros2_ws/build/examples_rclpy_minimal_client': PYTHONPATH=/home/jons/ros2_ws/install/examples_rclpy_minimal_client/lib/python3.10/site-packages:${PYTHONPATH} /usr/bin/python3 setup.py develop --prefix /home/jons/ros2_ws/install/examples_rclpy_minimal_client --editable --build-directory /home/jons/ros2_ws/build/examples_rclpy_minimal_client/build --no-deps install_data --install-dir /home/jons/ros2_ws/install/examples_rclpy_minimal_client
[1.374s] running develop
[1.375s] /usr/lib/python3/dist-packages/setuptools/command/easy_install.py:158: EasyInstallDeprecationWarning: easy_install command is deprecated. Use build and pip and other standards-based tools.
[1.375s]   warnings.warn(
[1.377s] /usr/lib/python3/dist-packages/setuptools/command/install.py:34: SetuptoolsDeprecationWarning: setup.py install is deprecated. Use build and pip and other standards-based tools.
[1.377s]   warnings.warn(
[1.461s] /usr/lib/python3/dist-packages/pkg_resources/__init__.py:116: PkgResourcesDeprecationWarning: 0.1.43ubuntu1 is an invalid version and will not be supported in a future release
[1.461s]   warnings.warn(
[1.462s] /usr/lib/python3/dist-packages/pkg_resources/__init__.py:116: PkgResourcesDeprecationWarning: 1.1build1 is an invalid version and will not be supported in a future release
[1.463s]   warnings.warn(
[1.655s] running egg_info
[1.656s] creating examples_rclpy_minimal_client.egg-info
[1.656s] writing examples_rclpy_minimal_client.egg-info/PKG-INFO
[1.657s] writing dependency_links to examples_rclpy_minimal_client.egg-info/dependency_links.txt
[1.657s] writing entry points to examples_rclpy_minimal_client.egg-info/entry_points.txt
[1.658s] writing requirements to examples_rclpy_minimal_client.egg-info/requires.txt
[1.658s] writing top-level names to examples_rclpy_minimal_client.egg-info/top_level.txt
[1.660s] writing manifest file 'examples_rclpy_minimal_client.egg-info/SOURCES.txt'
[1.664s] reading manifest file 'examples_rclpy_minimal_client.egg-info/SOURCES.txt'
[1.665s] writing manifest file 'examples_rclpy_minimal_client.egg-info/SOURCES.txt'
[1.667s] running build_ext
[1.668s] Creating /home/jons/ros2_ws/install/examples_rclpy_minimal_client/lib/python3.10/site-packages/examples-rclpy-minimal-client.egg-link (link to .)
[1.669s] Installing client script to /home/jons/ros2_ws/install/examples_rclpy_minimal_client/lib/examples_rclpy_minimal_client
[1.670s] Installing client_async script to /home/jons/ros2_ws/install/examples_rclpy_minimal_client/lib/examples_rclpy_minimal_client
[1.671s] Installing client_async_callback script to /home/jons/ros2_ws/install/examples_rclpy_minimal_client/lib/examples_rclpy_minimal_client
[1.671s] Installing client_async_member_function script to /home/jons/ros2_ws/install/examples_rclpy_minimal_client/lib/examples_rclpy_minimal_client
[1.672s] 
[1.672s] Installed /home/jons/ros2_ws/build/examples_rclpy_minimal_client
[1.672s] running install_data
[1.673s] creating /home/jons/ros2_ws/install/examples_rclpy_minimal_client/share/ament_index
[1.673s] creating /home/jons/ros2_ws/install/examples_rclpy_minimal_client/share/ament_index/resource_index
[1.674s] creating /home/jons/ros2_ws/install/examples_rclpy_minimal_client/share/ament_index/resource_index/packages
[1.674s] copying resource/examples_rclpy_minimal_client -> /home/jons/ros2_ws/install/examples_rclpy_minimal_client/share/ament_index/resource_index/packages
[1.675s] copying package.xml -> /home/jons/ros2_ws/install/examples_rclpy_minimal_client/share/examples_rclpy_minimal_client
[1.705s] Invoked command in '/home/jons/ros2_ws/build/examples_rclpy_minimal_client' returned '0': PYTHONPATH=/home/jons/ros2_ws/install/examples_rclpy_minimal_client/lib/python3.10/site-packages:${PYTHONPATH} /usr/bin/python3 setup.py develop --prefix /home/jons/ros2_ws/install/examples_rclpy_minimal_client --editable --build-directory /home/jons/ros2_ws/build/examples_rclpy_minimal_client/build --no-deps install_data --install-dir /home/jons/ros2_ws/install/examples_rclpy_minimal_client
