[0.021s] Invoking command in '/home/jons/ros2_ws/build/examples_rclcpp_wait_set': CMAKE_PREFIX_PATH=/opt/ros/humble /usr/bin/cmake /home/jons/ros2_ws/src/examples/rclcpp/wait_set -DAMENT_CMAKE_SYMLINK_INSTALL=1 -DCMAKE_INSTALL_PREFIX=/home/jons/ros2_ws/install/examples_rclcpp_wait_set
[0.137s] -- The C compiler identification is GNU 11.2.0
[0.240s] -- The CXX compiler identification is GNU 11.2.0
[0.252s] -- Detecting C compiler ABI info
[0.413s] -- Detecting C compiler ABI info - done
[0.425s] -- Check for working C compiler: /usr/bin/cc - skipped
[0.425s] -- Detecting C compile features
[0.426s] -- Detecting C compile features - done
[0.434s] -- Detecting CXX compiler ABI info
[0.597s] -- Detecting CXX compiler ABI info - done
[0.605s] -- Check for working CXX compiler: /usr/bin/c++ - skipped
[0.605s] -- Detecting CXX compile features
[0.606s] -- Detecting CXX compile features - done
[0.611s] -- Found ament_cmake: 1.3.2 (/opt/ros/humble/share/ament_cmake/cmake)
[0.930s] -- Found Python3: /usr/bin/python3.10 (found version "3.10.4") found components: Interpreter 
[1.024s] -- Override CMake install command with custom implementation using symlinks instead of copying resources
[1.075s] -- Found example_interfaces: 0.9.3 (/opt/ros/humble/share/example_interfaces/cmake)
[1.124s] -- Found rosidl_generator_c: 3.1.3 (/opt/ros/humble/share/rosidl_generator_c/cmake)
[1.136s] -- Found rosidl_adapter: 3.1.3 (/opt/ros/humble/share/rosidl_adapter/cmake)
[1.148s] -- Found rosidl_generator_cpp: 3.1.3 (/opt/ros/humble/share/rosidl_generator_cpp/cmake)
[1.171s] -- Using all available rosidl_typesupport_c: rosidl_typesupport_fastrtps_c;rosidl_typesupport_introspection_c
[1.199s] -- Using all available rosidl_typesupport_cpp: rosidl_typesupport_fastrtps_cpp;rosidl_typesupport_introspection_cpp
[1.529s] -- Found rclcpp: 16.0.1 (/opt/ros/humble/share/rclcpp/cmake)
[1.626s] -- Found rmw_implementation_cmake: 6.1.0 (/opt/ros/humble/share/rmw_implementation_cmake/cmake)
[1.629s] -- Found rmw_fastrtps_cpp: 6.2.1 (/opt/ros/humble/share/rmw_fastrtps_cpp/cmake)
[1.835s] -- Found OpenSSL: /usr/lib/x86_64-linux-gnu/libcrypto.so (found version "3.0.2")  
[1.873s] -- Found FastRTPS: /opt/ros/humble/include  
[1.951s] -- Using RMW implementation 'rmw_fastrtps_cpp' as default
[2.233s] -- Found rclcpp_components: 16.0.1 (/opt/ros/humble/share/rclcpp_components/cmake)
[2.335s] -- Found ament_lint_auto: 0.12.4 (/opt/ros/humble/share/ament_lint_auto/cmake)
[2.497s] -- Added test 'copyright' to check source files copyright and LICENSE
[2.501s] -- Added test 'cppcheck' to perform static code analysis on C / C++ code
[2.502s] -- Configured cppcheck include dirs: /home/jons/ros2_ws/src/examples/rclcpp/wait_set/include
[2.502s] -- Configured cppcheck exclude dirs and/or files: 
[2.506s] -- Added test 'cpplint' to check C / C++ code against the Google style
[2.506s] -- Configured cpplint exclude dirs and/or files: 
[2.508s] -- Added test 'lint_cmake' to check CMake code style
[2.512s] -- Added test 'uncrustify' to check C / C++ code style
[2.512s] -- Configured uncrustify additional arguments: 
[2.513s] -- Added test 'xmllint' to check XML markup files
[2.516s] -- Configuring done
[2.621s] -- Generating done
[2.625s] -- Build files have been written to: /home/jons/ros2_ws/build/examples_rclcpp_wait_set
[2.644s] Invoked command in '/home/jons/ros2_ws/build/examples_rclcpp_wait_set' returned '0': CMAKE_PREFIX_PATH=/opt/ros/humble /usr/bin/cmake /home/jons/ros2_ws/src/examples/rclcpp/wait_set -DAMENT_CMAKE_SYMLINK_INSTALL=1 -DCMAKE_INSTALL_PREFIX=/home/jons/ros2_ws/install/examples_rclcpp_wait_set
[2.647s] Invoking command in '/home/jons/ros2_ws/build/examples_rclcpp_wait_set': CMAKE_PREFIX_PATH=/opt/ros/humble /usr/bin/cmake --build /home/jons/ros2_ws/build/examples_rclcpp_wait_set -- -j2 -l2
[2.763s] [  4%] [32mBuilding CXX object CMakeFiles/talker.dir/src/talker.cpp.o[0m
[9.538s] [  8%] [32m[1mLinking CXX shared library libtalker.so[0m
[9.958s] [  8%] Built target talker
[9.999s] [ 12%] [32mBuilding CXX object CMakeFiles/wait_set_talker.dir/rclcpp_components/node_main_wait_set_talker.cpp.o[0m
[15.244s] [ 16%] [32m[1mLinking CXX executable wait_set_talker[0m
[15.493s] [ 16%] Built target wait_set_talker
[15.534s] [ 20%] [32mBuilding CXX object CMakeFiles/listener.dir/src/listener.cpp.o[0m
[28.241s] [ 25%] [32m[1mLinking CXX shared library liblistener.so[0m
[29.022s] [ 25%] Built target listener
[29.079s] [ 29%] [32mBuilding CXX object CMakeFiles/wait_set_listener.dir/rclcpp_components/node_main_wait_set_listener.cpp.o[0m
[34.119s] [ 33%] [32m[1mLinking CXX executable wait_set_listener[0m
[34.434s] [ 33%] Built target wait_set_listener
[34.480s] [ 37%] [32mBuilding CXX object CMakeFiles/wait_set.dir/src/wait_set.cpp.o[0m
[47.779s] [ 41%] [32m[1mLinking CXX executable wait_set[0m
[48.583s] [ 41%] Built target wait_set
[48.628s] [ 45%] [32mBuilding CXX object CMakeFiles/static_wait_set.dir/src/static_wait_set.cpp.o[0m
[60.709s] [ 50%] [32m[1mLinking CXX executable static_wait_set[0m
[61.396s] [ 50%] Built target static_wait_set
[61.444s] [ 54%] [32mBuilding CXX object CMakeFiles/thread_safe_wait_set.dir/src/thread_safe_wait_set.cpp.o[0m
[74.867s] [ 58%] [32m[1mLinking CXX executable thread_safe_wait_set[0m
[75.657s] [ 58%] Built target thread_safe_wait_set
[75.697s] [ 62%] [32mBuilding CXX object CMakeFiles/wait_set_topics_and_timer.dir/src/wait_set_topics_and_timer.cpp.o[0m
[88.508s] [ 66%] [32m[1mLinking CXX executable wait_set_topics_and_timer[0m
[89.232s] [ 66%] Built target wait_set_topics_and_timer
[89.284s] [ 70%] [32mBuilding CXX object CMakeFiles/wait_set_random_order.dir/src/wait_set_random_order.cpp.o[0m
[102.628s] [ 75%] [32m[1mLinking CXX executable wait_set_random_order[0m
[103.465s] [ 75%] Built target wait_set_random_order
[103.506s] [ 79%] [32mBuilding CXX object CMakeFiles/executor_random_order.dir/src/executor_random_order.cpp.o[0m
[116.109s] [ 83%] [32m[1mLinking CXX executable executor_random_order[0m
[116.819s] [ 83%] Built target executor_random_order
[116.873s] [ 87%] [32mBuilding CXX object CMakeFiles/wait_set_topics_with_different_rates.dir/src/wait_set_topics_with_different_rates.cpp.o[0m
[129.838s] [ 91%] [32m[1mLinking CXX executable wait_set_topics_with_different_rates[0m
[130.507s] [ 91%] Built target wait_set_topics_with_different_rates
[130.550s] [ 95%] [32mBuilding CXX object CMakeFiles/wait_set_composed.dir/src/wait_set_composed.cpp.o[0m
[134.678s] [100%] [32m[1mLinking CXX executable wait_set_composed[0m
[134.976s] [100%] Built target wait_set_composed
[135.000s] Invoked command in '/home/jons/ros2_ws/build/examples_rclcpp_wait_set' returned '0': CMAKE_PREFIX_PATH=/opt/ros/humble /usr/bin/cmake --build /home/jons/ros2_ws/build/examples_rclcpp_wait_set -- -j2 -l2
[135.174s] Invoking command in '/home/jons/ros2_ws/build/examples_rclcpp_wait_set': CMAKE_PREFIX_PATH=/opt/ros/humble /usr/bin/cmake --install /home/jons/ros2_ws/build/examples_rclcpp_wait_set
[135.188s] -- Install configuration: ""
[135.189s] -- Execute custom install script
[135.189s] -- Symlinking: /home/jons/ros2_ws/install/examples_rclcpp_wait_set/lib/examples_rclcpp_wait_set/wait_set_talker
[135.206s] -- Symlinking: /home/jons/ros2_ws/install/examples_rclcpp_wait_set/lib/examples_rclcpp_wait_set/wait_set_listener
[135.221s] -- Symlinking: /home/jons/ros2_ws/install/examples_rclcpp_wait_set/lib/libtalker.so
[135.237s] -- Symlinking: /home/jons/ros2_ws/install/examples_rclcpp_wait_set/lib/liblistener.so
[135.261s] -- Symlinking: /home/jons/ros2_ws/install/examples_rclcpp_wait_set/lib/examples_rclcpp_wait_set/wait_set
[135.278s] -- Symlinking: /home/jons/ros2_ws/install/examples_rclcpp_wait_set/lib/examples_rclcpp_wait_set/static_wait_set
[135.296s] -- Symlinking: /home/jons/ros2_ws/install/examples_rclcpp_wait_set/lib/examples_rclcpp_wait_set/thread_safe_wait_set
[135.316s] -- Symlinking: /home/jons/ros2_ws/install/examples_rclcpp_wait_set/lib/examples_rclcpp_wait_set/wait_set_topics_and_timer
[135.334s] -- Symlinking: /home/jons/ros2_ws/install/examples_rclcpp_wait_set/lib/examples_rclcpp_wait_set/wait_set_random_order
[135.352s] -- Symlinking: /home/jons/ros2_ws/install/examples_rclcpp_wait_set/lib/examples_rclcpp_wait_set/executor_random_order
[135.370s] -- Symlinking: /home/jons/ros2_ws/install/examples_rclcpp_wait_set/lib/examples_rclcpp_wait_set/wait_set_topics_with_different_rates
[135.385s] -- Symlinking: /home/jons/ros2_ws/install/examples_rclcpp_wait_set/lib/examples_rclcpp_wait_set/wait_set_composed
[135.406s] -- Symlinking: /home/jons/ros2_ws/install/examples_rclcpp_wait_set/share/ament_index/resource_index/package_run_dependencies/examples_rclcpp_wait_set
[135.421s] -- Symlinking: /home/jons/ros2_ws/install/examples_rclcpp_wait_set/share/ament_index/resource_index/parent_prefix_path/examples_rclcpp_wait_set
[135.436s] -- Symlinking: /home/jons/ros2_ws/install/examples_rclcpp_wait_set/share/examples_rclcpp_wait_set/environment/ament_prefix_path.sh
[135.451s] -- Symlinking: /home/jons/ros2_ws/install/examples_rclcpp_wait_set/share/examples_rclcpp_wait_set/environment/ament_prefix_path.dsv
[135.465s] -- Symlinking: /home/jons/ros2_ws/install/examples_rclcpp_wait_set/share/examples_rclcpp_wait_set/environment/path.sh
[135.479s] -- Symlinking: /home/jons/ros2_ws/install/examples_rclcpp_wait_set/share/examples_rclcpp_wait_set/environment/path.dsv
[135.496s] -- Symlinking: /home/jons/ros2_ws/install/examples_rclcpp_wait_set/share/examples_rclcpp_wait_set/local_setup.bash
[135.511s] -- Symlinking: /home/jons/ros2_ws/install/examples_rclcpp_wait_set/share/examples_rclcpp_wait_set/local_setup.sh
[135.527s] -- Symlinking: /home/jons/ros2_ws/install/examples_rclcpp_wait_set/share/examples_rclcpp_wait_set/local_setup.zsh
[135.541s] -- Symlinking: /home/jons/ros2_ws/install/examples_rclcpp_wait_set/share/examples_rclcpp_wait_set/local_setup.dsv
[135.556s] -- Symlinking: /home/jons/ros2_ws/install/examples_rclcpp_wait_set/share/examples_rclcpp_wait_set/package.dsv
[135.571s] -- Symlinking: /home/jons/ros2_ws/install/examples_rclcpp_wait_set/share/ament_index/resource_index/packages/examples_rclcpp_wait_set
[135.587s] -- Symlinking: /home/jons/ros2_ws/install/examples_rclcpp_wait_set/share/ament_index/resource_index/rclcpp_components/examples_rclcpp_wait_set
[135.603s] -- Symlinking: /home/jons/ros2_ws/install/examples_rclcpp_wait_set/share/examples_rclcpp_wait_set/cmake/examples_rclcpp_wait_setConfig.cmake
[135.619s] -- Symlinking: /home/jons/ros2_ws/install/examples_rclcpp_wait_set/share/examples_rclcpp_wait_set/cmake/examples_rclcpp_wait_setConfig-version.cmake
[135.634s] -- Symlinking: /home/jons/ros2_ws/install/examples_rclcpp_wait_set/share/examples_rclcpp_wait_set/package.xml
[135.655s] Invoked command in '/home/jons/ros2_ws/build/examples_rclcpp_wait_set' returned '0': CMAKE_PREFIX_PATH=/opt/ros/humble /usr/bin/cmake --install /home/jons/ros2_ws/build/examples_rclcpp_wait_set
