[0.980s] Invoking command in '/home/jons/ros2_ws/build/examples_rclpy_minimal_action_server': PYTHONPATH=/home/jons/ros2_ws/install/examples_rclpy_minimal_action_server/lib/python3.10/site-packages:${PYTHONPATH} /usr/bin/python3 setup.py develop --prefix /home/jons/ros2_ws/install/examples_rclpy_minimal_action_server --editable --build-directory /home/jons/ros2_ws/build/examples_rclpy_minimal_action_server/build --no-deps install_data --install-dir /home/jons/ros2_ws/install/examples_rclpy_minimal_action_server
[1.419s] running develop
[1.420s] /usr/lib/python3/dist-packages/setuptools/command/easy_install.py:158: EasyInstallDeprecationWarning: easy_install command is deprecated. Use build and pip and other standards-based tools.
[1.420s]   warnings.warn(
[1.422s] /usr/lib/python3/dist-packages/setuptools/command/install.py:34: SetuptoolsDeprecationWarning: setup.py install is deprecated. Use build and pip and other standards-based tools.
[1.422s]   warnings.warn(
[1.507s] /usr/lib/python3/dist-packages/pkg_resources/__init__.py:116: PkgResourcesDeprecationWarning: 0.1.43ubuntu1 is an invalid version and will not be supported in a future release
[1.508s]   warnings.warn(
[1.508s] /usr/lib/python3/dist-packages/pkg_resources/__init__.py:116: PkgResourcesDeprecationWarning: 1.1build1 is an invalid version and will not be supported in a future release
[1.509s]   warnings.warn(
[1.737s] running egg_info
[1.738s] creating examples_rclpy_minimal_action_server.egg-info
[1.739s] writing examples_rclpy_minimal_action_server.egg-info/PKG-INFO
[1.739s] writing dependency_links to examples_rclpy_minimal_action_server.egg-info/dependency_links.txt
[1.740s] writing entry points to examples_rclpy_minimal_action_server.egg-info/entry_points.txt
[1.740s] writing requirements to examples_rclpy_minimal_action_server.egg-info/requires.txt
[1.741s] writing top-level names to examples_rclpy_minimal_action_server.egg-info/top_level.txt
[1.741s] writing manifest file 'examples_rclpy_minimal_action_server.egg-info/SOURCES.txt'
[1.744s] reading manifest file 'examples_rclpy_minimal_action_server.egg-info/SOURCES.txt'
[1.745s] writing manifest file 'examples_rclpy_minimal_action_server.egg-info/SOURCES.txt'
[1.747s] running build_ext
[1.747s] Creating /home/jons/ros2_ws/install/examples_rclpy_minimal_action_server/lib/python3.10/site-packages/examples-rclpy-minimal-action-server.egg-link (link to .)
[1.749s] Installing server script to /home/jons/ros2_ws/install/examples_rclpy_minimal_action_server/lib/examples_rclpy_minimal_action_server
[1.750s] Installing server_defer script to /home/jons/ros2_ws/install/examples_rclpy_minimal_action_server/lib/examples_rclpy_minimal_action_server
[1.751s] Installing server_not_composable script to /home/jons/ros2_ws/install/examples_rclpy_minimal_action_server/lib/examples_rclpy_minimal_action_server
[1.753s] Installing server_queue_goals script to /home/jons/ros2_ws/install/examples_rclpy_minimal_action_server/lib/examples_rclpy_minimal_action_server
[1.754s] Installing server_single_goal script to /home/jons/ros2_ws/install/examples_rclpy_minimal_action_server/lib/examples_rclpy_minimal_action_server
[1.754s] 
[1.754s] Installed /home/jons/ros2_ws/build/examples_rclpy_minimal_action_server
[1.755s] running install_data
[1.755s] creating /home/jons/ros2_ws/install/examples_rclpy_minimal_action_server/share/ament_index
[1.756s] creating /home/jons/ros2_ws/install/examples_rclpy_minimal_action_server/share/ament_index/resource_index
[1.756s] creating /home/jons/ros2_ws/install/examples_rclpy_minimal_action_server/share/ament_index/resource_index/packages
[1.757s] copying resource/examples_rclpy_minimal_action_server -> /home/jons/ros2_ws/install/examples_rclpy_minimal_action_server/share/ament_index/resource_index/packages
[1.757s] copying package.xml -> /home/jons/ros2_ws/install/examples_rclpy_minimal_action_server/share/examples_rclpy_minimal_action_server
[1.788s] Invoked command in '/home/jons/ros2_ws/build/examples_rclpy_minimal_action_server' returned '0': PYTHONPATH=/home/jons/ros2_ws/install/examples_rclpy_minimal_action_server/lib/python3.10/site-packages:${PYTHONPATH} /usr/bin/python3 setup.py develop --prefix /home/jons/ros2_ws/install/examples_rclpy_minimal_action_server --editable --build-directory /home/jons/ros2_ws/build/examples_rclpy_minimal_action_server/build --no-deps install_data --install-dir /home/jons/ros2_ws/install/examples_rclpy_minimal_action_server
