[0.071s] Invoking command in '/home/jons/ros2_ws/build/examples_rclcpp_async_client': CMAKE_PREFIX_PATH=${CMAKE_PREFIX_PATH}:/opt/ros/rolling:/home/jons/ros2_ws/install/launch_testing_examples:/home/jons/ros2_ws/install/examples_rclpy_pointcloud_publisher:/home/jons/ros2_ws/install/examples_rclpy_minimal_subscriber:/home/jons/ros2_ws/install/examples_rclpy_minimal_service:/home/jons/ros2_ws/install/examples_rclpy_minimal_publisher:/home/jons/ros2_ws/install/examples_rclpy_minimal_client:/home/jons/ros2_ws/install/examples_rclpy_minimal_action_server:/home/jons/ros2_ws/install/examples_rclpy_minimal_action_client:/home/jons/ros2_ws/install/examples_rclpy_guard_conditions:/home/jons/ros2_ws/install/examples_rclpy_executors:/opt/ros/humble /usr/bin/cmake /home/jons/ros2_ws/src/examples/rclcpp/services/async_client -DCMAKE_INSTALL_PREFIX=/home/jons/ros2_ws/install/examples_rclcpp_async_client
[0.120s] -- Found ament_cmake: 1.3.2 (/opt/ros/humble/share/ament_cmake/cmake)
[0.534s] -- Override CMake install command with custom implementation using symlinks instead of copying resources
[0.555s] -- Found example_interfaces: 0.9.3 (/opt/ros/humble/share/example_interfaces/cmake)
[0.609s] -- Found rosidl_generator_c: 3.1.3 (/opt/ros/humble/share/rosidl_generator_c/cmake)
[0.615s] -- Found rosidl_adapter: 3.1.3 (/opt/ros/humble/share/rosidl_adapter/cmake)
[0.629s] -- Found rosidl_generator_cpp: 3.1.3 (/opt/ros/humble/share/rosidl_generator_cpp/cmake)
[0.663s] -- Using all available rosidl_typesupport_c: rosidl_typesupport_fastrtps_c;rosidl_typesupport_introspection_c
[0.704s] -- Using all available rosidl_typesupport_cpp: rosidl_typesupport_fastrtps_cpp;rosidl_typesupport_introspection_cpp
[1.058s] -- Found rclcpp: 16.0.1 (/opt/ros/humble/share/rclcpp/cmake)
[1.215s] -- Found rmw_implementation_cmake: 6.1.0 (/opt/ros/humble/share/rmw_implementation_cmake/cmake)
[1.221s] -- Found rmw_fastrtps_cpp: 6.2.1 (/opt/ros/humble/share/rmw_fastrtps_cpp/cmake)
[1.505s] -- Using RMW implementation 'rmw_fastrtps_cpp' as default
[1.841s] -- Found ament_lint_auto: 0.12.4 (/opt/ros/humble/share/ament_lint_auto/cmake)
[2.096s] -- Added test 'copyright' to check source files copyright and LICENSE
[2.098s] -- Added test 'cppcheck' to perform static code analysis on C / C++ code
[2.099s] -- Configured cppcheck include dirs: 
[2.102s] -- Configured cppcheck exclude dirs and/or files: 
[2.104s] -- Added test 'cpplint' to check C / C++ code against the Google style
[2.105s] -- Configured cpplint exclude dirs and/or files: 
[2.108s] -- Added test 'lint_cmake' to check CMake code style
[2.115s] -- Added test 'uncrustify' to check C / C++ code style
[2.116s] -- Configured uncrustify additional arguments: 
[2.118s] -- Added test 'xmllint' to check XML markup files
[2.134s] -- Configuring done
[2.229s] -- Generating done
[2.243s] -- Build files have been written to: /home/jons/ros2_ws/build/examples_rclcpp_async_client
[2.275s] Invoked command in '/home/jons/ros2_ws/build/examples_rclcpp_async_client' returned '0': CMAKE_PREFIX_PATH=${CMAKE_PREFIX_PATH}:/opt/ros/rolling:/home/jons/ros2_ws/install/launch_testing_examples:/home/jons/ros2_ws/install/examples_rclpy_pointcloud_publisher:/home/jons/ros2_ws/install/examples_rclpy_minimal_subscriber:/home/jons/ros2_ws/install/examples_rclpy_minimal_service:/home/jons/ros2_ws/install/examples_rclpy_minimal_publisher:/home/jons/ros2_ws/install/examples_rclpy_minimal_client:/home/jons/ros2_ws/install/examples_rclpy_minimal_action_server:/home/jons/ros2_ws/install/examples_rclpy_minimal_action_client:/home/jons/ros2_ws/install/examples_rclpy_guard_conditions:/home/jons/ros2_ws/install/examples_rclpy_executors:/opt/ros/humble /usr/bin/cmake /home/jons/ros2_ws/src/examples/rclcpp/services/async_client -DCMAKE_INSTALL_PREFIX=/home/jons/ros2_ws/install/examples_rclcpp_async_client
[2.277s] Invoking command in '/home/jons/ros2_ws/build/examples_rclcpp_async_client': CMAKE_PREFIX_PATH=${CMAKE_PREFIX_PATH}:/opt/ros/rolling:/home/jons/ros2_ws/install/launch_testing_examples:/home/jons/ros2_ws/install/examples_rclpy_pointcloud_publisher:/home/jons/ros2_ws/install/examples_rclpy_minimal_subscriber:/home/jons/ros2_ws/install/examples_rclpy_minimal_service:/home/jons/ros2_ws/install/examples_rclpy_minimal_publisher:/home/jons/ros2_ws/install/examples_rclpy_minimal_client:/home/jons/ros2_ws/install/examples_rclpy_minimal_action_server:/home/jons/ros2_ws/install/examples_rclpy_minimal_action_client:/home/jons/ros2_ws/install/examples_rclpy_guard_conditions:/home/jons/ros2_ws/install/examples_rclpy_executors:/opt/ros/humble /usr/bin/cmake --build /home/jons/ros2_ws/build/examples_rclcpp_async_client -- -j2 -l2
[2.429s] [35m[1mConsolidate compiler generated dependencies of target client_main[0m
[2.495s] [100%] Built target client_main
[2.523s] Invoked command in '/home/jons/ros2_ws/build/examples_rclcpp_async_client' returned '0': CMAKE_PREFIX_PATH=${CMAKE_PREFIX_PATH}:/opt/ros/rolling:/home/jons/ros2_ws/install/launch_testing_examples:/home/jons/ros2_ws/install/examples_rclpy_pointcloud_publisher:/home/jons/ros2_ws/install/examples_rclpy_minimal_subscriber:/home/jons/ros2_ws/install/examples_rclpy_minimal_service:/home/jons/ros2_ws/install/examples_rclpy_minimal_publisher:/home/jons/ros2_ws/install/examples_rclpy_minimal_client:/home/jons/ros2_ws/install/examples_rclpy_minimal_action_server:/home/jons/ros2_ws/install/examples_rclpy_minimal_action_client:/home/jons/ros2_ws/install/examples_rclpy_guard_conditions:/home/jons/ros2_ws/install/examples_rclpy_executors:/opt/ros/humble /usr/bin/cmake --build /home/jons/ros2_ws/build/examples_rclcpp_async_client -- -j2 -l2
[2.666s] Invoking command in '/home/jons/ros2_ws/build/examples_rclcpp_async_client': CMAKE_PREFIX_PATH=${CMAKE_PREFIX_PATH}:/opt/ros/rolling:/home/jons/ros2_ws/install/launch_testing_examples:/home/jons/ros2_ws/install/examples_rclpy_pointcloud_publisher:/home/jons/ros2_ws/install/examples_rclpy_minimal_subscriber:/home/jons/ros2_ws/install/examples_rclpy_minimal_service:/home/jons/ros2_ws/install/examples_rclpy_minimal_publisher:/home/jons/ros2_ws/install/examples_rclpy_minimal_client:/home/jons/ros2_ws/install/examples_rclpy_minimal_action_server:/home/jons/ros2_ws/install/examples_rclpy_minimal_action_client:/home/jons/ros2_ws/install/examples_rclpy_guard_conditions:/home/jons/ros2_ws/install/examples_rclpy_executors:/opt/ros/humble /usr/bin/cmake --install /home/jons/ros2_ws/build/examples_rclcpp_async_client
[2.687s] -- Install configuration: ""
[2.689s] -- Execute custom install script
[2.690s] -- Up-to-date symlink: /home/jons/ros2_ws/install/examples_rclcpp_async_client/lib/examples_rclcpp_async_client/client_main
[2.692s] -- Up-to-date symlink: /home/jons/ros2_ws/install/examples_rclcpp_async_client/share/ament_index/resource_index/package_run_dependencies/examples_rclcpp_async_client
[2.693s] -- Up-to-date symlink: /home/jons/ros2_ws/install/examples_rclcpp_async_client/share/ament_index/resource_index/parent_prefix_path/examples_rclcpp_async_client
[2.694s] -- Up-to-date symlink: /home/jons/ros2_ws/install/examples_rclcpp_async_client/share/examples_rclcpp_async_client/environment/ament_prefix_path.sh
[2.695s] -- Up-to-date symlink: /home/jons/ros2_ws/install/examples_rclcpp_async_client/share/examples_rclcpp_async_client/environment/ament_prefix_path.dsv
[2.696s] -- Up-to-date symlink: /home/jons/ros2_ws/install/examples_rclcpp_async_client/share/examples_rclcpp_async_client/environment/path.sh
[2.697s] -- Up-to-date symlink: /home/jons/ros2_ws/install/examples_rclcpp_async_client/share/examples_rclcpp_async_client/environment/path.dsv
[2.698s] -- Up-to-date symlink: /home/jons/ros2_ws/install/examples_rclcpp_async_client/share/examples_rclcpp_async_client/local_setup.bash
[2.699s] -- Up-to-date symlink: /home/jons/ros2_ws/install/examples_rclcpp_async_client/share/examples_rclcpp_async_client/local_setup.sh
[2.700s] -- Up-to-date symlink: /home/jons/ros2_ws/install/examples_rclcpp_async_client/share/examples_rclcpp_async_client/local_setup.zsh
[2.700s] -- Up-to-date symlink: /home/jons/ros2_ws/install/examples_rclcpp_async_client/share/examples_rclcpp_async_client/local_setup.dsv
[2.701s] -- Symlinking: /home/jons/ros2_ws/install/examples_rclcpp_async_client/share/examples_rclcpp_async_client/package.dsv
[2.729s] -- Up-to-date symlink: /home/jons/ros2_ws/install/examples_rclcpp_async_client/share/ament_index/resource_index/packages/examples_rclcpp_async_client
[2.730s] -- Up-to-date symlink: /home/jons/ros2_ws/install/examples_rclcpp_async_client/share/examples_rclcpp_async_client/cmake/examples_rclcpp_async_clientConfig.cmake
[2.731s] -- Up-to-date symlink: /home/jons/ros2_ws/install/examples_rclcpp_async_client/share/examples_rclcpp_async_client/cmake/examples_rclcpp_async_clientConfig-version.cmake
[2.733s] -- Up-to-date symlink: /home/jons/ros2_ws/install/examples_rclcpp_async_client/share/examples_rclcpp_async_client/package.xml
[2.740s] Invoked command in '/home/jons/ros2_ws/build/examples_rclcpp_async_client' returned '0': CMAKE_PREFIX_PATH=${CMAKE_PREFIX_PATH}:/opt/ros/rolling:/home/jons/ros2_ws/install/launch_testing_examples:/home/jons/ros2_ws/install/examples_rclpy_pointcloud_publisher:/home/jons/ros2_ws/install/examples_rclpy_minimal_subscriber:/home/jons/ros2_ws/install/examples_rclpy_minimal_service:/home/jons/ros2_ws/install/examples_rclpy_minimal_publisher:/home/jons/ros2_ws/install/examples_rclpy_minimal_client:/home/jons/ros2_ws/install/examples_rclpy_minimal_action_server:/home/jons/ros2_ws/install/examples_rclpy_minimal_action_client:/home/jons/ros2_ws/install/examples_rclpy_guard_conditions:/home/jons/ros2_ws/install/examples_rclpy_executors:/opt/ros/humble /usr/bin/cmake --install /home/jons/ros2_ws/build/examples_rclcpp_async_client
