[0.037s] Invoking command in '/home/jons/ros2_ws/build/examples_rclcpp_async_client': CMAKE_PREFIX_PATH=/opt/ros/humble /usr/bin/cmake /home/jons/ros2_ws/src/examples/rclcpp/services/async_client -DAMENT_CMAKE_SYMLINK_INSTALL=1 -DCMAKE_INSTALL_PREFIX=/home/jons/ros2_ws/install/examples_rclcpp_async_client
[0.488s] -- The C compiler identification is GNU 11.2.0
[0.821s] -- The CXX compiler identification is GNU 11.2.0
[0.858s] -- Detecting C compiler ABI info
[1.059s] -- Detecting C compiler ABI info - done
[1.069s] -- Check for working C compiler: /usr/bin/cc - skipped
[1.078s] -- Detecting C compile features
[1.079s] -- Detecting C compile features - done
[1.088s] -- Detecting CXX compiler ABI info
[1.309s] -- Detecting CXX compiler ABI info - done
[1.320s] -- Check for working CXX compiler: /usr/bin/c++ - skipped
[1.320s] -- Detecting CXX compile features
[1.322s] -- Detecting CXX compile features - done
[1.353s] -- Found ament_cmake: 1.3.2 (/opt/ros/humble/share/ament_cmake/cmake)
[1.773s] -- Found Python3: /usr/bin/python3.10 (found version "3.10.4") found components: Interpreter 
[1.915s] -- Override CMake install command with custom implementation using symlinks instead of copying resources
[2.023s] -- Found example_interfaces: 0.9.3 (/opt/ros/humble/share/example_interfaces/cmake)
[2.154s] -- Found rosidl_generator_c: 3.1.3 (/opt/ros/humble/share/rosidl_generator_c/cmake)
[2.175s] -- Found rosidl_adapter: 3.1.3 (/opt/ros/humble/share/rosidl_adapter/cmake)
[2.210s] -- Found rosidl_generator_cpp: 3.1.3 (/opt/ros/humble/share/rosidl_generator_cpp/cmake)
[2.262s] -- Using all available rosidl_typesupport_c: rosidl_typesupport_fastrtps_c;rosidl_typesupport_introspection_c
[2.327s] -- Using all available rosidl_typesupport_cpp: rosidl_typesupport_fastrtps_cpp;rosidl_typesupport_introspection_cpp
[2.717s] -- Found rclcpp: 16.0.1 (/opt/ros/humble/share/rclcpp/cmake)
[2.843s] -- Found rmw_implementation_cmake: 6.1.0 (/opt/ros/humble/share/rmw_implementation_cmake/cmake)
[2.850s] -- Found rmw_fastrtps_cpp: 6.2.1 (/opt/ros/humble/share/rmw_fastrtps_cpp/cmake)
[3.091s] -- Found OpenSSL: /usr/lib/x86_64-linux-gnu/libcrypto.so (found version "3.0.2")  
[3.138s] -- Found FastRTPS: /opt/ros/humble/include  
[3.245s] -- Using RMW implementation 'rmw_fastrtps_cpp' as default
[3.627s] -- Found ament_lint_auto: 0.12.4 (/opt/ros/humble/share/ament_lint_auto/cmake)
[3.849s] -- Added test 'copyright' to check source files copyright and LICENSE
[3.852s] -- Added test 'cppcheck' to perform static code analysis on C / C++ code
[3.853s] -- Configured cppcheck include dirs: 
[3.854s] -- Configured cppcheck exclude dirs and/or files: 
[3.857s] -- Added test 'cpplint' to check C / C++ code against the Google style
[3.857s] -- Configured cpplint exclude dirs and/or files: 
[3.860s] -- Added test 'lint_cmake' to check CMake code style
[3.864s] -- Added test 'uncrustify' to check C / C++ code style
[3.866s] -- Configured uncrustify additional arguments: 
[3.869s] -- Added test 'xmllint' to check XML markup files
[3.876s] -- Configuring done
[3.921s] -- Generating done
[3.934s] -- Build files have been written to: /home/jons/ros2_ws/build/examples_rclcpp_async_client
[3.993s] Invoked command in '/home/jons/ros2_ws/build/examples_rclcpp_async_client' returned '0': CMAKE_PREFIX_PATH=/opt/ros/humble /usr/bin/cmake /home/jons/ros2_ws/src/examples/rclcpp/services/async_client -DAMENT_CMAKE_SYMLINK_INSTALL=1 -DCMAKE_INSTALL_PREFIX=/home/jons/ros2_ws/install/examples_rclcpp_async_client
[4.002s] Invoking command in '/home/jons/ros2_ws/build/examples_rclcpp_async_client': CMAKE_PREFIX_PATH=/opt/ros/humble /usr/bin/cmake --build /home/jons/ros2_ws/build/examples_rclcpp_async_client -- -j2 -l2
[4.232s] [ 50%] [32mBuilding CXX object CMakeFiles/client_main.dir/main.cpp.o[0m
[22.346s] [100%] [32m[1mLinking CXX executable client_main[0m
[22.958s] [100%] Built target client_main
[23.002s] Invoked command in '/home/jons/ros2_ws/build/examples_rclcpp_async_client' returned '0': CMAKE_PREFIX_PATH=/opt/ros/humble /usr/bin/cmake --build /home/jons/ros2_ws/build/examples_rclcpp_async_client -- -j2 -l2
[23.290s] Invoking command in '/home/jons/ros2_ws/build/examples_rclcpp_async_client': CMAKE_PREFIX_PATH=/opt/ros/humble /usr/bin/cmake --install /home/jons/ros2_ws/build/examples_rclcpp_async_client
[23.321s] -- Install configuration: ""
[23.322s] -- Execute custom install script
[23.323s] -- Symlinking: /home/jons/ros2_ws/install/examples_rclcpp_async_client/lib/examples_rclcpp_async_client/client_main
[23.359s] -- Symlinking: /home/jons/ros2_ws/install/examples_rclcpp_async_client/share/ament_index/resource_index/package_run_dependencies/examples_rclcpp_async_client
[23.396s] -- Symlinking: /home/jons/ros2_ws/install/examples_rclcpp_async_client/share/ament_index/resource_index/parent_prefix_path/examples_rclcpp_async_client
[23.422s] -- Symlinking: /home/jons/ros2_ws/install/examples_rclcpp_async_client/share/examples_rclcpp_async_client/environment/ament_prefix_path.sh
[23.466s] -- Symlinking: /home/jons/ros2_ws/install/examples_rclcpp_async_client/share/examples_rclcpp_async_client/environment/ament_prefix_path.dsv
[23.502s] -- Symlinking: /home/jons/ros2_ws/install/examples_rclcpp_async_client/share/examples_rclcpp_async_client/environment/path.sh
[23.525s] -- Symlinking: /home/jons/ros2_ws/install/examples_rclcpp_async_client/share/examples_rclcpp_async_client/environment/path.dsv
[23.541s] -- Symlinking: /home/jons/ros2_ws/install/examples_rclcpp_async_client/share/examples_rclcpp_async_client/local_setup.bash
[23.560s] -- Symlinking: /home/jons/ros2_ws/install/examples_rclcpp_async_client/share/examples_rclcpp_async_client/local_setup.sh
[23.576s] -- Symlinking: /home/jons/ros2_ws/install/examples_rclcpp_async_client/share/examples_rclcpp_async_client/local_setup.zsh
[23.591s] -- Symlinking: /home/jons/ros2_ws/install/examples_rclcpp_async_client/share/examples_rclcpp_async_client/local_setup.dsv
[23.606s] -- Symlinking: /home/jons/ros2_ws/install/examples_rclcpp_async_client/share/examples_rclcpp_async_client/package.dsv
[23.622s] -- Symlinking: /home/jons/ros2_ws/install/examples_rclcpp_async_client/share/ament_index/resource_index/packages/examples_rclcpp_async_client
[23.643s] -- Symlinking: /home/jons/ros2_ws/install/examples_rclcpp_async_client/share/examples_rclcpp_async_client/cmake/examples_rclcpp_async_clientConfig.cmake
[23.669s] -- Symlinking: /home/jons/ros2_ws/install/examples_rclcpp_async_client/share/examples_rclcpp_async_client/cmake/examples_rclcpp_async_clientConfig-version.cmake
[23.690s] -- Symlinking: /home/jons/ros2_ws/install/examples_rclcpp_async_client/share/examples_rclcpp_async_client/package.xml
[23.713s] Invoked command in '/home/jons/ros2_ws/build/examples_rclcpp_async_client' returned '0': CMAKE_PREFIX_PATH=/opt/ros/humble /usr/bin/cmake --install /home/jons/ros2_ws/build/examples_rclcpp_async_client
