[0.048s] Invoking command in '/home/jons/ros2_ws/build/examples_rclcpp_minimal_composition': CMAKE_PREFIX_PATH=${CMAKE_PREFIX_PATH}:/opt/ros/rolling:/home/jons/ros2_ws/install/launch_testing_examples:/home/jons/ros2_ws/install/examples_rclpy_pointcloud_publisher:/home/jons/ros2_ws/install/examples_rclpy_minimal_subscriber:/home/jons/ros2_ws/install/examples_rclpy_minimal_service:/home/jons/ros2_ws/install/examples_rclpy_minimal_publisher:/home/jons/ros2_ws/install/examples_rclpy_minimal_client:/home/jons/ros2_ws/install/examples_rclpy_minimal_action_server:/home/jons/ros2_ws/install/examples_rclpy_minimal_action_client:/home/jons/ros2_ws/install/examples_rclpy_guard_conditions:/home/jons/ros2_ws/install/examples_rclpy_executors:/opt/ros/humble /usr/bin/cmake /home/jons/ros2_ws/src/examples/rclcpp/composition/minimal_composition -DCMAKE_INSTALL_PREFIX=/home/jons/ros2_ws/install/examples_rclcpp_minimal_composition
[0.101s] -- Found ament_cmake: 1.3.2 (/opt/ros/humble/share/ament_cmake/cmake)
[0.511s] -- Override CMake install command with custom implementation using symlinks instead of copying resources
[0.530s] -- Found rclcpp: 16.0.1 (/opt/ros/humble/share/rclcpp/cmake)
[0.610s] -- Found rosidl_generator_c: 3.1.3 (/opt/ros/humble/share/rosidl_generator_c/cmake)
[0.615s] -- Found rosidl_adapter: 3.1.3 (/opt/ros/humble/share/rosidl_adapter/cmake)
[0.628s] -- Found rosidl_generator_cpp: 3.1.3 (/opt/ros/humble/share/rosidl_generator_cpp/cmake)
[0.655s] -- Using all available rosidl_typesupport_c: rosidl_typesupport_fastrtps_c;rosidl_typesupport_introspection_c
[0.694s] -- Using all available rosidl_typesupport_cpp: rosidl_typesupport_fastrtps_cpp;rosidl_typesupport_introspection_cpp
[0.844s] -- Found rmw_implementation_cmake: 6.1.0 (/opt/ros/humble/share/rmw_implementation_cmake/cmake)
[0.851s] -- Found rmw_fastrtps_cpp: 6.2.1 (/opt/ros/humble/share/rmw_fastrtps_cpp/cmake)
[1.195s] -- Using RMW implementation 'rmw_fastrtps_cpp' as default
[1.506s] -- Found rclcpp_components: 16.0.1 (/opt/ros/humble/share/rclcpp_components/cmake)
[1.604s] -- Found ament_lint_auto: 0.12.4 (/opt/ros/humble/share/ament_lint_auto/cmake)
[1.754s] -- Added test 'copyright' to check source files copyright and LICENSE
[1.760s] -- Added test 'cppcheck' to perform static code analysis on C / C++ code
[1.761s] -- Configured cppcheck include dirs: /home/jons/ros2_ws/src/examples/rclcpp/composition/minimal_composition/include
[1.761s] -- Configured cppcheck exclude dirs and/or files: 
[1.767s] -- Added test 'cpplint' to check C / C++ code against the Google style
[1.767s] -- Configured cpplint exclude dirs and/or files: 
[1.770s] -- Added test 'lint_cmake' to check CMake code style
[1.774s] -- Added test 'uncrustify' to check C / C++ code style
[1.774s] -- Configured uncrustify additional arguments: 
[1.775s] -- Added test 'xmllint' to check XML markup files
[1.778s] -- Configuring done
[1.832s] -- Generating done
[1.837s] -- Build files have been written to: /home/jons/ros2_ws/build/examples_rclcpp_minimal_composition
[1.851s] Invoked command in '/home/jons/ros2_ws/build/examples_rclcpp_minimal_composition' returned '0': CMAKE_PREFIX_PATH=${CMAKE_PREFIX_PATH}:/opt/ros/rolling:/home/jons/ros2_ws/install/launch_testing_examples:/home/jons/ros2_ws/install/examples_rclpy_pointcloud_publisher:/home/jons/ros2_ws/install/examples_rclpy_minimal_subscriber:/home/jons/ros2_ws/install/examples_rclpy_minimal_service:/home/jons/ros2_ws/install/examples_rclpy_minimal_publisher:/home/jons/ros2_ws/install/examples_rclpy_minimal_client:/home/jons/ros2_ws/install/examples_rclpy_minimal_action_server:/home/jons/ros2_ws/install/examples_rclpy_minimal_action_client:/home/jons/ros2_ws/install/examples_rclpy_guard_conditions:/home/jons/ros2_ws/install/examples_rclpy_executors:/opt/ros/humble /usr/bin/cmake /home/jons/ros2_ws/src/examples/rclcpp/composition/minimal_composition -DCMAKE_INSTALL_PREFIX=/home/jons/ros2_ws/install/examples_rclcpp_minimal_composition
[1.854s] Invoking command in '/home/jons/ros2_ws/build/examples_rclcpp_minimal_composition': CMAKE_PREFIX_PATH=${CMAKE_PREFIX_PATH}:/opt/ros/rolling:/home/jons/ros2_ws/install/launch_testing_examples:/home/jons/ros2_ws/install/examples_rclpy_pointcloud_publisher:/home/jons/ros2_ws/install/examples_rclpy_minimal_subscriber:/home/jons/ros2_ws/install/examples_rclpy_minimal_service:/home/jons/ros2_ws/install/examples_rclpy_minimal_publisher:/home/jons/ros2_ws/install/examples_rclpy_minimal_client:/home/jons/ros2_ws/install/examples_rclpy_minimal_action_server:/home/jons/ros2_ws/install/examples_rclpy_minimal_action_client:/home/jons/ros2_ws/install/examples_rclpy_guard_conditions:/home/jons/ros2_ws/install/examples_rclpy_executors:/opt/ros/humble /usr/bin/cmake --build /home/jons/ros2_ws/build/examples_rclcpp_minimal_composition -- -j2 -l2
[1.954s] [35m[1mConsolidate compiler generated dependencies of target composition_nodes[0m
[2.019s] [ 33%] Built target composition_nodes
[2.056s] [35m[1mConsolidate compiler generated dependencies of target composition_publisher[0m
[2.060s] [35m[1mConsolidate compiler generated dependencies of target composition_subscriber[0m
[2.154s] [ 55%] Built target composition_publisher
[2.162s] [ 77%] Built target composition_subscriber
[2.192s] [35m[1mConsolidate compiler generated dependencies of target composition_composed[0m
[2.243s] [100%] Built target composition_composed
[2.279s] Invoked command in '/home/jons/ros2_ws/build/examples_rclcpp_minimal_composition' returned '0': CMAKE_PREFIX_PATH=${CMAKE_PREFIX_PATH}:/opt/ros/rolling:/home/jons/ros2_ws/install/launch_testing_examples:/home/jons/ros2_ws/install/examples_rclpy_pointcloud_publisher:/home/jons/ros2_ws/install/examples_rclpy_minimal_subscriber:/home/jons/ros2_ws/install/examples_rclpy_minimal_service:/home/jons/ros2_ws/install/examples_rclpy_minimal_publisher:/home/jons/ros2_ws/install/examples_rclpy_minimal_client:/home/jons/ros2_ws/install/examples_rclpy_minimal_action_server:/home/jons/ros2_ws/install/examples_rclpy_minimal_action_client:/home/jons/ros2_ws/install/examples_rclpy_guard_conditions:/home/jons/ros2_ws/install/examples_rclpy_executors:/opt/ros/humble /usr/bin/cmake --build /home/jons/ros2_ws/build/examples_rclcpp_minimal_composition -- -j2 -l2
[2.431s] Invoking command in '/home/jons/ros2_ws/build/examples_rclcpp_minimal_composition': CMAKE_PREFIX_PATH=${CMAKE_PREFIX_PATH}:/opt/ros/rolling:/home/jons/ros2_ws/install/launch_testing_examples:/home/jons/ros2_ws/install/examples_rclpy_pointcloud_publisher:/home/jons/ros2_ws/install/examples_rclpy_minimal_subscriber:/home/jons/ros2_ws/install/examples_rclpy_minimal_service:/home/jons/ros2_ws/install/examples_rclpy_minimal_publisher:/home/jons/ros2_ws/install/examples_rclpy_minimal_client:/home/jons/ros2_ws/install/examples_rclpy_minimal_action_server:/home/jons/ros2_ws/install/examples_rclpy_minimal_action_client:/home/jons/ros2_ws/install/examples_rclpy_guard_conditions:/home/jons/ros2_ws/install/examples_rclpy_executors:/opt/ros/humble /usr/bin/cmake --install /home/jons/ros2_ws/build/examples_rclcpp_minimal_composition
[2.449s] -- Install configuration: ""
[2.450s] -- Execute custom install script
[2.451s] -- Symlinking: /home/jons/ros2_ws/install/examples_rclcpp_minimal_composition/share/examples_rclcpp_minimal_composition/environment/library_path.sh
[2.473s] -- Up-to-date symlink: /home/jons/ros2_ws/install/examples_rclcpp_minimal_composition/share/examples_rclcpp_minimal_composition/environment/library_path.dsv
[2.474s] -- Up-to-date symlink: /home/jons/ros2_ws/install/examples_rclcpp_minimal_composition/lib/libcomposition_nodes.so
[2.474s] -- Up-to-date symlink: /home/jons/ros2_ws/install/examples_rclcpp_minimal_composition/lib/examples_rclcpp_minimal_composition/composition_publisher
[2.474s] -- Up-to-date symlink: /home/jons/ros2_ws/install/examples_rclcpp_minimal_composition/lib/examples_rclcpp_minimal_composition/composition_subscriber
[2.474s] -- Up-to-date symlink: /home/jons/ros2_ws/install/examples_rclcpp_minimal_composition/lib/examples_rclcpp_minimal_composition/composition_composed
[2.475s] -- Up-to-date symlink: /home/jons/ros2_ws/install/examples_rclcpp_minimal_composition/share/ament_index/resource_index/package_run_dependencies/examples_rclcpp_minimal_composition
[2.476s] -- Up-to-date symlink: /home/jons/ros2_ws/install/examples_rclcpp_minimal_composition/share/ament_index/resource_index/parent_prefix_path/examples_rclcpp_minimal_composition
[2.476s] -- Up-to-date symlink: /home/jons/ros2_ws/install/examples_rclcpp_minimal_composition/share/examples_rclcpp_minimal_composition/environment/ament_prefix_path.sh
[2.477s] -- Up-to-date symlink: /home/jons/ros2_ws/install/examples_rclcpp_minimal_composition/share/examples_rclcpp_minimal_composition/environment/ament_prefix_path.dsv
[2.478s] -- Up-to-date symlink: /home/jons/ros2_ws/install/examples_rclcpp_minimal_composition/share/examples_rclcpp_minimal_composition/environment/path.sh
[2.478s] -- Up-to-date symlink: /home/jons/ros2_ws/install/examples_rclcpp_minimal_composition/share/examples_rclcpp_minimal_composition/environment/path.dsv
[2.479s] -- Up-to-date symlink: /home/jons/ros2_ws/install/examples_rclcpp_minimal_composition/share/examples_rclcpp_minimal_composition/local_setup.bash
[2.479s] -- Up-to-date symlink: /home/jons/ros2_ws/install/examples_rclcpp_minimal_composition/share/examples_rclcpp_minimal_composition/local_setup.sh
[2.480s] -- Up-to-date symlink: /home/jons/ros2_ws/install/examples_rclcpp_minimal_composition/share/examples_rclcpp_minimal_composition/local_setup.zsh
[2.481s] -- Up-to-date symlink: /home/jons/ros2_ws/install/examples_rclcpp_minimal_composition/share/examples_rclcpp_minimal_composition/local_setup.dsv
[2.481s] -- Symlinking: /home/jons/ros2_ws/install/examples_rclcpp_minimal_composition/share/examples_rclcpp_minimal_composition/package.dsv
[2.502s] -- Up-to-date symlink: /home/jons/ros2_ws/install/examples_rclcpp_minimal_composition/share/ament_index/resource_index/packages/examples_rclcpp_minimal_composition
[2.502s] -- Up-to-date symlink: /home/jons/ros2_ws/install/examples_rclcpp_minimal_composition/share/examples_rclcpp_minimal_composition/cmake/examples_rclcpp_minimal_compositionConfig.cmake
[2.502s] -- Up-to-date symlink: /home/jons/ros2_ws/install/examples_rclcpp_minimal_composition/share/examples_rclcpp_minimal_composition/cmake/examples_rclcpp_minimal_compositionConfig-version.cmake
[2.504s] -- Up-to-date symlink: /home/jons/ros2_ws/install/examples_rclcpp_minimal_composition/share/examples_rclcpp_minimal_composition/package.xml
[2.510s] Invoked command in '/home/jons/ros2_ws/build/examples_rclcpp_minimal_composition' returned '0': CMAKE_PREFIX_PATH=${CMAKE_PREFIX_PATH}:/opt/ros/rolling:/home/jons/ros2_ws/install/launch_testing_examples:/home/jons/ros2_ws/install/examples_rclpy_pointcloud_publisher:/home/jons/ros2_ws/install/examples_rclpy_minimal_subscriber:/home/jons/ros2_ws/install/examples_rclpy_minimal_service:/home/jons/ros2_ws/install/examples_rclpy_minimal_publisher:/home/jons/ros2_ws/install/examples_rclpy_minimal_client:/home/jons/ros2_ws/install/examples_rclpy_minimal_action_server:/home/jons/ros2_ws/install/examples_rclpy_minimal_action_client:/home/jons/ros2_ws/install/examples_rclpy_guard_conditions:/home/jons/ros2_ws/install/examples_rclpy_executors:/opt/ros/humble /usr/bin/cmake --install /home/jons/ros2_ws/build/examples_rclcpp_minimal_composition
