[1.317s] Invoking command in '/home/jons/launch_tutorial': PYTHONPATH=/home/jons/launch_tutorial/install/launch_tutorial/lib/python3.10/site-packages:${PYTHONPATH} /usr/bin/python3 setup.py egg_info --egg-base build/launch_tutorial build --build-base /home/jons/launch_tutorial/build/launch_tutorial/build install --prefix /home/jons/launch_tutorial/install/launch_tutorial --record /home/jons/launch_tutorial/build/launch_tutorial/install.log --single-version-externally-managed
[1.891s] running egg_info
[1.892s] writing build/launch_tutorial/launch_tutorial.egg-info/PKG-INFO
[1.893s] writing dependency_links to build/launch_tutorial/launch_tutorial.egg-info/dependency_links.txt
[1.895s] writing entry points to build/launch_tutorial/launch_tutorial.egg-info/entry_points.txt
[1.895s] writing requirements to build/launch_tutorial/launch_tutorial.egg-info/requires.txt
[1.896s] writing top-level names to build/launch_tutorial/launch_tutorial.egg-info/top_level.txt
[1.899s] reading manifest file 'build/launch_tutorial/launch_tutorial.egg-info/SOURCES.txt'
[1.901s] writing manifest file 'build/launch_tutorial/launch_tutorial.egg-info/SOURCES.txt'
[1.902s] running build
[1.903s] running build_py
[1.904s] running install
[1.904s] /usr/lib/python3/dist-packages/setuptools/command/install.py:34: SetuptoolsDeprecationWarning: setup.py install is deprecated. Use build and pip and other standards-based tools.
[1.905s]   warnings.warn(
[1.905s] running install_lib
[1.907s] running install_data
[1.909s] copying launch/broadcaster_listener.launch.py -> /home/jons/launch_tutorial/install/launch_tutorial/share/launch_tutorial
[1.910s] copying launch/broadcaster_listener.launch.py -> /home/jons/launch_tutorial/install/launch_tutorial/share/launch_tutorial/launch
[1.911s] copying launch/launch_turtlesim.launch.py -> /home/jons/launch_tutorial/install/launch_tutorial/share/launch_tutorial/launch
[1.912s] running install_egg_info
[1.917s] removing '/home/jons/launch_tutorial/install/launch_tutorial/lib/python3.10/site-packages/launch_tutorial-0.0.0-py3.10.egg-info' (and everything under it)
[1.918s] Copying build/launch_tutorial/launch_tutorial.egg-info to /home/jons/launch_tutorial/install/launch_tutorial/lib/python3.10/site-packages/launch_tutorial-0.0.0-py3.10.egg-info
[1.920s] running install_scripts
[1.960s] writing list of installed files to '/home/jons/launch_tutorial/build/launch_tutorial/install.log'
[1.992s] Invoked command in '/home/jons/launch_tutorial' returned '0': PYTHONPATH=/home/jons/launch_tutorial/install/launch_tutorial/lib/python3.10/site-packages:${PYTHONPATH} /usr/bin/python3 setup.py egg_info --egg-base build/launch_tutorial build --build-base /home/jons/launch_tutorial/build/launch_tutorial/build install --prefix /home/jons/launch_tutorial/install/launch_tutorial --record /home/jons/launch_tutorial/build/launch_tutorial/install.log --single-version-externally-managed
