[0.024s] Invoking command in '/home/jons/ros2_ws/build/examples_rclcpp_async_client': CMAKE_PREFIX_PATH=/opt/ros/humble /usr/bin/cmake --build /home/jons/ros2_ws/build/examples_rclcpp_async_client -- -j2 -l2
[0.142s] [100%] Built target client_main
[0.164s] Invoked command in '/home/jons/ros2_ws/build/examples_rclcpp_async_client' returned '0': CMAKE_PREFIX_PATH=/opt/ros/humble /usr/bin/cmake --build /home/jons/ros2_ws/build/examples_rclcpp_async_client -- -j2 -l2
[0.249s] Invoking command in '/home/jons/ros2_ws/build/examples_rclcpp_async_client': CMAKE_PREFIX_PATH=/opt/ros/humble /usr/bin/cmake --install /home/jons/ros2_ws/build/examples_rclcpp_async_client
[0.266s] -- Install configuration: ""
[0.269s] -- Execute custom install script
[0.270s] -- Up-to-date symlink: /home/jons/ros2_ws/install/examples_rclcpp_async_client/lib/examples_rclcpp_async_client/client_main
[0.272s] -- Up-to-date symlink: /home/jons/ros2_ws/install/examples_rclcpp_async_client/share/ament_index/resource_index/package_run_dependencies/examples_rclcpp_async_client
[0.272s] -- Up-to-date symlink: /home/jons/ros2_ws/install/examples_rclcpp_async_client/share/ament_index/resource_index/parent_prefix_path/examples_rclcpp_async_client
[0.273s] -- Up-to-date symlink: /home/jons/ros2_ws/install/examples_rclcpp_async_client/share/examples_rclcpp_async_client/environment/ament_prefix_path.sh
[0.273s] -- Up-to-date symlink: /home/jons/ros2_ws/install/examples_rclcpp_async_client/share/examples_rclcpp_async_client/environment/ament_prefix_path.dsv
[0.274s] -- Up-to-date symlink: /home/jons/ros2_ws/install/examples_rclcpp_async_client/share/examples_rclcpp_async_client/environment/path.sh
[0.275s] -- Up-to-date symlink: /home/jons/ros2_ws/install/examples_rclcpp_async_client/share/examples_rclcpp_async_client/environment/path.dsv
[0.275s] -- Up-to-date symlink: /home/jons/ros2_ws/install/examples_rclcpp_async_client/share/examples_rclcpp_async_client/local_setup.bash
[0.276s] -- Up-to-date symlink: /home/jons/ros2_ws/install/examples_rclcpp_async_client/share/examples_rclcpp_async_client/local_setup.sh
[0.276s] -- Up-to-date symlink: /home/jons/ros2_ws/install/examples_rclcpp_async_client/share/examples_rclcpp_async_client/local_setup.zsh
[0.277s] -- Up-to-date symlink: /home/jons/ros2_ws/install/examples_rclcpp_async_client/share/examples_rclcpp_async_client/local_setup.dsv
[0.278s] -- Symlinking: /home/jons/ros2_ws/install/examples_rclcpp_async_client/share/examples_rclcpp_async_client/package.dsv
[0.301s] -- Up-to-date symlink: /home/jons/ros2_ws/install/examples_rclcpp_async_client/share/ament_index/resource_index/packages/examples_rclcpp_async_client
[0.301s] -- Up-to-date symlink: /home/jons/ros2_ws/install/examples_rclcpp_async_client/share/examples_rclcpp_async_client/cmake/examples_rclcpp_async_clientConfig.cmake
[0.301s] -- Up-to-date symlink: /home/jons/ros2_ws/install/examples_rclcpp_async_client/share/examples_rclcpp_async_client/cmake/examples_rclcpp_async_clientConfig-version.cmake
[0.301s] -- Up-to-date symlink: /home/jons/ros2_ws/install/examples_rclcpp_async_client/share/examples_rclcpp_async_client/package.xml
[0.308s] Invoked command in '/home/jons/ros2_ws/build/examples_rclcpp_async_client' returned '0': CMAKE_PREFIX_PATH=/opt/ros/humble /usr/bin/cmake --install /home/jons/ros2_ws/build/examples_rclcpp_async_client
